{'issuenumber': 1854, 'title': 'Can I get a call stack for a variable? ', 'state': 'closed', 'created_at': '2022-04-29T08:09:12Z', 'closed_at': '2022-05-01T10:32:44Z', 'labels': []}
{'issuenumber': 1853, 'title': 'Windows fatal exception: stack overflow', 'state': 'closed', 'created_at': '2022-04-20T03:58:18Z', 'closed_at': '2022-04-20T06:16:47Z', 'labels': []}
{'issuenumber': 1852, 'title': 'function chain calls', 'state': 'closed', 'created_at': '2022-04-20T03:08:09Z', 'closed_at': '2022-04-20T06:49:58Z', 'labels': []}
{'issuenumber': 1849, 'title': 'jedi import module twice', 'state': 'closed', 'created_at': '2022-04-08T07:14:57Z', 'closed_at': '2022-04-08T13:00:19Z', 'labels': []}
{'issuenumber': 1845, 'title': 'Injection of dynamic members', 'state': 'closed', 'created_at': '2022-03-23T15:41:10Z', 'closed_at': '2022-03-23T22:36:49Z', 'labels': []}
{'issuenumber': 1844, 'title': 'Is jedi affected by OpenSSL vulnerability?', 'state': 'closed', 'created_at': '2022-03-21T09:57:29Z', 'closed_at': '2022-03-21T16:59:44Z', 'labels': []}
{'issuenumber': 1842, 'title': 'pickle.load hole', 'state': 'closed', 'created_at': '2022-03-14T02:07:36Z', 'closed_at': '2022-03-15T17:32:52Z', 'labels': []}
{'issuenumber': 1838, 'title': 'Question: about Jedi magical definition', 'state': 'closed', 'created_at': '2022-02-21T18:38:56Z', 'closed_at': '2022-02-21T21:55:47Z', 'labels': []}
{'issuenumber': 1831, 'title': 'Rename no longer working', 'state': 'closed', 'created_at': '2022-01-10T11:25:53Z', 'closed_at': '2022-01-10T19:13:57Z', 'labels': []}
{'issuenumber': 1829, 'title': 'Go to definition with `auto_import_modules` seems not working correctly in version `0.18.1`', 'state': 'closed', 'created_at': '2022-01-02T09:52:39Z', 'closed_at': '2022-01-02T14:17:46Z', 'labels': []}
{'issuenumber': 1825, 'title': 'Getting error on completions', 'state': 'closed', 'created_at': '2021-12-12T09:15:15Z', 'closed_at': '2021-12-13T01:10:04Z', 'labels': []}
{'issuenumber': 1824, 'title': 'test_completion[lambdas:112]: returns list() instead of int()', 'state': 'closed', 'created_at': '2021-12-10T21:32:09Z', 'closed_at': '2021-12-13T01:05:57Z', 'labels': []}
{'issuenumber': 1823, 'title': 'pip install jedi fails with ERROR: No matching distribution found for jedi', 'state': 'closed', 'created_at': '2021-12-07T08:54:28Z', 'closed_at': '2021-12-10T10:32:53Z', 'labels': []}
{'issuenumber': 1818, 'title': 'No completions for asynccontextmanager', 'state': 'closed', 'created_at': '2021-11-13T00:13:17Z', 'closed_at': '2021-11-17T00:37:44Z', 'labels': {'name': 'bug'}}
{'issuenumber': 1816, 'title': 'Bugfix/Python 3.10 compatible release date', 'state': 'closed', 'created_at': '2021-11-09T01:35:51Z', 'closed_at': '2021-11-17T00:48:32Z', 'labels': {'name': 'next_release'}}
{'issuenumber': 1817, 'title': 'autocompletion shows signature, but no docstring', 'state': 'closed', 'created_at': '2021-11-08T11:30:49Z', 'closed_at': '2021-11-16T20:28:06Z', 'labels': []}
{'issuenumber': 1815, 'title': 'Limit completion to variables that contain only the corresponding enumeration type.', 'state': 'closed', 'created_at': '2021-11-01T01:53:00Z', 'closed_at': '2021-11-16T23:55:17Z', 'labels': {'name': 'discussion'}}
{'issuenumber': 1814, 'title': 'Exception - python 3.8.6 mac os catalina', 'state': 'closed', 'created_at': '2021-10-30T03:20:24Z', 'closed_at': '2021-10-31T02:32:21Z', 'labels': {'name': 'bug'}}
{'issuenumber': 1813, 'title': 'Increase the usage of augmented assignment statements', 'state': 'closed', 'created_at': '2021-10-29T15:36:36Z', 'closed_at': '2021-10-30T07:25:04Z', 'labels': []}
{'issuenumber': 1810, 'title': 'jedi does not work with python 3.9 embedded', 'state': 'closed', 'created_at': '2021-10-21T14:53:44Z', 'closed_at': '2021-10-24T00:25:43Z', 'labels': []}
{'issuenumber': 1809, 'title': "Can't override bundled stubs", 'state': 'closed', 'created_at': '2021-10-20T13:28:20Z', 'closed_at': '2021-11-05T15:07:49Z', 'labels': []}
{'issuenumber': 1808, 'title': 'Goto definition goes to stub files instead of actual definitions', 'state': 'closed', 'created_at': '2021-10-19T00:48:22Z', 'closed_at': '2021-10-19T20:07:32Z', 'labels': []}
{'issuenumber': 1804, 'title': 'cannot instantiate windowspath on cross-platform vim/python', 'state': 'closed', 'created_at': '2021-09-24T09:42:55Z', 'closed_at': '2021-09-24T18:12:48Z', 'labels': []}
{'issuenumber': 1803, 'title': 'In vscode, how to let jedi use python2 stdlib?', 'state': 'closed', 'created_at': '2021-09-13T16:26:47Z', 'closed_at': '2021-09-13T21:07:39Z', 'labels': []}
{'issuenumber': 1802, 'title': 'TypeError: __init__() takes from 1 to 2 positional arguments but 5 positional arguments (and 1 keyword-only argument) were given', 'state': 'closed', 'created_at': '2021-09-11T08:46:09Z', 'closed_at': '2021-09-13T08:05:57Z', 'labels': []}
{'issuenumber': 1801, 'title': 'No completion found for a contextmanager decorating a class method', 'state': 'closed', 'created_at': '2021-08-31T09:15:13Z', 'closed_at': '2021-12-13T01:05:55Z', 'labels': {'name': 'bug'}}
{'issuenumber': 1797, 'title': "Attempting to import Jedi in python 3.8 results in ImportError: cannot import name 'indent_block' from 'jedi.common'", 'state': 'closed', 'created_at': '2021-08-22T05:47:45Z', 'closed_at': '2021-08-22T08:19:21Z', 'labels': []}
{'issuenumber': 1792, 'title': 'Support for dynamically created classes / types - mention in docs under "Limitations"?', 'state': 'closed', 'created_at': '2021-07-22T20:49:38Z', 'closed_at': '2021-07-22T22:36:13Z', 'labels': []}
{'issuenumber': 1791, 'title': 'get_signature() for functools.wraps()-decorated function contains parameter list of undecorated function', 'state': 'closed', 'created_at': '2021-07-22T17:07:11Z', 'closed_at': '2021-07-25T11:43:00Z', 'labels': []}
{'issuenumber': 1789, 'title': '0.18.0: pytest is failing', 'state': 'closed', 'created_at': '2021-07-14T08:06:35Z', 'closed_at': '2021-07-14T08:16:42Z', 'labels': []}
{'issuenumber': 1788, 'title': '0.18.0: sphinx 4.0.3 warnings', 'state': 'closed', 'created_at': '2021-07-14T07:59:46Z', 'closed_at': '2021-07-14T08:17:37Z', 'labels': []}
{'issuenumber': 1787, 'title': 'Allow third party plugins', 'state': 'closed', 'created_at': '2021-07-07T10:43:52Z', 'closed_at': '2021-07-09T19:34:15Z', 'labels': []}
{'issuenumber': 1785, 'title': 'Integrate Black into CI', 'state': 'closed', 'created_at': '2021-07-03T17:44:00Z', 'closed_at': '2021-07-04T10:59:23Z', 'labels': []}
{'issuenumber': 1783, 'title': 'Keep existing recursion limit if >3000', 'state': 'closed', 'created_at': '2021-06-29T14:41:09Z', 'closed_at': '2021-06-30T08:38:27Z', 'labels': []}
{'issuenumber': 1782, 'title': 'pytest yield_fixture deprecated', 'state': 'closed', 'created_at': '2021-06-29T07:04:09Z', 'closed_at': '2021-08-25T10:39:12Z', 'labels': []}
{'issuenumber': 1781, 'title': 'Does not support methods for strings added in python3.9 ', 'state': 'closed', 'created_at': '2021-06-03T08:53:20Z', 'closed_at': '2021-06-05T12:03:53Z', 'labels': []}
{'issuenumber': 1777, 'title': 'Improper Syntax Validation - Jedi - SyntaxError: cannot delete starred - Python39/lib/logging/__init__.py - Line 1034', 'state': 'closed', 'created_at': '2021-05-07T04:19:08Z', 'closed_at': '2021-05-07T08:54:28Z', 'labels': []}
{'issuenumber': 1776, 'title': 'SyntaxError non-default argument follows default argument false negative', 'state': 'closed', 'created_at': '2021-05-06T10:49:15Z', 'closed_at': '2021-05-07T08:47:48Z', 'labels': []}
{'issuenumber': 1773, 'title': '`Script.help` returns `Name` of class instead of `Name` of `__init__`', 'state': 'closed', 'created_at': '2021-04-30T12:42:55Z', 'closed_at': '2021-11-16T23:42:09Z', 'labels': []}
{'issuenumber': 1771, 'title': 'Jedi is unable to complete import statements for zip-modules', 'state': 'closed', 'created_at': '2021-04-22T16:05:25Z', 'closed_at': '2021-04-29T21:56:14Z', 'labels': []}
{'issuenumber': 1770, 'title': "jedi#goto_definitions raise a AttributeError: 'str' object has on attribute 'exists'", 'state': 'closed', 'created_at': '2021-04-12T12:18:22Z', 'closed_at': '2021-04-14T19:11:38Z', 'labels': []}
{'issuenumber': 1769, 'title': 'Rename symbol not working with attributes in class operator implementation', 'state': 'closed', 'created_at': '2021-04-11T18:50:06Z', 'closed_at': '2021-04-14T19:19:29Z', 'labels': []}
{'issuenumber': 1768, 'title': 'in 0.18version the compele return no params in type of function,but in0.17.2 it has params ', 'state': 'closed', 'created_at': '2021-04-08T08:31:49Z', 'closed_at': '2021-04-08T16:59:57Z', 'labels': []}
{'issuenumber': 1767, 'title': 'Rename in list comprehensions and generators does not work as expected', 'state': 'closed', 'created_at': '2021-04-06T21:32:02Z', 'closed_at': '2021-04-06T21:41:03Z', 'labels': []}
{'issuenumber': 1766, 'title': 'in 0.18version the compele return no params in type of function,but in0.17.2 it has params', 'state': 'closed', 'created_at': '2021-04-06T09:31:05Z', 'closed_at': '2021-04-07T17:34:38Z', 'labels': []}
{'issuenumber': 1762, 'title': 'Package installation fails in some cases', 'state': 'closed', 'created_at': '2021-03-25T15:52:59Z', 'closed_at': '2021-03-25T20:37:45Z', 'labels': []}
{'issuenumber': 1761, 'title': 'Infer starts returning empty results unexpectedly', 'state': 'closed', 'created_at': '2021-03-23T11:13:01Z', 'closed_at': '2021-03-24T08:45:18Z', 'labels': []}
{'issuenumber': 1760, 'title': "AttributeError: type object 'Script' has no attribute 'goto_assignments'", 'state': 'closed', 'created_at': '2021-03-22T23:20:34Z', 'closed_at': '2021-03-23T22:43:47Z', 'labels': []}
{'issuenumber': 1759, 'title': 'Jedi only recognizes first of intersecting implicit namespace packages on PYTHONPATH', 'state': 'closed', 'created_at': '2021-03-22T21:58:13Z', 'closed_at': '2021-11-16T20:30:01Z', 'labels': {'name': 'bug'}}
{'issuenumber': 1758, 'title': 'Avoid "unsafe" __getattr__ on autocomplete', 'state': 'closed', 'created_at': '2021-03-19T12:21:32Z', 'closed_at': '2021-03-19T13:34:09Z', 'labels': []}
{'issuenumber': 1756, 'title': 'Suppport for python 3.10 alpha 6', 'state': 'closed', 'created_at': '2021-03-16T17:08:04Z', 'closed_at': '2021-03-16T22:44:15Z', 'labels': []}
{'issuenumber': 1755, 'title': 'TypeError: __import__() argument 1 must be str, not functools.partial', 'state': 'closed', 'created_at': '2021-02-26T03:30:56Z', 'closed_at': '2021-02-26T20:58:54Z', 'labels': []}
{'issuenumber': 1754, 'title': 'ValueError when prompted for PyQt5 completions', 'state': 'closed', 'created_at': '2021-02-23T13:09:06Z', 'closed_at': '2021-02-24T15:27:41Z', 'labels': []}
{'issuenumber': 1752, 'title': 'Completion types for class instance return statement', 'state': 'closed', 'created_at': '2021-02-18T02:12:27Z', 'closed_at': '2021-02-19T21:00:42Z', 'labels': []}
{'issuenumber': 1751, 'title': 'Test suite fails to run', 'state': 'closed', 'created_at': '2021-02-15T10:29:07Z', 'closed_at': '2021-02-15T10:52:16Z', 'labels': []}
{'issuenumber': 1749, 'title': 'Pydantic Plugin', 'state': 'closed', 'created_at': '2021-02-13T20:56:43Z', 'closed_at': '2021-02-14T13:18:09Z', 'labels': []}
{'issuenumber': 1748, 'title': "unhandled operator ':' in PythonNode(subscriptlist, ...", 'state': 'closed', 'created_at': '2021-02-10T23:28:36Z', 'closed_at': '2021-11-16T23:32:34Z', 'labels': []}
{'issuenumber': 1746, 'title': 'Missing or incorrect completions for numpy 1.20.1', 'state': 'closed', 'created_at': '2021-02-08T03:30:44Z', 'closed_at': '2021-06-13T02:14:41Z', 'labels': []}
{'issuenumber': 1745, 'title': "Name.defined_names() for  'typing.Any` raises NotImplementedError.", 'state': 'closed', 'created_at': '2021-02-04T02:19:38Z', 'closed_at': '2021-11-17T00:08:30Z', 'labels': {'name': 'bug'}}
{'issuenumber': 1744, 'title': 'Name.defined_names() on statements sometimes raises NotImplementedError', 'state': 'closed', 'created_at': '2021-02-04T01:42:40Z', 'closed_at': '2021-11-17T00:08:23Z', 'labels': {'name': 'bug'}}
{'issuenumber': 1743, 'title': 'Type Hint Jedi', 'state': 'closed', 'created_at': '2021-02-03T19:35:27Z', 'closed_at': '2021-02-03T21:08:31Z', 'labels': []}
{'issuenumber': 1742, 'title': 'crashes when using Jedi Language Server from JupyterLab', 'state': 'closed', 'created_at': '2021-02-02T19:38:10Z', 'closed_at': '2021-02-02T20:25:50Z', 'labels': []}
{'issuenumber': 1738, 'title': 'Calling `ParamName.infer_default` raises AttributeError.', 'state': 'closed', 'created_at': '2021-01-28T14:24:10Z', 'closed_at': '2021-11-16T22:37:33Z', 'labels': {'name': 'bug'}}
{'issuenumber': 1737, 'title': 'Add a Code Of Conduct', 'state': 'closed', 'created_at': '2021-01-28T13:54:36Z', 'closed_at': '2021-01-28T14:53:44Z', 'labels': []}
{'issuenumber': 1736, 'title': 'jedi make ipython3 crash ', 'state': 'closed', 'created_at': '2021-01-28T10:04:17Z', 'closed_at': '2021-01-28T10:07:05Z', 'labels': []}
{'issuenumber': 1735, 'title': 'Deferred error whenever a character is typed', 'state': 'closed', 'created_at': '2021-01-20T23:57:35Z', 'closed_at': '2021-01-22T12:14:03Z', 'labels': []}
{'issuenumber': 1733, 'title': 'Idea to suggest additional \';\' or \'("', 'state': 'closed', 'created_at': '2021-01-17T15:09:38Z', 'closed_at': '2021-01-17T17:13:01Z', 'labels': []}
{'issuenumber': 1732, 'title': 'Jedi tests fail with Python 3.10', 'state': 'closed', 'created_at': '2021-01-12T08:40:40Z', 'closed_at': '2021-11-16T23:44:36Z', 'labels': []}
{'issuenumber': 1731, 'title': 'Empty list with type on __init__  ', 'state': 'closed', 'created_at': '2021-01-11T13:54:24Z', 'closed_at': '2021-11-16T20:34:41Z', 'labels': []}
{'issuenumber': 1730, 'title': 'Jedi 0.17.0 jedi.find_system_environments() fails on Linux ARM Raspberry Pi', 'state': 'closed', 'created_at': '2021-01-10T15:09:08Z', 'closed_at': '2021-01-10T15:27:17Z', 'labels': []}
{'issuenumber': 1729, 'title': 'write to docs about possible text prefixes', 'state': 'closed', 'created_at': '2021-01-09T14:09:29Z', 'closed_at': '2021-01-10T13:40:25Z', 'labels': []}
{'issuenumber': 1728, 'title': 'Show auto-completion items together with their src path', 'state': 'closed', 'created_at': '2021-01-09T12:32:49Z', 'closed_at': '2021-01-09T14:02:05Z', 'labels': []}
{'issuenumber': 1726, 'title': 'Bump version to 1.0', 'state': 'closed', 'created_at': '2021-01-08T17:38:57Z', 'closed_at': '2021-01-08T22:49:18Z', 'labels': []}
{'issuenumber': 1725, 'title': 'Add autocompltion to dict proxy', 'state': 'closed', 'created_at': '2021-01-07T11:13:36Z', 'closed_at': '2021-11-16T20:36:02Z', 'labels': []}
{'issuenumber': 1724, 'title': 'Thonny - Autocomplete error: __init__() takes from 1 to 2 positional arguments but 5 were given', 'state': 'closed', 'created_at': '2021-01-05T03:40:49Z', 'closed_at': '2021-01-05T11:29:15Z', 'labels': []}
{'issuenumber': 1723, 'title': 'Various parso objects being referenced after request for completions', 'state': 'closed', 'created_at': '2021-01-03T16:28:57Z', 'closed_at': '2021-01-14T00:18:20Z', 'labels': []}
{'issuenumber': 1722, 'title': '0.18.0 causes ipython to not be able to show command completion.', 'state': 'closed', 'created_at': '2020-12-30T00:33:22Z', 'closed_at': '2020-12-30T00:35:37Z', 'labels': []}
{'issuenumber': 1720, 'title': 'Jedi breaks Ipython', 'state': 'closed', 'created_at': '2020-12-28T23:19:45Z', 'closed_at': '2020-12-28T23:43:42Z', 'labels': []}
{'issuenumber': 1719, 'title': 'Type hint for __getitem__ does not work', 'state': 'closed', 'created_at': '2020-12-28T23:03:15Z', 'closed_at': '2021-01-01T16:59:19Z', 'labels': []}
{'issuenumber': 1718, 'title': 'Quick thanks for your efforts! ðŸ¥‡', 'state': 'closed', 'created_at': '2020-12-28T09:38:16Z', 'closed_at': '2020-12-28T09:38:19Z', 'labels': []}
{'issuenumber': 1717, 'title': 'v0.18 breaks django shell after tab completion', 'state': 'closed', 'created_at': '2020-12-27T18:49:52Z', 'closed_at': '2020-12-27T19:01:18Z', 'labels': []}
{'issuenumber': 1716, 'title': 'IPython crashes on tab completion', 'state': 'closed', 'created_at': '2020-12-26T16:16:12Z', 'closed_at': '2020-12-26T16:29:50Z', 'labels': []}
{'issuenumber': 1714, 'title': 'IPython (<=7.19) incompatible with jedi 0.18.0', 'state': 'closed', 'created_at': '2020-12-25T12:43:18Z', 'closed_at': '2020-12-25T17:24:07Z', 'labels': []}
{'issuenumber': 1713, 'title': 'InternalError: The subprocess /mnt/ilustre/users/sanger-dev/sg-users/liubinxu/work/spacemacs/miniconda2/bin/python has crashed.', 'state': 'closed', 'created_at': '2020-12-21T01:15:33Z', 'closed_at': '2020-12-21T21:53:56Z', 'labels': []}
{'issuenumber': 1710, 'title': 'Compatibility with parso 0.8.1', 'state': 'closed', 'created_at': '2020-12-12T02:35:39Z', 'closed_at': '2020-12-25T10:44:10Z', 'labels': []}
{'issuenumber': 1709, 'title': 'no signatures for `typing` module functions', 'state': 'closed', 'created_at': '2020-12-11T16:22:14Z', 'closed_at': '2021-01-01T03:23:38Z', 'labels': {'name': 'bug'}}
{'issuenumber': 1705, 'title': 'no signature found for complete of method with contextmanager decorator', 'state': 'closed', 'created_at': '2020-12-05T19:59:22Z', 'closed_at': '2020-12-27T23:47:18Z', 'labels': []}
{'issuenumber': 1703, 'title': 'Crash on file not present on disk', 'state': 'closed', 'created_at': '2020-12-05T18:14:27Z', 'closed_at': '2020-12-06T11:44:42Z', 'labels': []}
{'issuenumber': 1702, 'title': 'KeyError in cache -> AttributeError -> UncaughtAttributeError ', 'state': 'closed', 'created_at': '2020-12-05T05:17:14Z', 'closed_at': '2020-12-07T14:09:56Z', 'labels': {'name': 'bug'}}
{'issuenumber': 1701, 'title': 'Dealing with small recursion limits', 'state': 'closed', 'created_at': '2020-11-30T07:01:24Z', 'closed_at': '2020-12-03T22:14:12Z', 'labels': []}
{'issuenumber': 1699, 'title': 'pytest integration tests fail on Python 3.9 and they are skipped on CI', 'state': 'closed', 'created_at': '2020-11-23T14:13:16Z', 'closed_at': '2020-12-07T18:22:13Z', 'labels': []}
{'issuenumber': 1697, 'title': 'Extract variable only extracts first occurence', 'state': 'closed', 'created_at': '2020-11-16T16:26:09Z', 'closed_at': '2020-11-20T18:41:28Z', 'labels': []}
{'issuenumber': 1696, 'title': 'Jedi is slow for pandas completion for pd.read_csv dataframes', 'state': 'closed', 'created_at': '2020-11-15T21:57:46Z', 'closed_at': '2020-12-05T16:32:11Z', 'labels': []}
{'issuenumber': 1695, 'title': 'Complete returns a strange docstring if property has a return type hints None or Optional[...]', 'state': 'closed', 'created_at': '2020-11-11T09:33:12Z', 'closed_at': '2021-01-01T23:03:14Z', 'labels': {'name': 'bug'}}
{'issuenumber': 1694, 'title': "jedi 0.17.2 requires parso<0.8.0,>=0.7.0, but you'll have parso 0.8.0 which is incompatible.", 'state': 'closed', 'created_at': '2020-11-09T20:08:08Z', 'closed_at': '2020-11-12T22:49:47Z', 'labels': []}
{'issuenumber': 1693, 'title': 'No autocomplete for cv2 package in VS Code', 'state': 'closed', 'created_at': '2020-11-07T21:51:29Z', 'closed_at': '2020-11-07T23:25:12Z', 'labels': []}
{'issuenumber': 1692, 'title': 'generate cache only for pandas and numpy', 'state': 'closed', 'created_at': '2020-11-04T10:19:50Z', 'closed_at': '2020-12-05T16:26:54Z', 'labels': []}
{'issuenumber': 1691, 'title': "Goto doesn't find a reference in a nested for in loop", 'state': 'closed', 'created_at': '2020-10-31T02:55:10Z', 'closed_at': '2020-12-27T20:12:49Z', 'labels': {'name': 'bug'}}
{'issuenumber': 1690, 'title': 'YCM in python runtime error Canâ€˜t jump jump to definition', 'state': 'closed', 'created_at': '2020-10-29T06:47:30Z', 'closed_at': '2020-12-05T16:26:07Z', 'labels': []}
{'issuenumber': 1688, 'title': "AttributeError: 'NoneType' object has no attribute 'type'", 'state': 'closed', 'created_at': '2020-10-24T22:18:42Z', 'closed_at': '2020-12-27T23:38:12Z', 'labels': {'name': 'bug'}}
{'issuenumber': 1687, 'title': 'How to figure out completion prefix without `completion.complete` in fuzzy mode?', 'state': 'closed', 'created_at': '2020-10-23T23:07:52Z', 'closed_at': '2020-12-07T13:44:02Z', 'labels': {'name': 'feature'}}
{'issuenumber': 1686, 'title': 'Unable to autocomplete on chained functions with numpydoc ', 'state': 'closed', 'created_at': '2020-10-21T18:01:47Z', 'closed_at': '2020-10-21T20:43:58Z', 'labels': []}
{'issuenumber': 1685, 'title': 'Feature request: smart case completion', 'state': 'closed', 'created_at': '2020-10-21T10:33:14Z', 'closed_at': '2020-10-23T16:36:40Z', 'labels': []}
{'issuenumber': 1683, 'title': 'Analysis displays errors even if code is correct', 'state': 'closed', 'created_at': '2020-10-19T04:04:51Z', 'closed_at': '2020-10-19T20:46:55Z', 'labels': []}
{'issuenumber': 1682, 'title': 'Speed issues when setting an Environment', 'state': 'closed', 'created_at': '2020-10-18T09:21:56Z', 'closed_at': '2020-10-23T16:01:10Z', 'labels': []}
{'issuenumber': 1681, 'title': 'Empty list with type on __init__', 'state': 'closed', 'created_at': '2020-10-15T21:12:28Z', 'closed_at': '2020-10-23T21:32:56Z', 'labels': []}
{'issuenumber': 1680, 'title': 'invalid syntax for star-unwrapped enumeration values', 'state': 'closed', 'created_at': '2020-10-12T17:33:02Z', 'closed_at': '2020-10-13T13:45:36Z', 'labels': []}
{'issuenumber': 1679, 'title': 'Keep in memory cache for longer and  possibly as long as needed', 'state': 'closed', 'created_at': '2020-10-12T13:24:41Z', 'closed_at': '2020-10-12T18:50:33Z', 'labels': []}
{'issuenumber': 1678, 'title': 'No completion if class inherit from QtWidgets', 'state': 'closed', 'created_at': '2020-10-05T09:50:16Z', 'closed_at': '2020-10-23T21:36:55Z', 'labels': []}
{'issuenumber': 1677, 'title': 'docstring() call results in a RecursionError', 'state': 'closed', 'created_at': '2020-10-04T00:16:53Z', 'closed_at': '2020-10-23T19:04:46Z', 'labels': {'name': 'bug'}}
{'issuenumber': 1676, 'title': 'Wrong source code encoding of a file in a project causes jedi "get_references" to raise exception', 'state': 'closed', 'created_at': '2020-10-03T10:29:29Z', 'closed_at': '2020-10-03T16:05:28Z', 'labels': []}
{'issuenumber': 1675, 'title': 'RecursionError in get_signatures() for enum member', 'state': 'closed', 'created_at': '2020-10-01T00:01:20Z', 'closed_at': '2020-10-23T19:04:46Z', 'labels': {'name': 'bug'}}
{'issuenumber': 1673, 'title': 'Getting ValueError: Should not happen. type: name when I type an opening paren on a Python `re` function call', 'state': 'closed', 'created_at': '2020-09-24T14:12:27Z', 'closed_at': '2020-10-16T14:42:35Z', 'labels': []}
{'issuenumber': 1672, 'title': 'Jedi support for custom importers?', 'state': 'closed', 'created_at': '2020-09-18T13:57:33Z', 'closed_at': '2020-09-19T18:29:50Z', 'labels': []}
{'issuenumber': 1671, 'title': '0.17.2: test suite is failing', 'state': 'closed', 'created_at': '2020-09-18T00:13:45Z', 'closed_at': '2020-09-19T18:26:32Z', 'labels': []}
{'issuenumber': 1670, 'title': 'Weird issue with function name when using get_references', 'state': 'closed', 'created_at': '2020-09-15T16:38:10Z', 'closed_at': '2020-10-08T09:24:36Z', 'labels': []}
{'issuenumber': 1668, 'title': 'atom / autocomplete-python & args completion : No such file or directory (parser/grammar3.8.txt)', 'state': 'closed', 'created_at': '2020-09-13T16:06:15Z', 'closed_at': '2020-09-19T18:32:12Z', 'labels': []}
{'issuenumber': 1667, 'title': '`goto` uses Django stubs instead of Django source', 'state': 'closed', 'created_at': '2020-09-12T13:18:09Z', 'closed_at': '2021-01-01T21:46:33Z', 'labels': []}
{'issuenumber': 1666, 'title': 'AttributeError for posix path', 'state': 'closed', 'created_at': '2020-09-05T23:21:27Z', 'closed_at': '2020-09-06T07:22:26Z', 'labels': []}
{'issuenumber': 1665, 'title': 'Please check your release tarballs', 'state': 'closed', 'created_at': '2020-08-31T15:18:12Z', 'closed_at': '2020-09-01T10:29:39Z', 'labels': []}
{'issuenumber': 1664, 'title': 'Consider using isort?', 'state': 'closed', 'created_at': '2020-08-30T16:39:13Z', 'closed_at': '2020-08-31T11:48:16Z', 'labels': []}
{'issuenumber': 1661, 'title': "PosixPath object has not attribute 'endswidth'", 'state': 'closed', 'created_at': '2020-08-29T14:56:35Z', 'closed_at': '2020-08-29T16:55:07Z', 'labels': []}
{'issuenumber': 1660, 'title': 'Pytest 6 errors', 'state': 'closed', 'created_at': '2020-08-27T10:52:19Z', 'closed_at': '2020-08-28T11:14:18Z', 'labels': []}
{'issuenumber': 1659, 'title': 'Latest tagged version (v0.17.2) is incompatible with latest tagged version of parso (v0.8.0)', 'state': 'closed', 'created_at': '2020-08-24T06:26:28Z', 'closed_at': '2020-08-24T07:07:55Z', 'labels': []}
{'issuenumber': 1658, 'title': '0.17.2: test/completion/on_import.py fails a test', 'state': 'closed', 'created_at': '2020-08-23T07:54:20Z', 'closed_at': '2020-08-23T10:16:23Z', 'labels': []}
{'issuenumber': 1657, 'title': 'Off by one indexing ?', 'state': 'closed', 'created_at': '2020-08-18T17:19:14Z', 'closed_at': '2020-10-23T19:04:46Z', 'labels': {'name': 'bug'}}
{'issuenumber': 1656, 'title': 'Jedi hangs vim when starting Macvim or terminal vim', 'state': 'closed', 'created_at': '2020-08-18T12:02:20Z', 'closed_at': '2020-08-18T13:14:17Z', 'labels': []}
{'issuenumber': 1655, 'title': "Specifc relative import statement causing issues with VSC highlighting and 'jumping' functionality.", 'state': 'closed', 'created_at': '2020-08-17T22:40:46Z', 'closed_at': '2021-03-08T23:46:27Z', 'labels': {'name': 'bug'}}
{'issuenumber': 1654, 'title': 'Broken autocorrect due to conda installing jedi 0.15', 'state': 'closed', 'created_at': '2020-08-16T16:58:44Z', 'closed_at': '2020-08-16T19:49:19Z', 'labels': []}
{'issuenumber': 1653, 'title': 'Path error on windows', 'state': 'closed', 'created_at': '2020-08-15T17:17:52Z', 'closed_at': '2020-08-16T07:46:36Z', 'labels': []}
{'issuenumber': 1652, 'title': '"NewType" has bad repr', 'state': 'closed', 'created_at': '2020-08-14T20:44:20Z', 'closed_at': '2020-12-05T16:47:31Z', 'labels': []}
{'issuenumber': 1651, 'title': "Basename.docstring() returns string 'None'", 'state': 'closed', 'created_at': '2020-08-14T16:21:16Z', 'closed_at': '2020-08-14T21:56:26Z', 'labels': []}
{'issuenumber': 1650, 'title': 'python-parso 0.8.0 breaks jedi', 'state': 'closed', 'created_at': '2020-08-14T12:07:40Z', 'closed_at': '2020-08-14T12:12:06Z', 'labels': []}
{'issuenumber': 1648, 'title': '[0.17.2] Keeps users from upgrading to parso>=0.8.0', 'state': 'closed', 'created_at': '2020-08-05T16:56:39Z', 'closed_at': '2020-08-05T21:19:27Z', 'labels': []}
{'issuenumber': 1647, 'title': 'Error from jedi: Should not happen', 'state': 'closed', 'created_at': '2020-08-03T01:38:28Z', 'closed_at': '2020-08-05T21:55:53Z', 'labels': {'name': 'bug'}}
{'issuenumber': 1645, 'title': 'Support SimpleNamespace', 'state': 'closed', 'created_at': '2020-07-30T16:33:03Z', 'closed_at': '2020-08-17T22:02:59Z', 'labels': {'name': 'feature'}}
{'issuenumber': 1644, 'title': 'Completions are broken again', 'state': 'closed', 'created_at': '2020-07-28T17:54:30Z', 'closed_at': '2020-07-28T21:02:34Z', 'labels': []}
{'issuenumber': 1643, 'title': 'Completions for lambda arguments', 'state': 'closed', 'created_at': '2020-07-26T11:04:08Z', 'closed_at': '2022-06-11T22:06:53Z', 'labels': {'name': 'feature'}}
{'issuenumber': 1640, 'title': 'Add completions for the replace function in dataclasses', 'state': 'closed', 'created_at': '2020-07-24T13:11:27Z', 'closed_at': '2020-07-28T08:58:14Z', 'labels': {'name': 'feature'}}
{'issuenumber': 1639, 'title': 'TypeError on cropped file size slice', 'state': 'closed', 'created_at': '2020-07-22T21:48:26Z', 'closed_at': '2020-07-22T23:33:17Z', 'labels': []}
{'issuenumber': 1637, 'title': 'Use GitHub releases feature instead of issue or mailing list', 'state': 'closed', 'created_at': '2020-07-18T10:42:08Z', 'closed_at': '2020-07-18T11:24:46Z', 'labels': []}
{'issuenumber': 1636, 'title': "Attribute Error 'TreeInstance' object has no attribute 'negate'", 'state': 'closed', 'created_at': '2020-07-15T18:34:32Z', 'closed_at': '2020-07-17T13:57:43Z', 'labels': {'name': 'bug'}}
{'issuenumber': 1634, 'title': 'Compiling jedi with cython?', 'state': 'closed', 'created_at': '2020-07-14T14:11:31Z', 'closed_at': '2020-07-16T10:55:05Z', 'labels': []}
{'issuenumber': 1632, 'title': "CompiledValue' object has no attribute 'string_names", 'state': 'closed', 'created_at': '2020-07-07T13:01:03Z', 'closed_at': '2020-07-17T09:34:04Z', 'labels': []}
{'issuenumber': 1631, 'title': 'Completion suggestions fail for inherited dictionary objects', 'state': 'closed', 'created_at': '2020-07-07T06:24:56Z', 'closed_at': '2020-07-14T22:55:34Z', 'labels': []}
{'issuenumber': 1629, 'title': 'Jedi should include environment variables that start with PYTHON for subprocess', 'state': 'closed', 'created_at': '2020-07-04T09:14:14Z', 'closed_at': '2020-07-17T09:28:52Z', 'labels': []}
{'issuenumber': 1628, 'title': 'Issue with Interpreter completions', 'state': 'closed', 'created_at': '2020-07-03T06:02:01Z', 'closed_at': '2020-07-12T20:30:39Z', 'labels': []}
{'issuenumber': 1627, 'title': 'jedi latest version runtime error for Windows', 'state': 'closed', 'created_at': '2020-07-02T07:08:53Z', 'closed_at': '2020-07-18T11:27:16Z', 'labels': []}
{'issuenumber': 1626, 'title': 'Interpreter TAB-completions hide private members (starting with _) ?', 'state': 'closed', 'created_at': '2020-07-01T12:51:18Z', 'closed_at': '2020-07-01T15:16:47Z', 'labels': []}
{'issuenumber': 1625, 'title': '0.17.1 seems to be completely broken', 'state': 'closed', 'created_at': '2020-06-30T18:41:27Z', 'closed_at': '2020-07-01T15:22:57Z', 'labels': []}
{'issuenumber': 1624, 'title': 'Support completions on contextlib.contextmanager functions', 'state': 'closed', 'created_at': '2020-06-27T16:07:11Z', 'closed_at': '2020-07-17T13:57:42Z', 'labels': {'name': 'help-wanted'}}
{'issuenumber': 1622, 'title': 'Supported way to "extract" project\'s root path from a `jedi.Project` class', 'state': 'closed', 'created_at': '2020-06-25T10:22:53Z', 'closed_at': '2020-06-27T00:18:40Z', 'labels': []}
{'issuenumber': 1621, 'title': 'Docstring not showing for function wrapped with decorator w/ Anaconda plugin in ST3', 'state': 'closed', 'created_at': '2020-06-24T00:54:19Z', 'closed_at': '2020-06-27T00:18:39Z', 'labels': []}
{'issuenumber': 1620, 'title': "Completion of modules which don't exist in a virtual environment", 'state': 'closed', 'created_at': '2020-06-22T20:39:40Z', 'closed_at': '2020-06-23T23:08:13Z', 'labels': {'name': 'discussion'}}
{'issuenumber': 1617, 'title': 'Jedi has wrong sys.path when target environment has non-standard library location', 'state': 'closed', 'created_at': '2020-06-19T03:51:14Z', 'closed_at': '2020-06-21T22:12:37Z', 'labels': []}
{'issuenumber': 1616, 'title': 'Playing nicely with docker', 'state': 'closed', 'created_at': '2020-06-18T15:12:24Z', 'closed_at': '2020-06-19T09:59:49Z', 'labels': []}
{'issuenumber': 1615, 'title': 'Non-graceful handling of cache permission errors', 'state': 'closed', 'created_at': '2020-06-16T14:47:05Z', 'closed_at': '2020-06-19T18:28:00Z', 'labels': []}
{'issuenumber': 1611, 'title': "`Script.extract_variable` doesn't behave as documented", 'state': 'closed', 'created_at': '2020-06-07T14:55:05Z', 'closed_at': '2020-06-12T23:36:04Z', 'labels': {'name': 'bug'}}
{'issuenumber': 1608, 'title': 'Python 3.9 test failures', 'state': 'closed', 'created_at': '2020-06-02T12:20:09Z', 'closed_at': '2020-06-10T07:54:41Z', 'labels': {'name': 'bug'}}
{'issuenumber': 1607, 'title': 'No attribute completions for instance of a decorated class', 'state': 'closed', 'created_at': '2020-06-01T11:13:34Z', 'closed_at': '2020-06-14T16:02:16Z', 'labels': []}
{'issuenumber': 1606, 'title': 'Error when trying to complete attributes for an instance of a class with decorated __init__', 'state': 'closed', 'created_at': '2020-06-01T06:37:17Z', 'closed_at': '2020-06-01T11:26:45Z', 'labels': {'name': 'bug'}}
{'issuenumber': 1604, 'title': '"# -*- coding: future_fstrings -*-" causes navigating forever', 'state': 'closed', 'created_at': '2020-05-31T07:04:22Z', 'closed_at': '2020-05-31T11:36:57Z', 'labels': []}
{'issuenumber': 1597, 'title': 'Question about support pep 589(TypedDict)', 'state': 'closed', 'created_at': '2020-05-26T10:41:26Z', 'closed_at': '2020-05-26T22:54:31Z', 'labels': []}
{'issuenumber': 1596, 'title': "Question about specify 'path' in jedi.Project", 'state': 'closed', 'created_at': '2020-05-25T07:11:55Z', 'closed_at': '2020-05-28T01:28:45Z', 'labels': []}
{'issuenumber': 1594, 'title': "KeyError: 'not in'", 'state': 'closed', 'created_at': '2020-05-22T16:15:26Z', 'closed_at': '2020-05-23T12:48:40Z', 'labels': {'name': 'help-wanted'}}
{'issuenumber': 1592, 'title': 'This issue error when using CoCnvim as well as Jedi only for pybullet package.', 'state': 'closed', 'created_at': '2020-05-22T10:17:17Z', 'closed_at': '2020-06-01T11:44:39Z', 'labels': []}
{'issuenumber': 1591, 'title': 'jedi infer() does not work with my custom AWS S3-based Python importer', 'state': 'closed', 'created_at': '2020-05-22T09:19:19Z', 'closed_at': '2020-05-22T14:27:52Z', 'labels': []}
{'issuenumber': 1588, 'title': 'Support custom Django object managers', 'state': 'closed', 'created_at': '2020-05-18T21:54:41Z', 'closed_at': '2020-06-14T22:41:09Z', 'labels': []}
{'issuenumber': 1587, 'title': 'Support signatures for Django models', 'state': 'closed', 'created_at': '2020-05-18T21:51:43Z', 'closed_at': '2020-06-14T22:38:27Z', 'labels': []}
{'issuenumber': 1585, 'title': 'Error during editing doctest', 'state': 'closed', 'created_at': '2020-05-17T10:39:38Z', 'closed_at': '2020-06-05T11:35:46Z', 'labels': {'name': 'bug'}}
{'issuenumber': 1583, 'title': 'error on "extract variable" action - it\'s ok?', 'state': 'closed', 'created_at': '2020-05-14T15:32:53Z', 'closed_at': '2020-05-14T20:50:16Z', 'labels': []}
{'issuenumber': 1582, 'title': '[Question] Inline lonely variable', 'state': 'closed', 'created_at': '2020-05-14T13:32:50Z', 'closed_at': '2020-05-14T21:45:48Z', 'labels': []}
{'issuenumber': 1581, 'title': 'Incorrect diff by ChangedFile.get_diff if there are no new line at the end', 'state': 'closed', 'created_at': '2020-05-13T16:13:46Z', 'closed_at': '2020-05-13T22:21:30Z', 'labels': {'name': 'bug'}}
{'issuenumber': 1580, 'title': 'AttributeError when trying to complete on MNE object', 'state': 'closed', 'created_at': '2020-05-13T07:54:25Z', 'closed_at': '2020-05-13T22:29:51Z', 'labels': []}
{'issuenumber': 1578, 'title': '`_pseudotreenameclass` as `BaseName` type', 'state': 'closed', 'created_at': '2020-05-11T21:55:13Z', 'closed_at': '2020-05-13T16:59:08Z', 'labels': {'name': 'bug'}}
{'issuenumber': 1577, 'title': ' Type of substraction result of datetime and datetime is not reported as timedelta', 'state': 'closed', 'created_at': '2020-05-11T19:32:43Z', 'closed_at': '2020-05-15T21:53:50Z', 'labels': {'name': 'feature'}}
{'issuenumber': 1576, 'title': 'Feature: end_line and end_column for api.classes.BaseName', 'state': 'closed', 'created_at': '2020-05-10T23:08:02Z', 'closed_at': '2020-05-17T23:14:01Z', 'labels': []}
{'issuenumber': 1574, 'title': "KeyError: 'arguments' when working with streamlit", 'state': 'closed', 'created_at': '2020-05-10T01:15:27Z', 'closed_at': '2020-05-10T11:27:43Z', 'labels': {'name': 'bug'}}
{'issuenumber': 1573, 'title': "AttributeError: 'NoneType' object has no attribute 'iter_return_stmts'", 'state': 'closed', 'created_at': '2020-05-09T15:42:19Z', 'closed_at': '2020-05-10T09:38:19Z', 'labels': []}
{'issuenumber': 1571, 'title': 'jedi gives case-insensitive results', 'state': 'closed', 'created_at': '2020-05-05T21:45:22Z', 'closed_at': '2020-05-06T21:14:44Z', 'labels': []}
{'issuenumber': 1569, 'title': "Exclude `'` from completion name when inside string", 'state': 'closed', 'created_at': '2020-05-05T16:17:53Z', 'closed_at': '2020-05-05T21:28:48Z', 'labels': []}
{'issuenumber': 1568, 'title': "Go to definition doesn't highlight the last character", 'state': 'closed', 'created_at': '2020-05-04T21:18:47Z', 'closed_at': '2020-05-05T19:11:12Z', 'labels': []}
{'issuenumber': 1567, 'title': 'GoTo jumps to /jedi../stdlib', 'state': 'closed', 'created_at': '2020-05-04T15:57:39Z', 'closed_at': '2020-05-04T16:36:27Z', 'labels': []}
{'issuenumber': 1566, 'title': 'Add ".venv" to `jedi.inference.references._IGNORE_FOLDERS`', 'state': 'closed', 'created_at': '2020-05-01T02:21:59Z', 'closed_at': '2020-05-05T19:15:19Z', 'labels': {'name': 'feature'}}
{'issuenumber': 1565, 'title': 'RecursionError on Completion.docstring() call', 'state': 'closed', 'created_at': '2020-04-30T21:58:33Z', 'closed_at': '2020-05-01T16:06:33Z', 'labels': {'name': 'bug'}}
{'issuenumber': 1563, 'title': 'crash on Python 3.7', 'state': 'closed', 'created_at': '2020-04-27T17:18:27Z', 'closed_at': '2020-04-28T18:37:40Z', 'labels': []}
{'issuenumber': 1560, 'title': 'No completions for method returning class generic type when __init__ contains nested tuple type', 'state': 'closed', 'created_at': '2020-04-25T23:26:45Z', 'closed_at': '2020-06-14T16:11:57Z', 'labels': []}
{'issuenumber': 1557, 'title': 'Script.help after closing parenthesis', 'state': 'closed', 'created_at': '2020-04-23T19:45:18Z', 'closed_at': '2020-04-25T22:35:27Z', 'labels': []}
{'issuenumber': 1556, 'title': "Script('\\n').help(1, 0): 'NoneType' object has no attribute 'type'", 'state': 'closed', 'created_at': '2020-04-22T11:15:45Z', 'closed_at': '2020-04-22T15:32:50Z', 'labels': {'name': 'bug'}}
{'issuenumber': 1555, 'title': 'Autocompletion error for python while using CoC - VIM', 'state': 'closed', 'created_at': '2020-04-19T18:31:24Z', 'closed_at': '2020-04-19T20:22:59Z', 'labels': []}
{'issuenumber': 1552, 'title': 'NotADirectoryError passing a file path to get_default_project', 'state': 'closed', 'created_at': '2020-04-18T17:39:42Z', 'closed_at': '2020-04-25T22:35:27Z', 'labels': {'name': 'discussion'}}
{'issuenumber': 1551, 'title': 'Specifying sys_path without a project errors', 'state': 'closed', 'created_at': '2020-04-18T17:20:50Z', 'closed_at': '2020-04-18T17:22:21Z', 'labels': []}
{'issuenumber': 1550, 'title': 'Using astropy.units.quantity_input decorator on __init__ crashes completition', 'state': 'closed', 'created_at': '2020-04-17T10:20:38Z', 'closed_at': '2020-04-17T22:39:06Z', 'labels': {'name': 'bug'}}
{'issuenumber': 1548, 'title': 'Use the `project` variable before setting the default value.', 'state': 'closed', 'created_at': '2020-04-17T09:27:59Z', 'closed_at': '2020-04-17T17:24:07Z', 'labels': []}
{'issuenumber': 1547, 'title': 'Help on debug output', 'state': 'closed', 'created_at': '2020-04-15T17:04:02Z', 'closed_at': '2020-10-24T08:23:00Z', 'labels': []}
{'issuenumber': 1544, 'title': 'Jedi 0.17.0 broke 3.5, 3.6, 3.7 CI build on JPype due to TypeError', 'state': 'closed', 'created_at': '2020-04-15T06:01:30Z', 'closed_at': '2020-04-15T19:16:17Z', 'labels': []}
{'issuenumber': 1542, 'title': 'Multiple test_project.py::test_search tests fail due to wrong order', 'state': 'closed', 'created_at': '2020-04-15T05:42:32Z', 'closed_at': '2020-04-15T15:21:41Z', 'labels': []}
{'issuenumber': 1541, 'title': 'Inference should not suggest local variables when only kwargs are legal', 'state': 'closed', 'created_at': '2020-04-13T17:49:43Z', 'closed_at': '2020-04-17T20:59:36Z', 'labels': {'name': 'feature'}}
{'issuenumber': 1540, 'title': 'Jedi has wrong sys.path when started from pyenv virtual environment ', 'state': 'closed', 'created_at': '2020-04-10T20:04:31Z', 'closed_at': '2020-04-15T22:52:45Z', 'labels': {'name': 'discussion'}}
{'issuenumber': 1539, 'title': 'Get jedi working in Kate', 'state': 'closed', 'created_at': '2020-04-08T15:10:11Z', 'closed_at': '2020-04-13T21:33:41Z', 'labels': []}
{'issuenumber': 1538, 'title': 'SUBCLASSES AND METHOD OVERRIDES', 'state': 'closed', 'created_at': '2020-04-04T11:26:51Z', 'closed_at': '2020-04-04T22:33:40Z', 'labels': []}
{'issuenumber': 1534, 'title': 'Python jedi intellisense is stuck on loading  in VSCODE ', 'state': 'closed', 'created_at': '2020-04-01T07:19:21Z', 'closed_at': '2020-04-01T11:19:41Z', 'labels': []}
{'issuenumber': 1533, 'title': 'Internal type annotations?', 'state': 'closed', 'created_at': '2020-03-31T20:37:28Z', 'closed_at': '2020-08-04T23:09:50Z', 'labels': {'name': 'discussion'}}
{'issuenumber': 1532, 'title': 'Support for old-style typed namedtuples', 'state': 'closed', 'created_at': '2020-03-31T20:33:54Z', 'closed_at': '2020-03-31T22:07:42Z', 'labels': []}
{'issuenumber': 1531, 'title': 'any way to support portable python?', 'state': 'closed', 'created_at': '2020-03-30T09:07:48Z', 'closed_at': '2020-04-02T18:59:43Z', 'labels': []}
{'issuenumber': 1530, 'title': 'Taking all possible return types from a function', 'state': 'closed', 'created_at': '2020-03-30T01:09:53Z', 'closed_at': '2020-03-31T20:46:50Z', 'labels': {'name': 'bug'}}
{'issuenumber': 1529, 'title': 'Jedi crashes on pandas.NamedAgg', 'state': 'closed', 'created_at': '2020-03-29T14:18:20Z', 'closed_at': '2020-03-29T17:36:18Z', 'labels': {'name': 'bug'}}
{'issuenumber': 1528, 'title': "'a'<blank>'b' blows up deoplete", 'state': 'closed', 'created_at': '2020-03-25T01:12:47Z', 'closed_at': '2020-03-26T14:47:34Z', 'labels': []}
{'issuenumber': 1527, 'title': 'x.real crashes deoplete', 'state': 'closed', 'created_at': '2020-03-16T14:36:54Z', 'closed_at': '2020-03-29T17:37:57Z', 'labels': []}
{'issuenumber': 1525, 'title': 'is it possible to use *.pyi instead of *.py', 'state': 'closed', 'created_at': '2020-03-15T13:45:56Z', 'closed_at': '2020-03-15T18:05:38Z', 'labels': []}
{'issuenumber': 1524, 'title': "UncaughtAttributeError: 'PythonNode' object has no attribute 'context'", 'state': 'closed', 'created_at': '2020-03-14T12:08:31Z', 'closed_at': '2020-03-21T17:10:54Z', 'labels': {'name': 'bug'}}
{'issuenumber': 1523, 'title': "Arguments to a  `lambda` aren't autocompleted", 'state': 'closed', 'created_at': '2020-03-13T07:51:19Z', 'closed_at': '2020-03-21T17:29:42Z', 'labels': {'name': 'feature'}}
{'issuenumber': 1521, 'title': "goto() doesn't work on Types enclosed by quotes", 'state': 'closed', 'created_at': '2020-03-10T09:36:31Z', 'closed_at': '2020-03-10T18:34:35Z', 'labels': []}
{'issuenumber': 1520, 'title': 'All references are not listed, when use find all references', 'state': 'closed', 'created_at': '2020-03-05T16:03:32Z', 'closed_at': '2020-03-05T20:56:44Z', 'labels': []}
{'issuenumber': 1519, 'title': 'No signature for functools partialmethod', 'state': 'closed', 'created_at': '2020-03-04T18:50:50Z', 'closed_at': '2020-03-14T00:38:30Z', 'labels': {'name': 'feature'}}
{'issuenumber': 1518, 'title': 'Cached properties without triggering the cache?', 'state': 'closed', 'created_at': '2020-03-04T00:33:11Z', 'closed_at': '2020-03-05T20:45:39Z', 'labels': []}
{'issuenumber': 1517, 'title': 'completion broken for pyvista under ipython', 'state': 'closed', 'created_at': '2020-03-03T08:44:14Z', 'closed_at': '2020-03-06T09:07:31Z', 'labels': {'name': 'bug'}}
{'issuenumber': 1516, 'title': 'Absent `__init__.py` breaks autocomplete and goto functionality', 'state': 'closed', 'created_at': '2020-03-03T07:03:08Z', 'closed_at': '2020-03-06T14:34:12Z', 'labels': []}
{'issuenumber': 1515, 'title': 'should jedi handle recursion in HelpervalueMixin.goto!?', 'state': 'closed', 'created_at': '2020-03-02T01:58:28Z', 'closed_at': '2020-03-13T22:27:41Z', 'labels': []}
{'issuenumber': 1514, 'title': 'Script.goto_assignments might return duplicates', 'state': 'closed', 'created_at': '2020-02-29T21:23:58Z', 'closed_at': '2020-03-13T01:22:14Z', 'labels': {'name': 'bug'}}
{'issuenumber': 1513, 'title': "Jedi doesn't respect import paths", 'state': 'closed', 'created_at': '2020-02-28T20:04:23Z', 'closed_at': '2020-03-14T00:43:18Z', 'labels': []}
{'issuenumber': 1510, 'title': 'Wrong highlighting of current argument', 'state': 'closed', 'created_at': '2020-02-20T14:13:45Z', 'closed_at': '2020-02-20T23:56:31Z', 'labels': []}
{'issuenumber': 1509, 'title': 'How to analyze a folder with multiple python files?', 'state': 'closed', 'created_at': '2020-02-20T08:13:50Z', 'closed_at': '2020-02-20T08:37:27Z', 'labels': []}
{'issuenumber': 1507, 'title': 'goto() does not always return a definition for the target node', 'state': 'closed', 'created_at': '2020-02-17T16:53:44Z', 'closed_at': '2020-02-21T10:50:07Z', 'labels': {'name': 'discussion'}}
{'issuenumber': 1506, 'title': 'typeshed module try_to_load_stub method TypeError', 'state': 'closed', 'created_at': '2020-02-16T19:15:57Z', 'closed_at': '2020-03-10T19:11:34Z', 'labels': {'name': 'bug'}}
{'issuenumber': 1504, 'title': 'RecursionError with `import pdb; pdb = pdb`', 'state': 'closed', 'created_at': '2020-02-14T21:01:27Z', 'closed_at': '2020-03-13T00:00:23Z', 'labels': {'name': 'bug'}}
{'issuenumber': 1503, 'title': "TypeError: object of type 'NoneType' has no len()", 'state': 'closed', 'created_at': '2020-02-14T13:43:12Z', 'closed_at': '2020-03-11T18:34:54Z', 'labels': {'name': 'bug'}}
{'issuenumber': 1502, 'title': 'goto() returns nothing for class attribute with type annotation', 'state': 'closed', 'created_at': '2020-02-13T23:54:03Z', 'closed_at': '2020-03-13T11:54:44Z', 'labels': {'name': 'bug'}}
{'issuenumber': 1500, 'title': '0.16.0: test suite is failing', 'state': 'closed', 'created_at': '2020-02-12T09:56:35Z', 'closed_at': '2020-02-12T18:25:31Z', 'labels': []}
{'issuenumber': 1499, 'title': 'Incorrect parent when methods of class are annotated by decorator', 'state': 'closed', 'created_at': '2020-02-11T20:02:42Z', 'closed_at': '2020-03-22T11:42:18Z', 'labels': {'name': 'bug'}}
{'issuenumber': 1497, 'title': 'No inference for function with generic list argument and return', 'state': 'closed', 'created_at': '2020-02-10T21:50:21Z', 'closed_at': '2020-04-01T22:33:10Z', 'labels': {'name': 'bug'}}
{'issuenumber': 1493, 'title': '"goto" for type comments', 'state': 'closed', 'created_at': '2020-02-04T12:00:00Z', 'closed_at': '2020-02-04T19:14:28Z', 'labels': []}
{'issuenumber': 1492, 'title': 'doc: outdated for "goto" / unused follow_builtin_imports', 'state': 'closed', 'created_at': '2020-02-04T11:47:47Z', 'closed_at': '2020-02-04T19:12:41Z', 'labels': []}
{'issuenumber': 1491, 'title': 'Spacy module completion', 'state': 'closed', 'created_at': '2020-02-03T08:35:16Z', 'closed_at': '2020-02-03T21:27:54Z', 'labels': []}
{'issuenumber': 1490, 'title': 'RecursionError via _merge_name_docs', 'state': 'closed', 'created_at': '2020-02-02T05:52:07Z', 'closed_at': '2020-02-03T00:06:11Z', 'labels': []}
{'issuenumber': 1489, 'title': 'Fix documentation link in the description message', 'state': 'closed', 'created_at': '2020-01-31T13:33:22Z', 'closed_at': '2020-02-01T10:37:09Z', 'labels': []}
{'issuenumber': 1488, 'title': 'Feature: List syntax errors for a file', 'state': 'closed', 'created_at': '2020-01-31T11:50:03Z', 'closed_at': '2020-02-03T21:08:07Z', 'labels': {'name': 'feature'}}
{'issuenumber': 1487, 'title': 'Crash if import loader is missing inpect methods (is_package)', 'state': 'closed', 'created_at': '2020-01-31T11:03:42Z', 'closed_at': '2020-01-31T12:27:34Z', 'labels': []}
{'issuenumber': 1486, 'title': 'Scikit-learn has autocomplete type "module" when it should seemingly be "function"', 'state': 'closed', 'created_at': '2020-01-30T14:58:46Z', 'closed_at': '2020-01-30T19:30:47Z', 'labels': []}
{'issuenumber': 1485, 'title': 'Last release 0.16', 'state': 'closed', 'created_at': '2020-01-29T16:53:13Z', 'closed_at': '2020-01-29T23:55:45Z', 'labels': []}
{'issuenumber': 1484, 'title': 'Completion errors with jedi/lsp/emacs', 'state': 'closed', 'created_at': '2020-01-29T02:57:45Z', 'closed_at': '2020-01-29T23:58:11Z', 'labels': []}
{'issuenumber': 1483, 'title': '_compatibility.find_module behavior is not aligned with importlib', 'state': 'closed', 'created_at': '2020-01-27T16:27:37Z', 'closed_at': '2020-03-01T13:01:06Z', 'labels': {'name': 'help-wanted'}}
{'issuenumber': 1482, 'title': "TypeError: is_definition() got an unexpected keyword argument 'include_setitem'", 'state': 'closed', 'created_at': '2020-01-26T20:12:10Z', 'closed_at': '2020-01-28T17:56:26Z', 'labels': []}
{'issuenumber': 1481, 'title': 'DeprecationWarning from cache.py', 'state': 'closed', 'created_at': '2020-01-26T12:20:36Z', 'closed_at': '2020-01-26T12:52:37Z', 'labels': []}
{'issuenumber': 1480, 'title': 'Cannot complete on call of inherited classmethod', 'state': 'closed', 'created_at': '2020-01-24T00:21:37Z', 'closed_at': '2020-01-25T17:51:52Z', 'labels': {'name': 'bug'}}
{'issuenumber': 1479, 'title': "completions throws AttributeError: 'ModuleContext' object has no attribute 'py__path__' ", 'state': 'closed', 'created_at': '2020-01-23T23:13:04Z', 'closed_at': '2020-01-25T17:51:51Z', 'labels': {'name': 'bug'}}
{'issuenumber': 1478, 'title': 'Feature request: support TypedDict completions', 'state': 'closed', 'created_at': '2020-01-23T19:44:36Z', 'closed_at': '2020-03-01T01:44:32Z', 'labels': {'name': 'feature'}}
{'issuenumber': 1477, 'title': " 'list' object has no attribute 'get_signatures'", 'state': 'closed', 'created_at': '2020-01-23T13:32:12Z', 'closed_at': '2020-01-24T11:49:50Z', 'labels': []}
{'issuenumber': 1476, 'title': 'RFC: API Renamings', 'state': 'closed', 'created_at': '2020-01-17T01:10:11Z', 'closed_at': '2020-01-22T00:30:04Z', 'labels': []}
{'issuenumber': 1475, 'title': "Ellipsis in Callable doesn't work", 'state': 'closed', 'created_at': '2020-01-14T22:05:22Z', 'closed_at': '2020-02-03T21:27:54Z', 'labels': {'name': 'bug'}}
{'issuenumber': 1474, 'title': 'Tk().geometry goto not work', 'state': 'closed', 'created_at': '2020-01-14T05:29:51Z', 'closed_at': '2020-01-22T18:08:53Z', 'labels': {'name': 'low-prio'}}
{'issuenumber': 1473, 'title': 'Handle packages defined through apipkg (pylib)', 'state': 'closed', 'created_at': '2020-01-10T18:45:29Z', 'closed_at': '2020-01-11T09:23:10Z', 'labels': []}
{'issuenumber': 1472, 'title': 'Honor "if False:  # TYPE_CHECKING"', 'state': 'closed', 'created_at': '2020-01-10T14:43:40Z', 'closed_at': '2020-01-10T17:36:38Z', 'labels': []}
{'issuenumber': 1471, 'title': 'Signature help for range(...) changed', 'state': 'closed', 'created_at': '2020-01-08T21:51:39Z', 'closed_at': '2020-01-08T21:58:29Z', 'labels': []}
{'issuenumber': 1470, 'title': 'Jedi version 0.15.2 not working at all with the Python extension', 'state': 'closed', 'created_at': '2020-01-07T23:39:46Z', 'closed_at': '2020-01-08T00:01:58Z', 'labels': {'name': 'discussion'}}
{'issuenumber': 1469, 'title': "inference/base_value: _getitem: TypeError: 'NoneType' object is not callable", 'state': 'closed', 'created_at': '2020-01-06T22:10:58Z', 'closed_at': '2020-01-11T20:36:57Z', 'labels': {'name': 'bug'}}
{'issuenumber': 1468, 'title': "Error since 0.15.2: TypeError: py__call__() missing 1 required positional argument: 'arguments'", 'state': 'closed', 'created_at': '2020-01-05T23:31:48Z', 'closed_at': '2020-01-06T08:41:35Z', 'labels': {'name': 'bug'}}
{'issuenumber': 1466, 'title': 'requests.get docstring include_signatures', 'state': 'closed', 'created_at': '2020-01-01T07:06:07Z', 'closed_at': '2020-01-03T00:01:22Z', 'labels': {'name': 'bug'}}
{'issuenumber': 1465, 'title': "Can't get signatures", 'state': 'closed', 'created_at': '2020-01-01T06:33:13Z', 'closed_at': '2020-01-01T13:07:53Z', 'labels': {'name': 'bug'}}
{'issuenumber': 1464, 'title': 'Performing a "lazy" import with Jedi', 'state': 'closed', 'created_at': '2019-12-29T04:10:06Z', 'closed_at': '2019-12-31T19:40:57Z', 'labels': []}
{'issuenumber': 1463, 'title': 'Autocomplete not working with relative import ', 'state': 'closed', 'created_at': '2019-12-28T01:50:45Z', 'closed_at': '2019-12-28T16:12:53Z', 'labels': {'name': 'discussion'}}
{'issuenumber': 1462, 'title': 'Filter out invalid signatures', 'state': 'closed', 'created_at': '2019-12-22T19:44:09Z', 'closed_at': '2020-01-22T00:38:13Z', 'labels': {'name': 'feature'}}
{'issuenumber': 1459, 'title': 'Fix simple typo: wheter -> whether', 'state': 'closed', 'created_at': '2019-12-16T20:39:40Z', 'closed_at': '2019-12-17T09:05:21Z', 'labels': []}
{'issuenumber': 1458, 'title': 'Use `__annotations__` to decide type of dynamic attributes as specified in PEP526', 'state': 'closed', 'created_at': '2019-12-13T16:50:34Z', 'closed_at': '2020-01-01T01:08:23Z', 'labels': {'name': 'feature'}}
{'issuenumber': 1457, 'title': 'Deoplete-jedi causes vim to crash when editing a specific file', 'state': 'closed', 'created_at': '2019-12-10T18:31:13Z', 'closed_at': '2019-12-12T23:22:23Z', 'labels': []}
{'issuenumber': 1456, 'title': "TypeError: Can't mix strings and bytes in path components - PY2 under PY3", 'state': 'closed', 'created_at': '2019-12-10T10:37:03Z', 'closed_at': '2019-12-10T23:30:55Z', 'labels': {'name': 'bug'}}
{'issuenumber': 1455, 'title': 'Do not include "cls" with classmethod signatures', 'state': 'closed', 'created_at': '2019-12-07T20:48:11Z', 'closed_at': '2019-12-09T07:59:18Z', 'labels': {'name': 'bug'}}
{'issuenumber': 1454, 'title': 'Importing PyBullet package kills IntelliSense', 'state': 'closed', 'created_at': '2019-12-05T21:59:49Z', 'closed_at': '2020-01-24T19:37:56Z', 'labels': {'name': 'discussion'}}
{'issuenumber': 1453, 'title': '"Strategy Pattern" makes static inference impossible without type hints and leads to inferior results compared to IPython\'s old auto complete.', 'state': 'closed', 'created_at': '2019-12-01T16:20:26Z', 'closed_at': '2019-12-13T15:12:47Z', 'labels': {'name': 'discussion'}}
{'issuenumber': 1452, 'title': "AttributeError: 'CompiledObject' object has no attribute 'sub_modules_dict' for PyQt imports completions", 'state': 'closed', 'created_at': '2019-11-29T17:04:26Z', 'closed_at': '2019-11-30T09:04:57Z', 'labels': []}
{'issuenumber': 1450, 'title': 'goto_assignments not found self.variable', 'state': 'closed', 'created_at': '2019-11-27T22:08:39Z', 'closed_at': '2019-11-28T14:17:23Z', 'labels': []}
{'issuenumber': 1449, 'title': 'lru_cache prevents autocomplete from doing its thing', 'state': 'closed', 'created_at': '2019-11-27T14:47:47Z', 'closed_at': '2019-12-12T22:47:29Z', 'labels': []}
{'issuenumber': 1447, 'title': "KeyError: 'Age'  During handling of the above exception, another exception occurred:", 'state': 'closed', 'created_at': '2019-11-25T11:17:59Z', 'closed_at': '2019-11-26T23:47:09Z', 'labels': []}
{'issuenumber': 1446, 'title': 'Jedi showing system and home directory folders', 'state': 'closed', 'created_at': '2019-11-25T04:25:53Z', 'closed_at': '2019-11-30T23:14:09Z', 'labels': {'name': 'discussion'}}
{'issuenumber': 1445, 'title': 'auto-completion items not shown for newly added func in python3.8', 'state': 'closed', 'created_at': '2019-11-22T00:47:34Z', 'closed_at': '2019-11-28T19:56:54Z', 'labels': []}
{'issuenumber': 1444, 'title': 'Could not init the Code for the class inherited', 'state': 'closed', 'created_at': '2019-11-19T16:28:19Z', 'closed_at': '2019-11-26T23:43:57Z', 'labels': []}
{'issuenumber': 1443, 'title': 'Broken code completion with (Type[TypeVar]) -> TypeVar', 'state': 'closed', 'created_at': '2019-11-18T23:01:57Z', 'closed_at': '2019-11-27T21:10:59Z', 'labels': {'name': 'feature'}}
{'issuenumber': 1442, 'title': 'python2.7 numpy context error', 'state': 'closed', 'created_at': '2019-11-16T14:51:55Z', 'closed_at': '2019-12-09T09:02:17Z', 'labels': []}
{'issuenumber': 1437, 'title': 'Wrong completions when function parameters type comment is only one parameter with a dot', 'state': 'closed', 'created_at': '2019-11-08T10:06:54Z', 'closed_at': '2019-11-08T12:42:22Z', 'labels': []}
{'issuenumber': 1436, 'title': "jedi looks did not recognize 'inspect'", 'state': 'closed', 'created_at': '2019-11-08T06:25:46Z', 'closed_at': '2019-11-08T12:24:39Z', 'labels': []}
{'issuenumber': 1435, 'title': "AttributeError: 'ModuleValue' object has no attribute 'create_context'", 'state': 'closed', 'created_at': '2019-11-02T21:55:22Z', 'closed_at': '2019-12-01T00:28:17Z', 'labels': {'name': 'bug'}}
{'issuenumber': 1434, 'title': 'goto_assignments duplicate definitions', 'state': 'closed', 'created_at': '2019-10-31T16:32:31Z', 'closed_at': '2019-12-14T20:33:39Z', 'labels': {'name': 'bug'}}
{'issuenumber': 1433, 'title': 'completions param behind dot', 'state': 'closed', 'created_at': '2019-10-27T06:04:04Z', 'closed_at': '2019-12-03T21:22:32Z', 'labels': {'name': 'bug'}}
{'issuenumber': 1432, 'title': 'RuntimeError: generator raised StopIteration', 'state': 'closed', 'created_at': '2019-10-27T05:01:01Z', 'closed_at': '2019-12-10T23:26:30Z', 'labels': {'name': 'bug'}}
{'issuenumber': 1430, 'title': "It doesn't work with django.", 'state': 'closed', 'created_at': '2019-10-25T00:20:15Z', 'closed_at': '2019-10-27T00:24:36Z', 'labels': []}
{'issuenumber': 1429, 'title': 'TestSetupReadline.test_import fails with Python 3.8', 'state': 'closed', 'created_at': '2019-10-24T18:01:04Z', 'closed_at': '2019-12-01T23:22:33Z', 'labels': {'name': 'bug'}}
{'issuenumber': 1428, 'title': "'CompiledContext' object has no attribute 'string_names'", 'state': 'closed', 'created_at': '2019-10-21T02:15:21Z', 'closed_at': '2019-12-01T22:51:45Z', 'labels': {'name': 'bug'}}
{'issuenumber': 1427, 'title': 'goto_assignments: NotImplementedError: Not all values need to be converted to contexts', 'state': 'closed', 'created_at': '2019-10-20T21:36:50Z', 'closed_at': '2019-12-03T23:26:01Z', 'labels': {'name': 'bug'}}
{'issuenumber': 1426, 'title': "error with docstring: 'BuiltinSignature' object has no attribute 'matches_signature'", 'state': 'closed', 'created_at': '2019-10-19T22:39:19Z', 'closed_at': '2019-12-03T22:10:34Z', 'labels': {'name': 'bug'}}
{'issuenumber': 1425, 'title': 'Autocomplete broken when typing a function decorator', 'state': 'closed', 'created_at': '2019-10-17T13:35:54Z', 'closed_at': '2019-12-14T12:10:48Z', 'labels': {'name': 'feature'}}
{'issuenumber': 1424, 'title': "Completions are not provided for stub file unless it's located in the same folder as the .py file", 'state': 'closed', 'created_at': '2019-10-15T09:04:03Z', 'closed_at': '2019-10-17T23:22:19Z', 'labels': []}
{'issuenumber': 1423, 'title': 'goto_assignement goes to the stub and not the actual implementation', 'state': 'closed', 'created_at': '2019-10-14T22:44:44Z', 'closed_at': '2019-12-27T21:52:50Z', 'labels': {'name': 'discussion'}}
{'issuenumber': 1422, 'title': 'painfully slow auto completions ', 'state': 'closed', 'created_at': '2019-10-11T16:09:44Z', 'closed_at': '2019-10-16T19:16:45Z', 'labels': []}
{'issuenumber': 1420, 'title': 'Issue with @staticmethod Decorator', 'state': 'closed', 'created_at': '2019-10-07T03:49:32Z', 'closed_at': '2019-10-07T21:03:42Z', 'labels': []}
{'issuenumber': 1419, 'title': 'Support option for virtual/database filesystems', 'state': 'closed', 'created_at': '2019-10-04T11:29:20Z', 'closed_at': '2019-12-22T17:42:25Z', 'labels': {'name': 'discussion'}}
{'issuenumber': 1418, 'title': 'jedi.api.exceptions.InternalError: The subprocess(python-language-server)', 'state': 'closed', 'created_at': '2019-10-04T05:59:08Z', 'closed_at': '2019-11-29T11:30:24Z', 'labels': []}
{'issuenumber': 1417, 'title': 'overloads signatures', 'state': 'closed', 'created_at': '2019-10-02T22:05:42Z', 'closed_at': '2019-12-07T13:01:56Z', 'labels': {'name': 'discussion'}}
{'issuenumber': 1416, 'title': 'function overloads returns are treated as unions', 'state': 'closed', 'created_at': '2019-10-02T21:56:23Z', 'closed_at': '2019-12-20T00:33:50Z', 'labels': {'name': 'bug'}}
{'issuenumber': 1415, 'title': 'Autocomplete regression for working with mock library', 'state': 'closed', 'created_at': '2019-10-02T00:06:51Z', 'closed_at': '2019-12-05T09:09:49Z', 'labels': {'name': 'bug'}}
{'issuenumber': 1414, 'title': 'os.DirEntry docstring __init__ is_bound assert failed', 'state': 'closed', 'created_at': '2019-09-30T17:19:42Z', 'closed_at': '2019-12-03T22:10:34Z', 'labels': {'name': 'bug'}}
{'issuenumber': 1413, 'title': 'Autocompletions not showing for decorated class methods', 'state': 'closed', 'created_at': '2019-09-28T20:48:40Z', 'closed_at': '2019-12-08T22:52:15Z', 'labels': {'name': 'bug'}}
{'issuenumber': 1412, 'title': 'TypeError with jedi._compatibility.finalize (Python 2.7.16)', 'state': 'closed', 'created_at': '2019-09-26T23:55:48Z', 'closed_at': '2019-12-25T13:44:43Z', 'labels': {'name': 'bug'}}
{'issuenumber': 1411, 'title': "defined_names doesn't show all definitions, repr fails for `self` definitions", 'state': 'closed', 'created_at': '2019-09-26T12:22:30Z', 'closed_at': '2020-02-04T19:13:54Z', 'labels': {'name': 'feature'}}
{'issuenumber': 1410, 'title': 'PyCharm Debug error in Python2', 'state': 'closed', 'created_at': '2019-09-26T12:20:09Z', 'closed_at': '2019-12-31T21:05:05Z', 'labels': {'name': 'discussion'}}
{'issuenumber': 1408, 'title': 'Custom import handling', 'state': 'closed', 'created_at': '2019-09-24T21:54:27Z', 'closed_at': '2019-09-28T11:00:15Z', 'labels': []}
{'issuenumber': 1407, 'title': 'find_virtualenvs: make looking at/for $VIRTUAL_ENV optional', 'state': 'closed', 'created_at': '2019-09-23T15:53:44Z', 'closed_at': '2019-12-13T20:00:45Z', 'labels': []}
{'issuenumber': 1403, 'title': 'Can not complete under miniconda environment', 'state': 'closed', 'created_at': '2019-09-19T04:49:24Z', 'closed_at': '2019-12-14T12:11:58Z', 'labels': []}
{'issuenumber': 1402, 'title': 'Go to method definition in Python modules fails with "No definition found for \'<method_name>\'" message', 'state': 'closed', 'created_at': '2019-09-16T22:05:24Z', 'closed_at': '2020-01-22T00:03:01Z', 'labels': {'name': 'feature'}}
{'issuenumber': 1401, 'title': 'Django classes plugin', 'state': 'closed', 'created_at': '2019-09-15T16:35:33Z', 'closed_at': '2020-04-22T07:54:40Z', 'labels': {'name': 'discussion'}}
{'issuenumber': 1400, 'title': 'CI is broken on Python 3.8', 'state': 'closed', 'created_at': '2019-09-15T06:02:22Z', 'closed_at': '2019-09-22T08:04:43Z', 'labels': []}
{'issuenumber': 1399, 'title': 'Script.call_signatures() returns signatures when outside of parenthesis', 'state': 'closed', 'created_at': '2019-09-13T23:36:58Z', 'closed_at': '2019-12-05T00:08:23Z', 'labels': {'name': 'bug'}}
{'issuenumber': 1397, 'title': 'AssertionError with goto in stub file (.pyi)', 'state': 'closed', 'created_at': '2019-09-12T15:51:01Z', 'closed_at': '2019-12-01T05:37:35Z', 'labels': {'name': 'bug'}}
{'issuenumber': 1396, 'title': 'goto_assignments: does not find correct definition for bs4.BeautifulSoup.find_all', 'state': 'closed', 'created_at': '2019-09-12T14:59:05Z', 'closed_at': '2019-12-09T08:56:14Z', 'labels': {'name': 'bug'}}
{'issuenumber': 1395, 'title': 'Test failure in test_file_path_completions', 'state': 'closed', 'created_at': '2019-09-10T14:50:51Z', 'closed_at': '2019-09-20T02:02:33Z', 'labels': []}
{'issuenumber': 1393, 'title': 'Pygame autocomplete fails on nested levels', 'state': 'closed', 'created_at': '2019-09-09T14:56:06Z', 'closed_at': '2019-11-08T18:34:56Z', 'labels': []}
{'issuenumber': 1392, 'title': 'Nested class context analysis error', 'state': 'closed', 'created_at': '2019-09-09T02:36:53Z', 'closed_at': '2019-12-27T18:01:44Z', 'labels': {'name': 'bug'}}
{'issuenumber': 1391, 'title': "Autocomplete doesn't work within tensorflow2 modules", 'state': 'closed', 'created_at': '2019-09-05T08:52:11Z', 'closed_at': '2019-12-09T09:00:51Z', 'labels': []}
{'issuenumber': 1390, 'title': '0.15.1:  test suite fails', 'state': 'closed', 'created_at': '2019-08-31T17:09:20Z', 'closed_at': '2019-09-01T12:12:33Z', 'labels': []}
{'issuenumber': 1389, 'title': 'No completion for Tuple return types', 'state': 'closed', 'created_at': '2019-08-30T09:39:01Z', 'closed_at': '2019-12-05T17:55:50Z', 'labels': {'name': 'bug'}}
{'issuenumber': 1388, 'title': 'Jedi struggles with pybind11 modules', 'state': 'closed', 'created_at': '2019-08-22T09:51:09Z', 'closed_at': '2019-12-13T15:23:04Z', 'labels': []}
{'issuenumber': 1387, 'title': 'Parameters on signatures not respecting array like elements', 'state': 'closed', 'created_at': '2019-08-21T03:11:27Z', 'closed_at': '2019-12-09T09:08:26Z', 'labels': []}
{'issuenumber': 1386, 'title': 'Duplicated "import"', 'state': 'closed', 'created_at': '2019-08-20T07:24:03Z', 'closed_at': '2019-08-20T21:52:21Z', 'labels': []}
{'issuenumber': 1385, 'title': 'Understand dictionary modifications', 'state': 'closed', 'created_at': '2019-08-16T09:05:08Z', 'closed_at': '2019-09-05T08:58:55Z', 'labels': []}
{'issuenumber': 1383, 'title': 'IPython TAB-completion now shows deprecation warnings (pandas)', 'state': 'closed', 'created_at': '2019-08-13T11:34:56Z', 'closed_at': '2019-12-13T15:11:02Z', 'labels': []}
{'issuenumber': 1381, 'title': 'consider scandir (instead of listdir) for filenames', 'state': 'closed', 'created_at': '2019-08-12T03:29:33Z', 'closed_at': '2019-08-13T20:08:16Z', 'labels': []}
{'issuenumber': 1379, 'title': 'ValueError: `line` parameter is not in a valid range.', 'state': 'closed', 'created_at': '2019-08-03T05:19:54Z', 'closed_at': '2019-08-05T21:59:28Z', 'labels': []}
{'issuenumber': 1378, 'title': 'Interpreter completions ignore nested dynamic entries (__getattr__)', 'state': 'closed', 'created_at': '2019-08-02T13:39:31Z', 'closed_at': '2019-12-13T15:11:03Z', 'labels': {'name': 'discussion'}}
{'issuenumber': 1377, 'title': 'Python container type annotations confuse hints', 'state': 'closed', 'created_at': '2019-07-25T06:34:45Z', 'closed_at': '2019-07-25T09:43:18Z', 'labels': []}
{'issuenumber': 1375, 'title': 'Wrong interpreter and environment within YouCompleteMe daemon on macOS', 'state': 'closed', 'created_at': '2019-07-23T18:42:11Z', 'closed_at': '2020-02-08T16:54:18Z', 'labels': {'name': 'help-wanted'}}
{'issuenumber': 1374, 'title': 'suggestion: use tree-sitter instead of parso?', 'state': 'closed', 'created_at': '2019-07-19T10:33:58Z', 'closed_at': '2019-07-19T10:42:17Z', 'labels': []}
{'issuenumber': 1373, 'title': 'Tab completion is broken in IPython', 'state': 'closed', 'created_at': '2019-07-19T10:28:51Z', 'closed_at': '2019-07-23T11:04:21Z', 'labels': []}
{'issuenumber': 1372, 'title': 'Can not auto complete for Flask-SQLAlchemy', 'state': 'closed', 'created_at': '2019-07-19T05:02:21Z', 'closed_at': '2019-07-19T10:18:20Z', 'labels': []}
{'issuenumber': 1369, 'title': 'Reproducible crash on tab completion', 'state': 'closed', 'created_at': '2019-07-13T19:41:54Z', 'closed_at': '2019-08-10T23:56:32Z', 'labels': {'name': 'bug'}}
{'issuenumber': 1368, 'title': 'Function names with unicode (indic characters) are ignored.', 'state': 'closed', 'created_at': '2019-07-08T18:54:52Z', 'closed_at': '2019-07-13T09:50:46Z', 'labels': []}
{'issuenumber': 1367, 'title': 'Give hints of windows packages on linux server', 'state': 'closed', 'created_at': '2019-07-08T08:54:28Z', 'closed_at': '2019-07-09T08:14:49Z', 'labels': []}
{'issuenumber': 1366, 'title': 'Add support for rst-formatted docstring tooltips', 'state': 'closed', 'created_at': '2019-07-08T07:54:34Z', 'closed_at': '2019-07-09T08:21:01Z', 'labels': []}
{'issuenumber': 1365, 'title': 'PyGObject strange behavior', 'state': 'closed', 'created_at': '2019-07-05T21:45:48Z', 'closed_at': '2019-07-10T08:02:02Z', 'labels': []}
{'issuenumber': 1364, 'title': "CallSignature.index isn't correct for args following keyword arguments.", 'state': 'closed', 'created_at': '2019-07-03T21:43:37Z', 'closed_at': '2019-07-09T07:51:14Z', 'labels': []}
{'issuenumber': 1363, 'title': "CallSignature.index isn't right for *args.", 'state': 'closed', 'created_at': '2019-07-03T21:03:51Z', 'closed_at': '2019-07-09T07:54:58Z', 'labels': []}
{'issuenumber': 1361, 'title': 'Indicate if a parameter is positional-only or keyword-only.', 'state': 'closed', 'created_at': '2019-07-03T19:52:47Z', 'closed_at': '2019-08-02T11:49:43Z', 'labels': {'name': 'feature'}}
{'issuenumber': 1360, 'title': 'How to convert CallSignature to inspect.Signature?', 'state': 'closed', 'created_at': '2019-07-03T19:49:08Z', 'closed_at': '2019-08-02T11:58:23Z', 'labels': []}
{'issuenumber': 1359, 'title': 'Override builtin from DLL', 'state': 'closed', 'created_at': '2019-07-03T18:43:40Z', 'closed_at': '2019-07-03T23:11:59Z', 'labels': []}
{'issuenumber': 1358, 'title': 'print() signature changed in 0.14.0', 'state': 'closed', 'created_at': '2019-07-02T20:55:07Z', 'closed_at': '2019-07-03T21:10:07Z', 'labels': []}
{'issuenumber': 1357, 'title': 'pow() signature changed in 0.14.0', 'state': 'closed', 'created_at': '2019-07-02T19:21:07Z', 'closed_at': '2019-07-10T19:10:23Z', 'labels': []}
{'issuenumber': 1355, 'title': 'Completing parameter values from a list of strings', 'state': 'closed', 'created_at': '2019-06-29T15:14:25Z', 'closed_at': '2019-12-31T20:20:25Z', 'labels': {'name': 'feature'}}
{'issuenumber': 1354, 'title': 'Traceback for tab completion on windows 10 in REPL and sys module ', 'state': 'closed', 'created_at': '2019-06-26T13:49:16Z', 'closed_at': '2019-07-23T11:02:53Z', 'labels': []}
{'issuenumber': 1353, 'title': 'Decorating a function with functools.lru_cache crashes jedi?', 'state': 'closed', 'created_at': '2019-06-25T13:48:58Z', 'closed_at': '2019-07-10T23:25:23Z', 'labels': {'name': 'bug'}}
{'issuenumber': 1351, 'title': 'Exception on completion from compiled object using JPype', 'state': 'closed', 'created_at': '2019-06-22T23:15:23Z', 'closed_at': '2019-06-24T21:51:20Z', 'labels': []}
{'issuenumber': 1350, 'title': 'Crash in 0.14, folder not found', 'state': 'closed', 'created_at': '2019-06-22T07:31:46Z', 'closed_at': '2019-06-22T11:12:53Z', 'labels': []}
{'issuenumber': 1348, 'title': "Jedi's install_requires claims it works with old parso, but this doesn't appear to be true", 'state': 'closed', 'created_at': '2019-06-21T07:44:49Z', 'closed_at': '2019-06-21T08:12:35Z', 'labels': []}
{'issuenumber': 1347, 'title': 'Jedi does not fetch annotations for dynamically generated class methods on JPype', 'state': 'closed', 'created_at': '2019-06-19T07:32:03Z', 'closed_at': '2019-06-21T22:15:30Z', 'labels': {'name': 'feature'}}
{'issuenumber': 1346, 'title': 'Some imports not listed in auto-completion', 'state': 'closed', 'created_at': '2019-06-14T20:38:51Z', 'closed_at': '2019-06-21T21:45:40Z', 'labels': []}
{'issuenumber': 1345, 'title': 'PyGObject completion fails in vim and deoplete', 'state': 'closed', 'created_at': '2019-06-14T20:21:02Z', 'closed_at': '2019-06-24T21:59:32Z', 'labels': {'name': 'discussion'}}
{'issuenumber': 1341, 'title': "Jedi doesn't work with botostubs for AWS boto3", 'state': 'closed', 'created_at': '2019-06-11T00:29:25Z', 'closed_at': '2019-12-22T17:43:25Z', 'labels': {'name': 'discussion'}}
{'issuenumber': 1340, 'title': 'Automatically or manually unload modules to free memory', 'state': 'closed', 'created_at': '2019-06-03T09:39:35Z', 'closed_at': '2020-01-05T23:05:27Z', 'labels': {'name': 'feature'}}
{'issuenumber': 1339, 'title': '"TypeError: values() missing 1 required positional argument: \'name\'" with completions for typing', 'state': 'closed', 'created_at': '2019-05-31T08:24:59Z', 'closed_at': '2019-05-31T12:20:02Z', 'labels': []}
{'issuenumber': 1338, 'title': 'goto might end up in .pyi file', 'state': 'closed', 'created_at': '2019-05-29T03:45:01Z', 'closed_at': '2019-05-30T23:40:12Z', 'labels': []}
{'issuenumber': 1337, 'title': "UnboundLocalError: local variable 'builtin_func' referenced before assignment", 'state': 'closed', 'created_at': '2019-05-28T06:45:45Z', 'closed_at': '2019-05-31T12:25:04Z', 'labels': []}
{'issuenumber': 1336, 'title': 'Jedi not autocompleting for the tensorflow 2 alpha', 'state': 'closed', 'created_at': '2019-05-26T15:33:30Z', 'closed_at': '2019-06-11T23:03:24Z', 'labels': []}
{'issuenumber': 1335, 'title': 'Does not handle following instance created via `await`', 'state': 'closed', 'created_at': '2019-05-26T02:51:18Z', 'closed_at': '2019-05-27T17:53:37Z', 'labels': {'name': 'bug'}}
{'issuenumber': 1334, 'title': 'Have Jedi look at additional paths outside of sys.path for code completion', 'state': 'closed', 'created_at': '2019-05-24T11:15:23Z', 'closed_at': '2020-01-30T23:23:59Z', 'labels': {'name': 'feature'}}
{'issuenumber': 1333, 'title': "'bool' object has no attribute 'get_api_type'", 'state': 'closed', 'created_at': '2019-05-24T07:17:39Z', 'closed_at': '2019-05-24T07:37:02Z', 'labels': []}
{'issuenumber': 1332, 'title': 'Seeing same behavior described in #1242 in 0.13.3 when VIRTUAL_ENV is set.', 'state': 'closed', 'created_at': '2019-05-23T14:52:37Z', 'closed_at': '2019-05-24T14:36:55Z', 'labels': []}
{'issuenumber': 1331, 'title': 'Jedi crashed with FStringStart', 'state': 'closed', 'created_at': '2019-05-22T03:27:48Z', 'closed_at': '2019-06-01T23:48:59Z', 'labels': {'name': 'bug'}}
{'issuenumber': 1330, 'title': 'Line breaks disrupt natural flow of text in tooltip parameter hints', 'state': 'closed', 'created_at': '2019-05-20T19:37:24Z', 'closed_at': '2019-07-09T08:23:18Z', 'labels': {'name': 'feature'}}
{'issuenumber': 1329, 'title': "Go to definition (F12) doesn't go to a global variable defined in Python source file", 'state': 'closed', 'created_at': '2019-05-20T19:32:25Z', 'closed_at': '2019-06-21T21:48:10Z', 'labels': []}
{'issuenumber': 1328, 'title': "Parameter intellisense in some cases doesn't directly appear, unless function is modified", 'state': 'closed', 'created_at': '2019-05-20T19:08:10Z', 'closed_at': '2019-06-22T14:30:52Z', 'labels': []}
{'issuenumber': 1327, 'title': 'Argument list is shown in docstring area in few cases', 'state': 'closed', 'created_at': '2019-05-20T18:34:02Z', 'closed_at': '2019-06-23T23:06:48Z', 'labels': {'name': 'bug'}}
{'issuenumber': 1325, 'title': 'Code completion in `buildout.cfg` based projects', 'state': 'closed', 'created_at': '2019-05-19T20:30:16Z', 'closed_at': '2020-01-22T22:31:43Z', 'labels': {'name': 'discussion'}}
{'issuenumber': 1322, 'title': 'Auto-completion does not work for Image object created using Image.open() method when using PIL', 'state': 'closed', 'created_at': '2019-05-07T13:17:46Z', 'closed_at': '2019-05-07T22:24:02Z', 'labels': []}
{'issuenumber': 1321, 'title': 'Crashes when parsing super calls for classes without bases', 'state': 'closed', 'created_at': '2019-05-07T12:42:42Z', 'closed_at': '2019-06-14T07:26:11Z', 'labels': {'name': 'bug'}}
{'issuenumber': 1319, 'title': 'typeshed branch installation', 'state': 'closed', 'created_at': '2019-05-06T21:04:21Z', 'closed_at': '2019-05-19T22:38:38Z', 'labels': []}
{'issuenumber': 1318, 'title': 'Make PySide2 stubs work when loaded through Qt.py', 'state': 'closed', 'created_at': '2019-05-03T12:53:29Z', 'closed_at': '2019-06-01T10:27:24Z', 'labels': []}
{'issuenumber': 1317, 'title': 'goto_assignments not working when a submodule name shadows top-level, with relative imports', 'state': 'closed', 'created_at': '2019-04-29T12:41:10Z', 'closed_at': '2019-04-29T12:56:40Z', 'labels': []}
{'issuenumber': 1316, 'title': 'Cannot complete correctly for pytorch', 'state': 'closed', 'created_at': '2019-04-25T03:54:45Z', 'closed_at': '2019-05-04T09:31:50Z', 'labels': []}
{'issuenumber': 1315, 'title': "goto_assignments(follow_imports=True) goes to package's __init__.py", 'state': 'closed', 'created_at': '2019-04-23T14:50:34Z', 'closed_at': '2019-05-31T13:50:24Z', 'labels': {'name': 'bug'}}
{'issuenumber': 1314, 'title': 'Incorrect error caught', 'state': 'closed', 'created_at': '2019-04-16T09:33:01Z', 'closed_at': '2019-06-22T12:04:42Z', 'labels': {'name': 'bug'}}
{'issuenumber': 1311, 'title': 'Unable to solve method calls for multiple inheritence if "super()" is used', 'state': 'closed', 'created_at': '2019-04-09T09:39:57Z', 'closed_at': '2019-06-24T08:01:43Z', 'labels': {'name': 'bug'}}
{'issuenumber': 1310, 'title': 'Goto assignement confuses variable and function names', 'state': 'closed', 'created_at': '2019-04-09T08:55:07Z', 'closed_at': '2019-06-22T14:32:55Z', 'labels': {'name': 'bug'}}
{'issuenumber': 1309, 'title': 'Not showing top-level asynchronous function defintion with jedi.api.names', 'state': 'closed', 'created_at': '2019-04-07T14:33:58Z', 'closed_at': '2019-04-12T22:44:45Z', 'labels': {'name': 'bug'}}
{'issuenumber': 1306, 'title': 'AssertionError: speed issue test_os_path_join', 'state': 'closed', 'created_at': '2019-04-02T21:21:24Z', 'closed_at': '2019-04-05T12:06:31Z', 'labels': []}
{'issuenumber': 1305, 'title': 'Unable to complete on an attribute defined via a property', 'state': 'closed', 'created_at': '2019-04-01T22:04:25Z', 'closed_at': '2019-04-02T16:33:36Z', 'labels': []}
{'issuenumber': 1304, 'title': 'Unable to goto_assignment for for-loop-iterator', 'state': 'closed', 'created_at': '2019-04-01T17:16:11Z', 'closed_at': '2019-06-23T23:26:36Z', 'labels': {'name': 'bug'}}
{'issuenumber': 1303, 'title': 'Limit or restrict the allowed keywords', 'state': 'closed', 'created_at': '2019-03-30T05:59:11Z', 'closed_at': '2019-04-05T12:48:39Z', 'labels': []}
{'issuenumber': 1302, 'title': 'Typeshed branch import error', 'state': 'closed', 'created_at': '2019-03-29T10:06:32Z', 'closed_at': '2019-04-05T12:45:43Z', 'labels': []}
{'issuenumber': 1301, 'title': 'I found a question, please answer  :)', 'state': 'closed', 'created_at': '2019-03-20T09:00:51Z', 'closed_at': '2019-03-22T09:49:49Z', 'labels': []}
{'issuenumber': 1299, 'title': 'Jedi Autocomplete failing to populate properties for @property wrapped functon that returns a class object', 'state': 'closed', 'created_at': '2019-03-15T17:21:24Z', 'closed_at': '2019-08-11T19:26:13Z', 'labels': {'name': 'feature'}}
{'issuenumber': 1298, 'title': "'from sys import path' crashes Jedi", 'state': 'closed', 'created_at': '2019-03-12T15:15:53Z', 'closed_at': '2019-03-13T20:12:57Z', 'labels': {'name': 'bug'}}
{'issuenumber': 1294, 'title': 'Pyside2 completion causes KeyError loop', 'state': 'closed', 'created_at': '2019-03-01T19:18:47Z', 'closed_at': '2019-07-03T05:20:11Z', 'labels': {'name': 'discussion'}}
{'issuenumber': 1293, 'title': 'OSError: [Errno 24] Too many open files', 'state': 'closed', 'created_at': '2019-03-01T02:19:51Z', 'closed_at': '2019-03-03T10:28:09Z', 'labels': []}
{'issuenumber': 1292, 'title': "Autocomplete doesn't work on type-hinted module classes as function parameters ", 'state': 'closed', 'created_at': '2019-02-27T17:29:14Z', 'closed_at': '2019-06-22T14:16:55Z', 'labels': []}
{'issuenumber': 1288, 'title': 'jedi crashes during completion', 'state': 'closed', 'created_at': '2019-02-20T18:41:08Z', 'closed_at': '2019-05-19T22:40:14Z', 'labels': []}
{'issuenumber': 1287, 'title': 'Incomplete completion with PyQt5', 'state': 'closed', 'created_at': '2019-02-20T15:55:10Z', 'closed_at': '2019-07-16T07:17:51Z', 'labels': {'name': 'discussion'}}
{'issuenumber': 1286, 'title': 'names() with references raises ValueError when getting parameters of a definition', 'state': 'closed', 'created_at': '2019-02-18T14:34:07Z', 'closed_at': '2019-02-27T12:08:36Z', 'labels': []}
{'issuenumber': 1284, 'title': 'Incorrect options in autocompletion list', 'state': 'closed', 'created_at': '2019-02-15T11:20:37Z', 'closed_at': '2019-02-17T16:22:41Z', 'labels': []}
{'issuenumber': 1283, 'title': 'name.defined_names() causes ValueError for a simple function', 'state': 'closed', 'created_at': '2019-02-14T12:04:41Z', 'closed_at': '2019-02-27T12:08:37Z', 'labels': []}
{'issuenumber': 1281, 'title': 'Jedi provides no completions for typed lists', 'state': 'closed', 'created_at': '2019-02-11T22:22:05Z', 'closed_at': '2019-02-27T19:48:03Z', 'labels': []}
{'issuenumber': 1280, 'title': "linter doesn't dig context managers", 'state': 'closed', 'created_at': '2019-02-07T05:20:16Z', 'closed_at': '2019-12-13T15:59:13Z', 'labels': {'name': 'low-prio'}}
{'issuenumber': 1279, 'title': 'Error in Jedi while editing a file with deoplete-jedi', 'state': 'closed', 'created_at': '2019-02-06T14:37:13Z', 'closed_at': '2019-02-17T23:38:41Z', 'labels': []}
{'issuenumber': 1278, 'title': '[Question]Using Jedi to get full qualified name of objects', 'state': 'closed', 'created_at': '2019-02-03T23:41:23Z', 'closed_at': '2019-02-17T16:36:07Z', 'labels': []}
{'issuenumber': 1277, 'title': 'Exception for Python.NET modules', 'state': 'closed', 'created_at': '2019-02-03T03:17:29Z', 'closed_at': '2019-02-24T18:56:30Z', 'labels': []}
{'issuenumber': 1276, 'title': 'IPython completion (jedi.Interpreter) very slow when cwd is on NFS', 'state': 'closed', 'created_at': '2019-02-01T15:07:29Z', 'closed_at': '2019-03-02T08:47:03Z', 'labels': {'name': 'discussion'}}
{'issuenumber': 1275, 'title': 'Autocompletion Issue on Field of Field', 'state': 'closed', 'created_at': '2019-01-29T08:05:40Z', 'closed_at': '2019-02-24T23:27:40Z', 'labels': []}
{'issuenumber': 1274, 'title': 'Test failing with parso 0.3.2', 'state': 'closed', 'created_at': '2019-01-27T13:50:32Z', 'closed_at': '2019-02-12T23:29:37Z', 'labels': []}
{'issuenumber': 1273, 'title': 'Jedi crashes on completion with a KeyError on SequenceLiteralContext.mapping', 'state': 'closed', 'created_at': '2019-01-26T12:39:25Z', 'closed_at': '2019-04-05T16:06:25Z', 'labels': []}
{'issuenumber': 1272, 'title': 'Idea: documentation from inferred types', 'state': 'closed', 'created_at': '2019-01-22T01:53:29Z', 'closed_at': '2019-08-03T11:40:03Z', 'labels': {'name': 'feature'}}
{'issuenumber': 1271, 'title': 'UnpicklingError when using pyenv global python', 'state': 'closed', 'created_at': '2019-01-15T14:23:30Z', 'closed_at': '2019-02-25T00:17:32Z', 'labels': []}
{'issuenumber': 1269, 'title': 'Docs: Static analysis library capabilities', 'state': 'closed', 'created_at': '2018-12-26T15:57:29Z', 'closed_at': '2019-06-22T14:24:38Z', 'labels': {'name': 'discussion'}}
{'issuenumber': 1268, 'title': 'Error when exponentiating an attribute [Neovim]', 'state': 'closed', 'created_at': '2018-12-21T10:19:27Z', 'closed_at': '2018-12-25T00:02:53Z', 'labels': []}
{'issuenumber': 1266, 'title': "Vim's omni completion does not work from Windows and macOS from f9cbc65", 'state': 'closed', 'created_at': '2018-12-19T12:14:46Z', 'closed_at': '2018-12-23T15:59:30Z', 'labels': []}
{'issuenumber': 1265, 'title': 'Missing completion for numpy', 'state': 'closed', 'created_at': '2018-12-18T15:22:55Z', 'closed_at': '2018-12-23T10:20:36Z', 'labels': []}
{'issuenumber': 1264, 'title': '[Typeshed branch] Fail to cache module for path in root', 'state': 'closed', 'created_at': '2018-12-16T23:17:13Z', 'closed_at': '2018-12-22T21:16:54Z', 'labels': []}
{'issuenumber': 1263, 'title': 'Tests failing using Python 3.7', 'state': 'closed', 'created_at': '2018-12-08T20:28:02Z', 'closed_at': '2018-12-16T22:05:56Z', 'labels': []}
{'issuenumber': 1261, 'title': 'Another invalid escape sequence', 'state': 'closed', 'created_at': '2018-12-06T13:41:46Z', 'closed_at': '2018-12-22T21:51:39Z', 'labels': []}
{'issuenumber': 1259, 'title': 'no completions for @property decorated methods in Interpreter mode', 'state': 'closed', 'created_at': '2018-12-04T04:16:20Z', 'closed_at': '2019-08-11T21:17:35Z', 'labels': {'name': 'bug'}}
{'issuenumber': 1258, 'title': 'Scope of the usages', 'state': 'closed', 'created_at': '2018-11-29T12:07:12Z', 'closed_at': '2018-12-23T16:07:01Z', 'labels': []}
{'issuenumber': 1257, 'title': 'Using python 3.7 fails on a Mac', 'state': 'closed', 'created_at': '2018-11-26T19:47:16Z', 'closed_at': '2019-06-21T22:49:24Z', 'labels': []}
{'issuenumber': 1256, 'title': 'many extra processes', 'state': 'closed', 'created_at': '2018-11-26T19:01:17Z', 'closed_at': '2018-12-15T18:16:25Z', 'labels': []}
{'issuenumber': 1255, 'title': "UnboundLocalError: local variable 'builtin_func' referenced before assignment", 'state': 'closed', 'created_at': '2018-11-23T11:28:43Z', 'closed_at': '2018-12-25T11:44:16Z', 'labels': []}
{'issuenumber': 1253, 'title': "Exception: There's an issue (57 != 56) with the diff parser", 'state': 'closed', 'created_at': '2018-11-11T12:33:15Z', 'closed_at': '2019-01-24T00:25:27Z', 'labels': []}
{'issuenumber': 1251, 'title': 'Jedi on sublimeText3 too slow.', 'state': 'closed', 'created_at': '2018-11-10T15:03:46Z', 'closed_at': '2019-08-11T21:45:50Z', 'labels': {'name': 'performance'}}
{'issuenumber': 1250, 'title': "safety checks break virtualenv, but don't appear to provide any safety?", 'state': 'closed', 'created_at': '2018-11-06T00:29:46Z', 'closed_at': '2020-01-14T22:16:31Z', 'labels': {'name': 'discussion'}}
{'issuenumber': 1249, 'title': 'Jedi about to be removed from Debian testing?', 'state': 'closed', 'created_at': '2018-11-05T06:39:56Z', 'closed_at': '2018-11-13T00:07:00Z', 'labels': []}
{'issuenumber': 1248, 'title': 'Crash when using fstring as dict key', 'state': 'closed', 'created_at': '2018-11-03T21:49:31Z', 'closed_at': '2018-12-23T14:33:48Z', 'labels': []}
{'issuenumber': 1247, 'title': 'Is there a command that returns all available modules', 'state': 'closed', 'created_at': '2018-11-03T15:45:15Z', 'closed_at': '2019-08-02T22:36:05Z', 'labels': {'name': 'feature'}}
{'issuenumber': 1246, 'title': 'Unable to complete MySQL.', 'state': 'closed', 'created_at': '2018-10-31T03:31:03Z', 'closed_at': '2018-12-22T21:19:58Z', 'labels': []}
{'issuenumber': 1245, 'title': "Exception: There's an issue (45 != 43) with the diff parser.", 'state': 'closed', 'created_at': '2018-10-30T12:40:44Z', 'closed_at': '2019-01-24T00:25:46Z', 'labels': []}
{'issuenumber': 1244, 'title': 'Completion for dictionaries?', 'state': 'closed', 'created_at': '2018-10-27T09:35:55Z', 'closed_at': '2018-10-27T09:45:48Z', 'labels': []}
{'issuenumber': 1243, 'title': 'Navigation/location for conditionally defined functions not supported', 'state': 'closed', 'created_at': '2018-10-23T00:35:29Z', 'closed_at': '2019-06-22T11:59:53Z', 'labels': {'name': 'bug'}}
{'issuenumber': 1242, 'title': 'Jedi creating too many processes when VIRTUAL_ENV not set?', 'state': 'closed', 'created_at': '2018-10-22T05:28:09Z', 'closed_at': '2018-12-15T19:16:58Z', 'labels': []}
{'issuenumber': 1241, 'title': "`from ... import ...` for 'typing' leads to incorrect reported code structure", 'state': 'closed', 'created_at': '2018-10-18T23:40:18Z', 'closed_at': '2019-06-22T15:00:14Z', 'labels': []}
{'issuenumber': 1240, 'title': 'Jedi crashes in REPL with jedi applied via PYTHONSTARTUP on python 3.7 OSX 10.13', 'state': 'closed', 'created_at': '2018-10-15T08:11:44Z', 'closed_at': '2020-03-14T15:55:48Z', 'labels': {'name': 'bug'}}
{'issuenumber': 1239, 'title': 'CPython installed via pyenv is deemed unsafe', 'state': 'closed', 'created_at': '2018-10-14T14:12:29Z', 'closed_at': '2018-10-14T17:07:26Z', 'labels': []}
{'issuenumber': 1236, 'title': 'RuntimeError: generator raised StopIteration on PyQt5', 'state': 'closed', 'created_at': '2018-10-10T20:44:32Z', 'closed_at': '2019-06-24T21:56:55Z', 'labels': {'name': 'bug'}}
{'issuenumber': 1235, 'title': "completion do not work with 'from . import *'", 'state': 'closed', 'created_at': '2018-10-10T11:42:39Z', 'closed_at': '2019-06-22T14:46:56Z', 'labels': {'name': 'bug'}}
{'issuenumber': 1234, 'title': 'Cannot get `goto_definitions` to Pytorch functions with retroactive docstrings', 'state': 'closed', 'created_at': '2018-10-09T21:24:20Z', 'closed_at': '2019-08-02T15:41:43Z', 'labels': {'name': 'feature'}}
{'issuenumber': 1233, 'title': "AttributeError: 'DictComprehension' object has no attribute 'exact_key_items'", 'state': 'closed', 'created_at': '2018-10-09T09:26:46Z', 'closed_at': '2018-10-14T15:08:46Z', 'labels': []}
{'issuenumber': 1232, 'title': 'Intellisense does not work within {} inside f-strings', 'state': 'closed', 'created_at': '2018-10-06T16:53:35Z', 'closed_at': '2019-06-21T22:51:12Z', 'labels': {'name': 'bug'}}
{'issuenumber': 1231, 'title': 'Minor: date incorrect in news entry for 0.13.0', 'state': 'closed', 'created_at': '2018-10-06T07:40:52Z', 'closed_at': '2018-10-06T10:34:06Z', 'labels': []}
{'issuenumber': 1230, 'title': 'auto completion works for numpy.ndarray but not numpy.array', 'state': 'closed', 'created_at': '2018-10-04T01:34:25Z', 'closed_at': '2018-10-04T03:01:53Z', 'labels': []}
{'issuenumber': 1229, 'title': 'completion do not work with pwntools', 'state': 'closed', 'created_at': '2018-10-02T01:43:51Z', 'closed_at': '2019-08-02T15:00:30Z', 'labels': {'name': 'discussion'}}
{'issuenumber': 1228, 'title': 'Completion crash on global variables', 'state': 'closed', 'created_at': '2018-10-02T00:02:56Z', 'closed_at': '2018-10-02T13:28:59Z', 'labels': []}
{'issuenumber': 1227, 'title': 'Handle python version', 'state': 'closed', 'created_at': '2018-09-29T10:30:31Z', 'closed_at': '2018-09-29T10:59:12Z', 'labels': []}
{'issuenumber': 1225, 'title': 'Flags in `re` module (`re.A` and others) do not work since Python 3.6.', 'state': 'closed', 'created_at': '2018-09-27T11:55:03Z', 'closed_at': '2018-09-28T16:58:00Z', 'labels': []}
{'issuenumber': 1224, 'title': "Jedi seems unable to handle python 3.6's f-strings (PEP498)", 'state': 'closed', 'created_at': '2018-09-24T13:55:16Z', 'closed_at': '2018-09-30T11:36:15Z', 'labels': {'name': 'bug'}}
{'issuenumber': 1222, 'title': 'Crash on docstring() with complicated class decorators', 'state': 'closed', 'created_at': '2018-09-22T08:19:20Z', 'closed_at': '2018-09-23T19:00:12Z', 'labels': []}
{'issuenumber': 1218, 'title': 'Numpy and Scipy slow on completion.', 'state': 'closed', 'created_at': '2018-09-13T13:35:23Z', 'closed_at': '2018-09-30T18:55:55Z', 'labels': []}
{'issuenumber': 1216, 'title': 'Completions with type hint', 'state': 'closed', 'created_at': '2018-09-12T16:31:27Z', 'closed_at': '2018-09-21T14:39:35Z', 'labels': {'name': 'bug'}}
{'issuenumber': 1214, 'title': "'Parser' object has no attribute 'pgen_parser", 'state': 'closed', 'created_at': '2018-09-07T10:33:32Z', 'closed_at': '2018-09-08T07:33:19Z', 'labels': []}
{'issuenumber': 1213, 'title': 'PEP 557 dataclass support', 'state': 'closed', 'created_at': '2018-09-06T16:21:34Z', 'closed_at': '2019-07-19T09:58:14Z', 'labels': {'name': 'feature'}}
{'issuenumber': 1211, 'title': 'Jedi locks pyd files preventing recompilation', 'state': 'closed', 'created_at': '2018-08-30T18:44:50Z', 'closed_at': '2019-12-13T19:46:34Z', 'labels': {'name': 'feature'}}
{'issuenumber': 1210, 'title': 'test/test_evaluate/test_imports.py: test_os_issues fail when path.py is installed', 'state': 'closed', 'created_at': '2018-08-30T16:11:48Z', 'closed_at': '2019-05-26T11:06:47Z', 'labels': {'name': 'low-prio'}}
{'issuenumber': 1209, 'title': 'Completion on relative imports for packages with common name point to wrong package', 'state': 'closed', 'created_at': '2018-08-29T23:25:28Z', 'closed_at': '2019-03-08T18:01:15Z', 'labels': {'name': 'bug'}}
{'issuenumber': 1208, 'title': 'Method imported seen as a module type instead of a function', 'state': 'closed', 'created_at': '2018-08-29T12:36:57Z', 'closed_at': '2018-09-27T07:43:31Z', 'labels': []}
{'issuenumber': 1207, 'title': 'Zip files support', 'state': 'closed', 'created_at': '2018-08-23T22:39:03Z', 'closed_at': '2019-08-02T14:49:10Z', 'labels': {'name': 'discussion'}}
{'issuenumber': 1206, 'title': 'jedi library not found', 'state': 'closed', 'created_at': '2018-08-23T02:28:58Z', 'closed_at': '2019-06-21T22:51:48Z', 'labels': []}
{'issuenumber': 1205, 'title': 'Documentation to show definition statement for typing new types', 'state': 'closed', 'created_at': '2018-08-21T18:16:09Z', 'closed_at': '2019-07-21T10:45:35Z', 'labels': {'name': 'feature'}}
{'issuenumber': 1204, 'title': 'After update to Jedi 0.12.1 and Parso 0.3.1-- autocomplete crash', 'state': 'closed', 'created_at': '2018-08-20T10:45:17Z', 'closed_at': '2019-06-22T07:34:19Z', 'labels': []}
{'issuenumber': 1202, 'title': 'jedi.api.names with all_scopes=False extracts a class-scoped variable', 'state': 'closed', 'created_at': '2018-08-14T19:28:21Z', 'closed_at': '2019-08-02T15:01:58Z', 'labels': {'name': 'bug'}}
{'issuenumber': 1200, 'title': 'get_cached_default_environment should be invalidated if $VIRTUAL_ENV changes', 'state': 'closed', 'created_at': '2018-08-13T15:55:16Z', 'closed_at': '2018-10-02T20:54:29Z', 'labels': []}
{'issuenumber': 1198, 'title': 'Strangely, cannot recognize function with type hinting.', 'state': 'closed', 'created_at': '2018-08-13T03:18:13Z', 'closed_at': '2018-08-13T08:02:00Z', 'labels': []}
{'issuenumber': 1197, 'title': 'Add IronPython support.', 'state': 'closed', 'created_at': '2018-08-11T15:33:47Z', 'closed_at': '2019-06-21T22:55:01Z', 'labels': {'name': 'feature'}}
{'issuenumber': 1196, 'title': 'Add option to disable python "version upgrade" behavior in jedi', 'state': 'closed', 'created_at': '2018-08-11T04:08:26Z', 'closed_at': '2018-09-30T17:09:55Z', 'labels': []}
{'issuenumber': 1195, 'title': 'Slow performance of Jedi with large libraries (cv2/PIL) imported  ', 'state': 'closed', 'created_at': '2018-08-06T15:11:31Z', 'closed_at': '2018-10-01T22:53:41Z', 'labels': []}
{'issuenumber': 1194, 'title': 'Exception when getting completions for mxnet package', 'state': 'closed', 'created_at': '2018-08-05T04:04:40Z', 'closed_at': '2018-08-06T02:38:27Z', 'labels': []}
{'issuenumber': 1193, 'title': 'Cannot get signature of objects imported from __init__.py', 'state': 'closed', 'created_at': '2018-08-05T02:25:16Z', 'closed_at': '2018-08-05T09:08:49Z', 'labels': []}
{'issuenumber': 1191, 'title': 'Jedi crashes virtualenv python process', 'state': 'closed', 'created_at': '2018-08-01T16:07:23Z', 'closed_at': '2019-02-24T23:47:26Z', 'labels': []}
{'issuenumber': 1190, 'title': 'Type annotations breaks Jedi operations on MacOS', 'state': 'closed', 'created_at': '2018-08-01T07:14:30Z', 'closed_at': '2018-08-01T14:07:02Z', 'labels': []}
{'issuenumber': 1189, 'title': 'Completions not working for tornado.log.gen_log.', 'state': 'closed', 'created_at': '2018-07-31T18:28:35Z', 'closed_at': '2019-06-21T22:55:52Z', 'labels': {'name': 'bug'}}
{'issuenumber': 1188, 'title': 'jedi-vim not work for third lib with python 3.7', 'state': 'closed', 'created_at': '2018-07-30T19:06:49Z', 'closed_at': '2018-07-31T03:35:06Z', 'labels': []}
{'issuenumber': 1187, 'title': 'Demo code fails in Python 2.7 when Py3 is installed', 'state': 'closed', 'created_at': '2018-07-30T15:00:20Z', 'closed_at': '2019-06-21T23:00:42Z', 'labels': []}
{'issuenumber': 1186, 'title': 'Problem showing parameter list when calling a classmethod', 'state': 'closed', 'created_at': '2018-07-29T18:48:06Z', 'closed_at': '2018-07-30T09:05:37Z', 'labels': []}
{'issuenumber': 1184, 'title': 'Jedi completion in Python Interpreter on windows', 'state': 'closed', 'created_at': '2018-07-24T10:41:11Z', 'closed_at': '2018-09-30T11:36:15Z', 'labels': []}
{'issuenumber': 1183, 'title': 'go to definition doesn\'t work with relative imports ("Definition not found.")', 'state': 'closed', 'created_at': '2018-07-18T22:44:11Z', 'closed_at': '2018-07-20T22:16:34Z', 'labels': {'name': 'bug'}}
{'issuenumber': 1182, 'title': 'Wrong call signatures for Exception (empty)', 'state': 'closed', 'created_at': '2018-07-17T22:35:02Z', 'closed_at': '2019-06-21T22:58:04Z', 'labels': {'name': 'bug'}}
{'issuenumber': 1177, 'title': "Add '3.7' to _SUPPORTED_PYTHONS in 'jedi/jedi/api/environment.py' ?", 'state': 'closed', 'created_at': '2018-07-15T21:13:38Z', 'closed_at': '2018-12-16T22:02:57Z', 'labels': {'name': 'feature'}}
{'issuenumber': 1175, 'title': 'Finding out if a function in a child class is overriding another function in the base class . ', 'state': 'closed', 'created_at': '2018-07-14T22:05:34Z', 'closed_at': '2019-12-24T11:51:24Z', 'labels': {'name': 'feature'}}
{'issuenumber': 1173, 'title': 'Infinite recursion in jedi.evaluate', 'state': 'closed', 'created_at': '2018-07-11T20:50:01Z', 'closed_at': '2018-07-18T08:03:27Z', 'labels': {'name': 'bug'}}
{'issuenumber': 1172, 'title': 'imp module is deprecated', 'state': 'closed', 'created_at': '2018-07-10T14:38:53Z', 'closed_at': '2018-07-11T06:26:08Z', 'labels': []}
{'issuenumber': 1168, 'title': 'Script might throw ValueError for line / inconsistent line joining/splitting?!', 'state': 'closed', 'created_at': '2018-07-08T22:09:05Z', 'closed_at': '2018-07-15T16:29:57Z', 'labels': []}
{'issuenumber': 1167, 'title': 'Script: encoding is not used / API for list of lines', 'state': 'closed', 'created_at': '2018-07-08T22:06:29Z', 'closed_at': '2018-07-09T18:12:17Z', 'labels': {'name': 'bug'}}
{'issuenumber': 1166, 'title': 'Script: allow to set source and especially position', 'state': 'closed', 'created_at': '2018-07-08T19:04:03Z', 'closed_at': '2019-12-20T19:05:42Z', 'labels': {'name': 'feature'}}
{'issuenumber': 1165, 'title': 'subprocess client: do not mute sys.stderr', 'state': 'closed', 'created_at': '2018-07-05T16:42:26Z', 'closed_at': '2019-06-21T23:03:30Z', 'labels': {'name': 'discussion'}}
{'issuenumber': 1163, 'title': 'Is it possible to have suggestions of parameters from parent method, if there is super(**kwargs)?', 'state': 'closed', 'created_at': '2018-07-02T10:27:51Z', 'closed_at': '2019-08-01T00:11:06Z', 'labels': {'name': 'feature'}}
{'issuenumber': 1157, 'title': "Latest release on pypi doesn't play nice with python 3.7", 'state': 'closed', 'created_at': '2018-06-29T23:08:18Z', 'closed_at': '2018-06-30T13:06:22Z', 'labels': []}
{'issuenumber': 1155, 'title': 'API: Environment: create_environment is not deterministic', 'state': 'closed', 'created_at': '2018-06-23T08:23:15Z', 'closed_at': '2018-07-15T18:58:39Z', 'labels': {'name': 'discussion'}}
{'issuenumber': 1154, 'title': 'Type hinting, rtype module', 'state': 'closed', 'created_at': '2018-06-22T17:31:03Z', 'closed_at': '2019-07-24T11:48:53Z', 'labels': {'name': 'feature'}}
{'issuenumber': 1153, 'title': 'Jedi not able to populate import all the modules from `__init__`', 'state': 'closed', 'created_at': '2018-06-22T16:43:55Z', 'closed_at': '2018-06-23T12:57:12Z', 'labels': []}
{'issuenumber': 1148, 'title': 'Jedi import statement autocompletion removes working directory from sys.path', 'state': 'closed', 'created_at': '2018-06-18T14:42:18Z', 'closed_at': '2018-07-04T07:10:56Z', 'labels': {'name': 'bug'}}
{'issuenumber': 1147, 'title': 'Jedi, Anaconda and MacPorts. How to specify python binary without virtualenv', 'state': 'closed', 'created_at': '2018-06-18T00:11:34Z', 'closed_at': '2019-01-06T10:59:54Z', 'labels': {'name': 'discussion'}}
{'issuenumber': 1146, 'title': "AttributeError: 'PythonNode' object has no attribute 'value'", 'state': 'closed', 'created_at': '2018-06-17T09:52:30Z', 'closed_at': '2018-07-04T08:04:15Z', 'labels': {'name': 'bug'}}
{'issuenumber': 1144, 'title': 'No completions for DefaultDict', 'state': 'closed', 'created_at': '2018-06-16T01:31:02Z', 'closed_at': '2018-06-16T13:17:01Z', 'labels': []}
{'issuenumber': 1142, 'title': 'get_default_environment can return a python3 environment when running on python2', 'state': 'closed', 'created_at': '2018-06-12T10:31:31Z', 'closed_at': '2018-06-12T18:46:42Z', 'labels': {'name': 'discussion'}}
{'issuenumber': 1141, 'title': 'Completing f-strings crashes jedi', 'state': 'closed', 'created_at': '2018-06-11T05:43:43Z', 'closed_at': '2018-07-01T23:26:56Z', 'labels': {'name': 'bug'}}
{'issuenumber': 1139, 'title': 'get AttributeError when getting property params', 'state': 'closed', 'created_at': '2018-06-06T07:31:12Z', 'closed_at': '2019-08-02T11:49:42Z', 'labels': {'name': 'discussion'}}
{'issuenumber': 1138, 'title': 'Cannot complete object from context manager on one-liner statement', 'state': 'closed', 'created_at': '2018-06-05T12:53:41Z', 'closed_at': '2018-06-30T11:56:21Z', 'labels': {'name': 'bug'}}
{'issuenumber': 1137, 'title': 'Cannot complete methods of a file object within a with statement on Python 2', 'state': 'closed', 'created_at': '2018-06-05T12:53:36Z', 'closed_at': '2018-06-06T14:32:46Z', 'labels': []}
{'issuenumber': 1135, 'title': 'For scikit-learn methods defined in base classes are sometimes missing', 'state': 'closed', 'created_at': '2018-06-04T18:20:24Z', 'closed_at': '2020-01-04T01:32:06Z', 'labels': {'name': 'discussion'}}
{'issuenumber': 1134, 'title': 'Jedi autocompletion not working with ipython 6.3?', 'state': 'closed', 'created_at': '2018-05-31T16:05:36Z', 'closed_at': '2018-06-02T17:32:35Z', 'labels': []}
{'issuenumber': 1133, 'title': 'Jedi does not recognize `not isinstance()` ramifications', 'state': 'closed', 'created_at': '2018-05-29T21:57:21Z', 'closed_at': '2020-02-04T00:09:20Z', 'labels': {'name': 'feature'}}
{'issuenumber': 1132, 'title': 'Decorated functions with local imports stop completions', 'state': 'closed', 'created_at': '2018-05-29T21:18:16Z', 'closed_at': '2018-07-05T23:25:14Z', 'labels': {'name': 'bug'}}
{'issuenumber': 1131, 'title': 'line/column value is `None` in definition returns from Script.usages() for `sys` module', 'state': 'closed', 'created_at': '2018-05-29T09:25:50Z', 'closed_at': '2018-07-03T21:00:59Z', 'labels': {'name': 'feature'}}
{'issuenumber': 1130, 'title': 'Exception distutils.spawn', 'state': 'closed', 'created_at': '2018-05-27T21:01:56Z', 'closed_at': '2018-06-07T19:07:24Z', 'labels': []}
{'issuenumber': 1129, 'title': '`create_evaluated_sequence_set` is not defined!', 'state': 'closed', 'created_at': '2018-05-24T17:43:23Z', 'closed_at': '2018-06-07T19:03:24Z', 'labels': []}
{'issuenumber': 1128, 'title': 'Jedi ignoring code in `__name__ == "__main__"` blocks', 'state': 'closed', 'created_at': '2018-05-23T23:43:01Z', 'closed_at': '2018-06-01T07:22:11Z', 'labels': {'name': 'bug'}}
{'issuenumber': 1127, 'title': "typing.TYPE_CHECKING doesn't seem to be honored", 'state': 'closed', 'created_at': '2018-05-23T04:26:00Z', 'closed_at': '2018-12-16T16:49:47Z', 'labels': {'name': 'feature'}}
{'issuenumber': 1126, 'title': 'sometimes auto complete can not work in vscode ', 'state': 'closed', 'created_at': '2018-05-23T03:52:09Z', 'closed_at': '2018-05-26T00:42:44Z', 'labels': []}
{'issuenumber': 1123, 'title': 'Include output / more information with "has crashed" exception', 'state': 'closed', 'created_at': '2018-05-17T10:13:10Z', 'closed_at': '2018-06-23T09:37:44Z', 'labels': []}
{'issuenumber': 1122, 'title': 'Coverage report in project using jedi references non-existent module "blub"', 'state': 'closed', 'created_at': '2018-05-15T23:37:10Z', 'closed_at': '2018-05-15T23:37:28Z', 'labels': []}
{'issuenumber': 1121, 'title': 'Diff parser exception when removing newline at the end of file', 'state': 'closed', 'created_at': '2018-05-14T18:33:42Z', 'closed_at': '2018-05-20T17:14:54Z', 'labels': []}
{'issuenumber': 1120, 'title': 'Completion candidates inferred from type annotations in functions', 'state': 'closed', 'created_at': '2018-05-14T16:25:22Z', 'closed_at': '2018-05-14T23:16:45Z', 'labels': []}
{'issuenumber': 1117, 'title': 'AssertionError: Cannot evaluate the keyword <Keyword: yield>', 'state': 'closed', 'created_at': '2018-05-04T10:49:25Z', 'closed_at': '2018-05-23T09:12:31Z', 'labels': []}
{'issuenumber': 1116, 'title': 'Accessing completion attributes is very slow (tensorflow)', 'state': 'closed', 'created_at': '2018-05-02T23:09:33Z', 'closed_at': '2020-01-05T18:17:15Z', 'labels': {'name': 'performance'}}
{'issuenumber': 1114, 'title': 'jedi.create_environment fails when using Anaconda', 'state': 'closed', 'created_at': '2018-04-27T20:31:11Z', 'closed_at': '2018-04-30T13:54:02Z', 'labels': []}
{'issuenumber': 1113, 'title': 'Completions fails in 0.12.0', 'state': 'closed', 'created_at': '2018-04-27T20:28:55Z', 'closed_at': '2019-06-22T14:56:00Z', 'labels': []}
{'issuenumber': 1112, 'title': 'Travis: too many build jobs?', 'state': 'closed', 'created_at': '2018-04-27T08:51:14Z', 'closed_at': '2018-04-27T10:21:28Z', 'labels': []}
{'issuenumber': 1107, 'title': 'Environment: improve getting sys.prefix', 'state': 'closed', 'created_at': '2018-04-27T07:52:26Z', 'closed_at': '2018-06-30T21:21:53Z', 'labels': []}
{'issuenumber': 1106, 'title': 'No documentation on imported class', 'state': 'closed', 'created_at': '2018-04-26T20:07:55Z', 'closed_at': '2018-04-26T20:08:11Z', 'labels': []}
{'issuenumber': 1105, 'title': 'Autocompletion fails namespace packages', 'state': 'closed', 'created_at': '2018-04-25T10:42:18Z', 'closed_at': '2018-05-01T21:18:31Z', 'labels': []}
{'issuenumber': 1104, 'title': 'Dear David ,Can you help me see where the code is wrong?', 'state': 'closed', 'created_at': '2018-04-25T09:56:03Z', 'closed_at': '2018-04-25T19:07:39Z', 'labels': []}
{'issuenumber': 1103, 'title': 'completion error for groupby when DataFrame is created in a function', 'state': 'closed', 'created_at': '2018-04-25T02:08:29Z', 'closed_at': '2018-05-01T21:44:03Z', 'labels': []}
{'issuenumber': 1102, 'title': 'No completions for opencv-python/cv2 3.4.0.12', 'state': 'closed', 'created_at': '2018-04-24T16:27:16Z', 'closed_at': '2018-04-25T17:27:33Z', 'labels': []}
{'issuenumber': 1101, 'title': 'During handling of the above exception, another exception occurred: ', 'state': 'closed', 'created_at': '2018-04-24T15:57:33Z', 'closed_at': '2018-04-25T06:26:14Z', 'labels': []}
{'issuenumber': 1100, 'title': 'Regression: Autocomplete not working after typing `User.objects.`', 'state': 'closed', 'created_at': '2018-04-23T21:17:32Z', 'closed_at': '2018-04-23T22:01:43Z', 'labels': []}
{'issuenumber': 1098, 'title': 'Jedi healthcheck fails - no attribute sys_path', 'state': 'closed', 'created_at': '2018-04-23T05:37:08Z', 'closed_at': '2018-04-23T19:36:41Z', 'labels': []}
{'issuenumber': 1097, 'title': 'No completion if object is asserted pandas DataFrame', 'state': 'closed', 'created_at': '2018-04-22T21:21:29Z', 'closed_at': '2018-07-04T07:57:30Z', 'labels': []}
{'issuenumber': 1096, 'title': 'Start using Typeshed', 'state': 'closed', 'created_at': '2018-04-19T23:02:30Z', 'closed_at': '2018-12-16T16:49:07Z', 'labels': {'name': 'feature'}}
{'issuenumber': 1095, 'title': 'Typing when generics are involved do not work', 'state': 'closed', 'created_at': '2018-04-19T22:39:39Z', 'closed_at': '2019-06-21T23:05:40Z', 'labels': {'name': 'bug'}}
{'issuenumber': 1094, 'title': 'multiprocessing completions missing', 'state': 'closed', 'created_at': '2018-04-19T21:41:13Z', 'closed_at': '2019-06-21T23:07:38Z', 'labels': {'name': 'feature'}}
{'issuenumber': 1093, 'title': 'No completions for NumPy 1.14', 'state': 'closed', 'created_at': '2018-04-19T20:00:01Z', 'closed_at': '2018-04-24T09:20:58Z', 'labels': []}
{'issuenumber': 1092, 'title': 'Completions in async functions appear incomplete', 'state': 'closed', 'created_at': '2018-04-19T19:46:58Z', 'closed_at': '2018-04-23T23:05:49Z', 'labels': {'name': 'bug'}}
{'issuenumber': 1091, 'title': 'Return annotations not returned', 'state': 'closed', 'created_at': '2018-04-19T19:43:27Z', 'closed_at': '2018-04-19T23:27:43Z', 'labels': []}
{'issuenumber': 1090, 'title': 'Completions not appropriate for enum members', 'state': 'closed', 'created_at': '2018-04-19T19:02:08Z', 'closed_at': '2019-07-18T10:07:02Z', 'labels': {'name': 'feature'}}
{'issuenumber': 1089, 'title': 'How best to upstream issues?', 'state': 'closed', 'created_at': '2018-04-18T19:05:29Z', 'closed_at': '2018-04-18T20:23:13Z', 'labels': []}
{'issuenumber': 1087, 'title': 'Regression between releases `0.10.2` and `0.11.0` via. `ptpython`', 'state': 'closed', 'created_at': '2018-04-18T12:39:16Z', 'closed_at': '2018-04-23T19:26:18Z', 'labels': {'name': 'bug'}}
{'issuenumber': 1085, 'title': 'Jedi complete numbers in a strange way', 'state': 'closed', 'created_at': '2018-04-17T07:28:39Z', 'closed_at': '2019-07-02T05:35:14Z', 'labels': {'name': 'discussion'}}
{'issuenumber': 1084, 'title': 'Completion not always working with context managers', 'state': 'closed', 'created_at': '2018-04-15T09:30:05Z', 'closed_at': '2019-12-14T10:39:04Z', 'labels': {'name': 'feature'}}
{'issuenumber': 1083, 'title': 'np.zeros, np.array, etc. not correctly identified', 'state': 'closed', 'created_at': '2018-04-13T22:35:14Z', 'closed_at': '2019-06-22T15:06:22Z', 'labels': []}
{'issuenumber': 1081, 'title': "Exception: There's an issue (XXX != XXX) with the diff parser", 'state': 'closed', 'created_at': '2018-04-11T07:20:54Z', 'closed_at': '2018-05-21T11:01:37Z', 'labels': {'name': 'bug'}}
{'issuenumber': 1078, 'title': "Configure autocomplete to only suggest 'public-facing' symbols", 'state': 'closed', 'created_at': '2018-04-07T23:13:57Z', 'closed_at': '2018-04-10T07:42:54Z', 'labels': []}
{'issuenumber': 1076, 'title': 'Getting return types from definitions (like Definition().execute())', 'state': 'closed', 'created_at': '2018-04-07T15:08:36Z', 'closed_at': '2019-08-03T00:01:40Z', 'labels': {'name': 'feature'}}
{'issuenumber': 1075, 'title': "Can't complete time.strptime return struct_time class (Implement typing.NamedTuple)", 'state': 'closed', 'created_at': '2018-04-07T05:30:59Z', 'closed_at': '2019-12-27T16:57:07Z', 'labels': {'name': 'feature'}}
{'issuenumber': 1074, 'title': 'Removing "param" from output', 'state': 'closed', 'created_at': '2018-04-06T12:14:42Z', 'closed_at': '2019-08-02T11:49:43Z', 'labels': {'name': 'feature'}}
{'issuenumber': 1073, 'title': '`column` parameter is not in a valid range', 'state': 'closed', 'created_at': '2018-04-04T03:28:04Z', 'closed_at': '2018-04-07T16:30:43Z', 'labels': []}
{'issuenumber': 1072, 'title': 'Window gvim completion will pop gvim window', 'state': 'closed', 'created_at': '2018-04-03T11:40:23Z', 'closed_at': '2018-04-15T14:47:18Z', 'labels': []}
{'issuenumber': 1071, 'title': 'Jedi not providing completion items for inherited variables and methods under python 2.7', 'state': 'closed', 'created_at': '2018-04-03T08:36:02Z', 'closed_at': '2018-04-10T07:20:14Z', 'labels': {'name': 'bug'}}
{'issuenumber': 1070, 'title': "API Exception: {'type': 'AttributeError', 'args': ('lambda is not named.',), 'message': 'lambda is not named.'}", 'state': 'closed', 'created_at': '2018-03-25T14:50:11Z', 'closed_at': '2021-11-23T21:36:58Z', 'labels': {'name': 'bug'}}
{'issuenumber': 1069, 'title': 'Possible autocomplete types', 'state': 'closed', 'created_at': '2018-03-25T06:39:28Z', 'closed_at': '2019-08-02T19:17:07Z', 'labels': {'name': 'feature'}}
{'issuenumber': 1063, 'title': 'Jedi News/Updates (Please Subscribe)', 'state': 'closed', 'created_at': '2018-03-22T19:43:21Z', 'closed_at': '2020-07-17T20:27:16Z', 'labels': {'name': 'release-discussion'}}
{'issuenumber': 1062, 'title': 'FileNotFoundError containing fugitive buffer name', 'state': 'closed', 'created_at': '2018-03-15T16:20:06Z', 'closed_at': '2018-07-04T20:06:11Z', 'labels': {'name': 'discussion'}}
{'issuenumber': 1061, 'title': 'Version 0.12 is not on PyPI', 'state': 'closed', 'created_at': '2018-03-15T12:34:17Z', 'closed_at': '2018-03-15T14:14:23Z', 'labels': []}
{'issuenumber': 1060, 'title': 'Definition for namedtuple is wrong', 'state': 'closed', 'created_at': '2018-03-14T10:02:16Z', 'closed_at': '2018-03-16T09:33:39Z', 'labels': []}
{'issuenumber': 1058, 'title': '`__signature__` and `__wrapped__` are ignored', 'state': 'closed', 'created_at': '2018-03-11T08:25:56Z', 'closed_at': '2019-07-28T22:37:29Z', 'labels': {'name': 'feature'}}
{'issuenumber': 1056, 'title': 'Understand Side Effects on Classes/Instances', 'state': 'closed', 'created_at': '2018-03-04T16:03:44Z', 'closed_at': '2020-01-05T18:35:30Z', 'labels': {'name': 'feature'}}
{'issuenumber': 1055, 'title': "Can't complete python3 code when using jedi running on python2", 'state': 'closed', 'created_at': '2018-03-04T14:21:25Z', 'closed_at': '2018-03-04T14:30:47Z', 'labels': []}
{'issuenumber': 1053, 'title': 'RFC: Environments (Virtualenv Improvements)', 'state': 'closed', 'created_at': '2018-02-27T09:15:05Z', 'closed_at': '2018-04-17T21:32:43Z', 'labels': {'name': 'release-discussion'}}
{'issuenumber': 1052, 'title': 'Missing types from typing module (PEP484)', 'state': 'closed', 'created_at': '2018-02-26T01:30:58Z', 'closed_at': '2019-07-21T10:44:46Z', 'labels': {'name': 'feature'}}
{'issuenumber': 1051, 'title': 'Autocompletion missing functions', 'state': 'closed', 'created_at': '2018-02-22T13:00:02Z', 'closed_at': '2018-02-26T18:46:59Z', 'labels': []}
{'issuenumber': 1050, 'title': "Doesn't understand within-package namespace imports", 'state': 'closed', 'created_at': '2018-02-21T15:31:10Z', 'closed_at': '2018-03-12T00:49:47Z', 'labels': []}
{'issuenumber': 1049, 'title': '[question] Custom parameter type inference', 'state': 'closed', 'created_at': '2018-02-21T11:53:30Z', 'closed_at': '2018-02-21T23:00:05Z', 'labels': []}
{'issuenumber': 1048, 'title': 'Python crashes after jedi imports similar C modules in one Python module', 'state': 'closed', 'created_at': '2018-02-20T23:20:29Z', 'closed_at': '2018-03-12T19:49:33Z', 'labels': {'name': 'discussion'}}
{'issuenumber': 1047, 'title': 'Find all references does not work on function definition', 'state': 'closed', 'created_at': '2018-02-20T16:04:30Z', 'closed_at': '2020-01-21T23:55:57Z', 'labels': {'name': 'feature'}}
{'issuenumber': 1045, 'title': 'test is installed', 'state': 'closed', 'created_at': '2018-02-17T05:43:26Z', 'closed_at': '2018-03-06T20:25:26Z', 'labels': []}
{'issuenumber': 1044, 'title': 'goto_definitions with `super().foo()` and same class name goes to current', 'state': 'closed', 'created_at': '2018-02-16T15:46:44Z', 'closed_at': '2018-03-08T09:09:15Z', 'labels': {'name': 'bug'}}
{'issuenumber': 1043, 'title': 'how to get current sources setted if I was edit a new python file?', 'state': 'closed', 'created_at': '2018-02-15T14:41:14Z', 'closed_at': '2018-02-15T14:59:54Z', 'labels': []}
{'issuenumber': 1042, 'title': 'Add completion on a variable if it matches a module name', 'state': 'closed', 'created_at': '2018-02-12T04:35:54Z', 'closed_at': '2018-03-14T20:59:51Z', 'labels': {'name': 'feature'}}
{'issuenumber': 1041, 'title': 'Nvim Segfault', 'state': 'closed', 'created_at': '2018-02-12T00:27:36Z', 'closed_at': '2018-02-12T02:03:33Z', 'labels': []}
{'issuenumber': 1039, 'title': 'How can I get "default" param value?', 'state': 'closed', 'created_at': '2018-02-05T12:58:01Z', 'closed_at': '2019-08-02T11:56:41Z', 'labels': {'name': 'feature'}}
{'issuenumber': 1037, 'title': 'Current master branch not usable with Python 2', 'state': 'closed', 'created_at': '2018-02-01T21:38:32Z', 'closed_at': '2018-03-12T00:48:38Z', 'labels': []}
{'issuenumber': 1036, 'title': "logoutï¼š'import warnings' failed; traceback: ", 'state': 'closed', 'created_at': '2018-01-29T04:03:01Z', 'closed_at': '2018-01-30T11:51:21Z', 'labels': []}
{'issuenumber': 1035, 'title': 'test/* is installed', 'state': 'closed', 'created_at': '2018-01-27T23:49:40Z', 'closed_at': '2018-01-28T19:28:26Z', 'labels': []}
{'issuenumber': 1034, 'title': "AttributeError: 'list' object has no attribute 'infer'", 'state': 'closed', 'created_at': '2018-01-26T21:53:13Z', 'closed_at': '2018-01-31T22:55:28Z', 'labels': {'name': 'bug'}}
{'issuenumber': 1033, 'title': 'Missing api_type with ImplicitNSName / error in __repr__', 'state': 'closed', 'created_at': '2018-01-24T22:27:48Z', 'closed_at': '2018-01-28T23:58:19Z', 'labels': {'name': 'bug'}}
{'issuenumber': 1031, 'title': 'Error getting completion params for `hashlib.blake2b`', 'state': 'closed', 'created_at': '2018-01-23T02:13:24Z', 'closed_at': '2018-01-26T00:32:48Z', 'labels': []}
{'issuenumber': 1030, 'title': 'Completion error "No such file \'rb\'" in CudaText plugin', 'state': 'closed', 'created_at': '2018-01-20T18:48:05Z', 'closed_at': '2018-01-20T21:04:16Z', 'labels': []}
{'issuenumber': 1029, 'title': 'Go to definition with relative imports', 'state': 'closed', 'created_at': '2018-01-18T22:32:37Z', 'closed_at': '2018-02-15T23:01:45Z', 'labels': {'name': 'bug'}}
{'issuenumber': 1028, 'title': "AttributeError: 'AnonymousArguments' object has no attribute 'argument_node'", 'state': 'closed', 'created_at': '2018-01-16T23:14:26Z', 'closed_at': '2018-01-18T17:47:02Z', 'labels': []}
{'issuenumber': 1027, 'title': 'Interpreter completions ignore `__dir__()` method', 'state': 'closed', 'created_at': '2018-01-15T16:00:37Z', 'closed_at': '2018-03-12T00:46:24Z', 'labels': {'name': 'bug'}}
{'issuenumber': 1025, 'title': 'Intellisense not working in a specific scenario', 'state': 'closed', 'created_at': '2018-01-11T22:54:05Z', 'closed_at': '2018-01-29T00:00:34Z', 'labels': {'name': 'bug'}}
{'issuenumber': 1024, 'title': "'test' directory is not properly exclude during build", 'state': 'closed', 'created_at': '2018-01-06T05:16:20Z', 'closed_at': '2018-01-07T13:13:48Z', 'labels': {'name': 'discussion'}}
{'issuenumber': 1023, 'title': 'Python 3.5 Test Fails Itself', 'state': 'closed', 'created_at': '2018-01-05T21:03:55Z', 'closed_at': '2018-01-05T22:03:11Z', 'labels': []}
{'issuenumber': 1016, 'title': 'Drop support for EOL Python 2.6 and 3.3?', 'state': 'closed', 'created_at': '2018-01-04T13:36:44Z', 'closed_at': '2018-01-06T12:36:27Z', 'labels': []}
{'issuenumber': 1015, 'title': 'Support completion for NewType "instances"', 'state': 'closed', 'created_at': '2018-01-04T04:03:41Z', 'closed_at': '2019-07-21T10:44:55Z', 'labels': {'name': 'feature'}}
{'issuenumber': 1014, 'title': 'Infinite recursion when completing the values of a dictionary', 'state': 'closed', 'created_at': '2017-12-27T21:38:24Z', 'closed_at': '2018-02-02T08:34:53Z', 'labels': {'name': 'bug'}}
{'issuenumber': 1013, 'title': 'Can not complete lib-dynload module', 'state': 'closed', 'created_at': '2017-12-24T18:11:22Z', 'closed_at': '2018-07-05T08:03:36Z', 'labels': {'name': 'bug'}}
{'issuenumber': 1012, 'title': 'In classes using typing generics, it seems parsing parent classes does not work', 'state': 'closed', 'created_at': '2017-12-20T08:19:56Z', 'closed_at': '2019-07-24T11:41:40Z', 'labels': {'name': 'feature'}}
{'issuenumber': 1010, 'title': 'pandas read_csv fuction crashes jedi', 'state': 'closed', 'created_at': '2017-12-19T07:22:29Z', 'closed_at': '2018-03-18T16:24:53Z', 'labels': {'name': 'bug'}}
{'issuenumber': 1009, 'title': 'Keywords not being completed in some cases on 0.11.0 or above', 'state': 'closed', 'created_at': '2017-12-12T15:43:00Z', 'closed_at': '2018-03-02T08:47:07Z', 'labels': {'name': 'bug'}}
{'issuenumber': 1008, 'title': 'Why is it so slow?', 'state': 'closed', 'created_at': '2017-12-10T03:13:40Z', 'closed_at': '2017-12-10T15:35:18Z', 'labels': []}
{'issuenumber': 1007, 'title': 'Does Jedi have import hints?', 'state': 'closed', 'created_at': '2017-12-08T06:34:06Z', 'closed_at': '2017-12-10T14:42:55Z', 'labels': []}
{'issuenumber': 1006, 'title': 'Error when getting the docstring of a parameter from the names method', 'state': 'closed', 'created_at': '2017-12-05T01:11:54Z', 'closed_at': '2018-03-07T09:08:17Z', 'labels': {'name': 'bug'}}
{'issuenumber': 1003, 'title': 'Crash on Win10: "import sy" completion', 'state': 'closed', 'created_at': '2017-11-25T08:24:11Z', 'closed_at': '2018-01-20T17:30:16Z', 'labels': {'name': 'bug'}}
{'issuenumber': 1001, 'title': 'deprecation warning provoked by import imp', 'state': 'closed', 'created_at': '2017-11-23T20:38:47Z', 'closed_at': '2018-03-06T20:27:10Z', 'labels': {'name': 'discussion'}}
{'issuenumber': 1000, 'title': '(387 != 388) (is True ;-)', 'state': 'closed', 'created_at': '2017-11-21T20:56:40Z', 'closed_at': '2018-03-11T22:42:48Z', 'labels': {'name': 'bug'}}
{'issuenumber': 999, 'title': 'Accept column indexes greater than the length of lines', 'state': 'closed', 'created_at': '2017-11-21T17:36:48Z', 'closed_at': '2017-11-22T19:29:50Z', 'labels': []}
{'issuenumber': 998, 'title': 'Unexpected property evaluation', 'state': 'closed', 'created_at': '2017-11-18T06:54:56Z', 'closed_at': '2017-11-18T07:04:28Z', 'labels': []}
{'issuenumber': 997, 'title': 'No auto-completion for dynamic attributes', 'state': 'closed', 'created_at': '2017-11-16T10:10:25Z', 'closed_at': '2019-12-24T00:45:03Z', 'labels': {'name': 'feature'}}
{'issuenumber': 996, 'title': 'RecursionError on goto_assignments of "sys"', 'state': 'closed', 'created_at': '2017-11-09T20:02:36Z', 'closed_at': '2018-01-29T23:08:27Z', 'labels': {'name': 'bug'}}
{'issuenumber': 995, 'title': '"Goto" prefers local module instead of global one', 'state': 'closed', 'created_at': '2017-11-07T12:56:25Z', 'closed_at': '2017-12-19T19:51:21Z', 'labels': []}
{'issuenumber': 994, 'title': 'Not a issue, only a question about Jedi with big files ', 'state': 'closed', 'created_at': '2017-11-06T19:57:12Z', 'closed_at': '2017-11-11T20:58:07Z', 'labels': []}
{'issuenumber': 993, 'title': 'New release of Jedi', 'state': 'closed', 'created_at': '2017-11-06T01:36:04Z', 'closed_at': '2017-11-11T00:15:29Z', 'labels': {'name': 'release-discussion'}}
{'issuenumber': 992, 'title': 'Certain "dynamic" imports in pygments will not work with goto', 'state': 'closed', 'created_at': '2017-11-03T16:55:16Z', 'closed_at': '2017-11-03T17:45:29Z', 'labels': []}
{'issuenumber': 991, 'title': 'If inside a file the same name as a package importing, go to declaration may not work', 'state': 'closed', 'created_at': '2017-11-03T16:43:57Z', 'closed_at': '2018-02-28T22:57:27Z', 'labels': []}
{'issuenumber': 990, 'title': 'Type hints for return values', 'state': 'closed', 'created_at': '2017-11-02T21:58:09Z', 'closed_at': '2018-12-16T18:39:12Z', 'labels': {'name': 'bug'}}
{'issuenumber': 989, 'title': 'No call signatures on PyQt5 anymore', 'state': 'closed', 'created_at': '2017-11-01T20:37:22Z', 'closed_at': '2019-12-22T18:28:50Z', 'labels': {'name': 'discussion'}}
{'issuenumber': 988, 'title': 'Use `types` instead of SPECIAL_OBJECTS', 'state': 'closed', 'created_at': '2017-11-01T16:51:42Z', 'closed_at': '2018-01-20T18:14:19Z', 'labels': []}
{'issuenumber': 987, 'title': 'Generate typehints for python3', 'state': 'closed', 'created_at': '2017-11-01T16:25:24Z', 'closed_at': '2020-02-02T17:42:24Z', 'labels': {'name': 'feature'}}
{'issuenumber': 985, 'title': 'Support all async constructs of python 3.6', 'state': 'closed', 'created_at': '2017-11-01T12:57:07Z', 'closed_at': '2018-03-02T08:33:43Z', 'labels': {'name': 'feature'}}
{'issuenumber': 984, 'title': 'Wrong completion for numbers', 'state': 'closed', 'created_at': '2017-11-01T12:18:14Z', 'closed_at': '2017-11-01T22:56:48Z', 'labels': []}
{'issuenumber': 983, 'title': 'AttributeError on webdriver.create_options() completion result (selenium)', 'state': 'closed', 'created_at': '2017-10-31T23:54:10Z', 'closed_at': '2018-03-06T21:10:46Z', 'labels': {'name': 'bug'}}
{'issuenumber': 980, 'title': 'Wrong completion for arbitrary argument lists', 'state': 'closed', 'created_at': '2017-10-29T15:45:41Z', 'closed_at': '2019-07-23T21:59:45Z', 'labels': {'name': 'feature'}}
{'issuenumber': 979, 'title': 'can not import NotFoundError', 'state': 'closed', 'created_at': '2017-10-29T09:23:09Z', 'closed_at': '2017-10-29T10:20:17Z', 'labels': []}
{'issuenumber': 975, 'title': "Can not load 'pyc' in archive. (Windows embeddable zip file)", 'state': 'closed', 'created_at': '2017-10-26T17:07:56Z', 'closed_at': '2018-01-20T18:07:27Z', 'labels': {'name': 'bug'}}
{'issuenumber': 974, 'title': 'PEP 526 - Ahead of time annotations', 'state': 'closed', 'created_at': '2017-10-26T10:16:28Z', 'closed_at': '2018-01-30T23:15:16Z', 'labels': {'name': 'bug'}}
{'issuenumber': 973, 'title': "Jedi 0.11.0 can't goto_definitions (from . import ...) where 0.10.2 could", 'state': 'closed', 'created_at': '2017-10-25T22:51:54Z', 'closed_at': '2018-02-15T13:10:13Z', 'labels': {'name': 'bug'}}
{'issuenumber': 972, 'title': 'Jedi not correctly caching since v0.10.0?', 'state': 'closed', 'created_at': '2017-10-25T17:51:23Z', 'closed_at': '2017-11-05T16:13:06Z', 'labels': []}
{'issuenumber': 970, 'title': 'During handling of the above exception, another exception occurred:', 'state': 'closed', 'created_at': '2017-10-17T20:37:02Z', 'closed_at': '2018-01-18T18:03:44Z', 'labels': {'name': 'bug'}}
{'issuenumber': 969, 'title': "AC exception: 'NoneType' object has no attribute 'argument_node'", 'state': 'closed', 'created_at': '2017-10-17T20:12:45Z', 'closed_at': '2018-01-18T17:44:45Z', 'labels': {'name': 'bug'}}
{'issuenumber': 968, 'title': 'Exception on AC a comment', 'state': 'closed', 'created_at': '2017-10-16T20:15:20Z', 'closed_at': '2018-03-02T08:10:13Z', 'labels': {'name': 'bug'}}
{'issuenumber': 967, 'title': 'pygame methods arguments popup not always working (python3.6 / pygame / linux)', 'state': 'closed', 'created_at': '2017-10-14T10:18:15Z', 'closed_at': '2017-10-14T11:57:23Z', 'labels': []}
{'issuenumber': 966, 'title': 'calling completions() for python-pptx package raises RecursionError', 'state': 'closed', 'created_at': '2017-10-04T11:37:43Z', 'closed_at': '2018-03-06T20:44:28Z', 'labels': {'name': 'bug'}}
{'issuenumber': 964, 'title': "Autocompletion doesn't work properly with custom library (dataset)", 'state': 'closed', 'created_at': '2017-09-29T00:46:15Z', 'closed_at': '2018-01-09T22:44:14Z', 'labels': []}
{'issuenumber': 962, 'title': 'Dynamic check for VIRTUAL_ENV python version', 'state': 'closed', 'created_at': '2017-09-09T18:36:44Z', 'closed_at': '2018-03-12T19:57:23Z', 'labels': {'name': 'feature'}}
{'issuenumber': 961, 'title': 'Release 0.11.0', 'state': 'closed', 'created_at': '2017-09-07T08:52:08Z', 'closed_at': '2017-09-20T21:57:54Z', 'labels': {'name': 'release-discussion'}}
{'issuenumber': 959, 'title': 'implicit namespace packages', 'state': 'closed', 'created_at': '2017-08-28T10:18:51Z', 'closed_at': '2018-02-15T22:34:18Z', 'labels': {'name': 'feature'}}
{'issuenumber': 957, 'title': 'Jedi cache 1.5G', 'state': 'closed', 'created_at': '2017-08-22T10:08:40Z', 'closed_at': '2017-08-23T21:12:38Z', 'labels': []}
{'issuenumber': 956, 'title': "When in __init__, a module in current directory isn't found", 'state': 'closed', 'created_at': '2017-08-19T14:42:48Z', 'closed_at': '2017-09-11T19:48:51Z', 'labels': {'name': 'bug'}}
{'issuenumber': 955, 'title': 'Does jedi support PowerShell?', 'state': 'closed', 'created_at': '2017-08-19T12:46:04Z', 'closed_at': '2017-08-19T12:57:14Z', 'labels': []}
{'issuenumber': 954, 'title': 'Question: How to get usages of a project?', 'state': 'closed', 'created_at': '2017-08-19T12:40:24Z', 'closed_at': '2017-08-19T13:02:49Z', 'labels': []}
{'issuenumber': 952, 'title': 'PEP484 support for CompiledObjects (strings)', 'state': 'closed', 'created_at': '2017-08-11T09:21:30Z', 'closed_at': '2020-01-10T14:19:04Z', 'labels': {'name': 'feature'}}
{'issuenumber': 951, 'title': 'Feature request: dict auto completion', 'state': 'closed', 'created_at': '2017-08-09T13:40:06Z', 'closed_at': '2019-12-31T20:01:31Z', 'labels': {'name': 'feature'}}
{'issuenumber': 949, 'title': 'How to auto complete with only pyd file but without .py file?', 'state': 'closed', 'created_at': '2017-08-01T10:00:17Z', 'closed_at': '2017-08-12T20:38:50Z', 'labels': []}
{'issuenumber': 946, 'title': 'Support for python2 type comments', 'state': 'closed', 'created_at': '2017-07-24T17:27:54Z', 'closed_at': '2018-03-14T20:54:50Z', 'labels': {'name': 'feature'}}
{'issuenumber': 945, 'title': 'goto_assignments with follow_imports=True seems to go into decorators', 'state': 'closed', 'created_at': '2017-07-15T07:07:47Z', 'closed_at': '2017-09-12T22:28:55Z', 'labels': {'name': 'bug'}}
{'issuenumber': 944, 'title': 'jedi bug discovered by elpy', 'state': 'closed', 'created_at': '2017-07-14T20:46:39Z', 'closed_at': '2018-01-18T18:16:37Z', 'labels': {'name': 'bug'}}
{'issuenumber': 943, 'title': 'Quite weak with the force ', 'state': 'closed', 'created_at': '2017-07-13T13:23:12Z', 'closed_at': '2018-03-02T08:32:11Z', 'labels': {'name': 'feature'}}
{'issuenumber': 940, 'title': 'different completions for import and import-as', 'state': 'closed', 'created_at': '2017-07-07T20:24:08Z', 'closed_at': '2018-03-13T08:19:23Z', 'labels': {'name': 'discussion'}}
{'issuenumber': 939, 'title': 'Jedi fails to initialize Python - depreciated method in Sphinx 1.6.3', 'state': 'closed', 'created_at': '2017-07-06T08:48:36Z', 'closed_at': '2017-07-06T23:14:49Z', 'labels': []}
{'issuenumber': 937, 'title': 'pickling=True in save_module seems to slow down completions ', 'state': 'closed', 'created_at': '2017-06-28T16:33:45Z', 'closed_at': '2018-03-22T19:17:25Z', 'labels': {'name': 'performance'}}
{'issuenumber': 936, 'title': "Error completing 'import os; os.'", 'state': 'closed', 'created_at': '2017-06-27T04:13:13Z', 'closed_at': '2017-09-12T20:46:12Z', 'labels': []}
{'issuenumber': 934, 'title': 'Get call signature values', 'state': 'closed', 'created_at': '2017-06-23T14:04:44Z', 'closed_at': '2019-12-14T13:45:25Z', 'labels': {'name': 'feature'}}
{'issuenumber': 933, 'title': 'PEP 526 support for instance fields', 'state': 'closed', 'created_at': '2017-06-19T18:17:09Z', 'closed_at': '2019-07-02T06:35:19Z', 'labels': {'name': 'feature'}}
{'issuenumber': 932, 'title': 'Error on missing module completion', 'state': 'closed', 'created_at': '2017-06-16T12:16:49Z', 'closed_at': '2017-09-09T18:20:10Z', 'labels': {'name': 'bug'}}
{'issuenumber': 931, 'title': 'Jedi hangs for a long time with DataFrame containing timestamps', 'state': 'closed', 'created_at': '2017-06-13T10:31:37Z', 'closed_at': '2017-12-30T12:33:17Z', 'labels': {'name': 'performance'}}
{'issuenumber': 930, 'title': 'Jedi f-string completions', 'state': 'closed', 'created_at': '2017-06-12T19:46:13Z', 'closed_at': '2018-04-07T14:09:11Z', 'labels': {'name': 'feature'}}
{'issuenumber': 929, 'title': 'Endless loop (100% CPU) with shlex.split completion', 'state': 'closed', 'created_at': '2017-06-04T12:08:44Z', 'closed_at': '2017-09-17T00:10:26Z', 'labels': {'name': 'bug'}}
{'issuenumber': 928, 'title': "Jedi doesn't autocomplete return and print", 'state': 'closed', 'created_at': '2017-06-01T10:28:32Z', 'closed_at': '2017-06-03T19:09:28Z', 'labels': {'name': 'bug'}}
{'issuenumber': 927, 'title': 'jedi strange problem on Windows/Spyder/Jedi-0.10.2+', 'state': 'closed', 'created_at': '2017-05-26T17:54:44Z', 'closed_at': '2017-06-04T13:34:05Z', 'labels': []}
{'issuenumber': 926, 'title': 'Jedi cache directory on Windows (AppData\\Roaming)', 'state': 'closed', 'created_at': '2017-05-23T21:40:10Z', 'closed_at': '2017-09-13T08:15:23Z', 'labels': []}
{'issuenumber': 925, 'title': 'completion triggers __get__ side effects.', 'state': 'closed', 'created_at': '2017-05-09T17:17:11Z', 'closed_at': '2017-08-12T20:49:40Z', 'labels': []}
{'issuenumber': 924, 'title': 'Weird `Params` for function completion', 'state': 'closed', 'created_at': '2017-05-08T18:36:10Z', 'closed_at': '2017-09-09T20:30:16Z', 'labels': {'name': 'bug'}}
{'issuenumber': 923, 'title': 'Memory Leak and Loop ', 'state': 'closed', 'created_at': '2017-05-08T13:01:38Z', 'closed_at': '2017-09-12T21:01:32Z', 'labels': []}
{'issuenumber': 921, 'title': 'Cannot complete on open().readlines()', 'state': 'closed', 'created_at': '2017-05-04T09:40:50Z', 'closed_at': '2017-09-09T23:54:56Z', 'labels': {'name': 'bug'}}
{'issuenumber': 920, 'title': '[Question] Using Jedi for AST parsing + type deduction', 'state': 'closed', 'created_at': '2017-05-02T20:52:19Z', 'closed_at': '2017-09-13T08:15:42Z', 'labels': []}
{'issuenumber': 919, 'title': 'Slow completion for existing object with long `__repr__` method', 'state': 'closed', 'created_at': '2017-04-29T12:29:52Z', 'closed_at': '2017-05-06T17:41:07Z', 'labels': {'name': 'performance'}}
{'issuenumber': 918, 'title': '[Question] Best approach for Jedi + remote FS', 'state': 'closed', 'created_at': '2017-04-25T17:40:10Z', 'closed_at': '2019-04-07T19:48:18Z', 'labels': {'name': 'discussion'}}
{'issuenumber': 917, 'title': 'Interactively defined objects have empty params', 'state': 'closed', 'created_at': '2017-04-24T18:58:23Z', 'closed_at': '2017-09-09T20:32:01Z', 'labels': {'name': 'bug'}}
{'issuenumber': 916, 'title': 'Failed inference on Pandas w/ Interpreter', 'state': 'closed', 'created_at': '2017-04-24T17:14:43Z', 'closed_at': '2018-01-18T18:55:25Z', 'labels': {'name': 'feature'}}
{'issuenumber': 915, 'title': "_do_import/infer_import don't make use of cache (read) but do write.", 'state': 'closed', 'created_at': '2017-04-23T20:18:37Z', 'closed_at': '2018-01-18T17:50:44Z', 'labels': {'name': 'bug'}}
{'issuenumber': 913, 'title': 'Completion after number provides built-in keywords', 'state': 'closed', 'created_at': '2017-04-21T09:27:09Z', 'closed_at': '2017-04-21T10:37:13Z', 'labels': []}
{'issuenumber': 911, 'title': 'Cantnot complete in docstrings,why not support it?', 'state': 'closed', 'created_at': '2017-04-19T08:50:09Z', 'closed_at': '2017-04-19T22:48:15Z', 'labels': []}
{'issuenumber': 910, 'title': 'Speed issues with benchmarks', 'state': 'closed', 'created_at': '2017-04-14T07:20:08Z', 'closed_at': '2019-12-14T11:02:48Z', 'labels': {'name': 'performance'}}
{'issuenumber': 909, 'title': 'jedi shows wrong parameters ', 'state': 'closed', 'created_at': '2017-04-13T08:27:24Z', 'closed_at': '2019-07-21T23:00:43Z', 'labels': {'name': 'discussion'}}
{'issuenumber': 908, 'title': 'ValueError when completing os', 'state': 'closed', 'created_at': '2017-04-09T19:08:29Z', 'closed_at': '2017-09-13T08:19:41Z', 'labels': []}
{'issuenumber': 907, 'title': 'ValueError exception trying to get full_name of completion', 'state': 'closed', 'created_at': '2017-04-09T18:10:15Z', 'closed_at': '2017-09-13T08:20:23Z', 'labels': []}
{'issuenumber': 906, 'title': 'wrong docstring for wrapped function', 'state': 'closed', 'created_at': '2017-04-06T14:18:13Z', 'closed_at': '2019-07-21T10:20:24Z', 'labels': {'name': 'feature'}}
{'issuenumber': 905, 'title': 'jedi-0.10.1 release on pypi is missing grammar*.txt', 'state': 'closed', 'created_at': '2017-04-05T17:29:07Z', 'closed_at': '2017-04-05T18:36:57Z', 'labels': []}
{'issuenumber': 904, 'title': 'jedi pip package 0.10.0 broken?', 'state': 'closed', 'created_at': '2017-04-05T17:13:16Z', 'closed_at': '2017-04-06T12:37:47Z', 'labels': []}
{'issuenumber': 903, 'title': 'Add notes for release 0.10.1 to changelog', 'state': 'closed', 'created_at': '2017-04-05T12:06:49Z', 'closed_at': '2017-04-05T18:23:40Z', 'labels': []}
{'issuenumber': 901, 'title': 'Support for understanding Python3.6 new string literals', 'state': 'closed', 'created_at': '2017-03-23T20:51:48Z', 'closed_at': '2017-03-25T17:58:22Z', 'labels': []}
{'issuenumber': 900, 'title': 'Include decorator info with function definition', 'state': 'closed', 'created_at': '2017-03-23T15:37:53Z', 'closed_at': '2017-03-27T20:26:25Z', 'labels': {'name': 'feature'}}
{'issuenumber': 897, 'title': 'Freeze when using Script twice (if second source is without names)', 'state': 'closed', 'created_at': '2017-03-20T14:35:47Z', 'closed_at': '2017-04-01T16:23:06Z', 'labels': []}
{'issuenumber': 896, 'title': 'Jedi fails on autocomplete in sublime text', 'state': 'closed', 'created_at': '2017-03-15T10:43:33Z', 'closed_at': '2017-09-13T08:22:20Z', 'labels': {'name': 'bug'}}
{'issuenumber': 895, 'title': 'Releasing the parser as a separate project', 'state': 'closed', 'created_at': '2017-03-14T20:45:00Z', 'closed_at': '2017-09-04T21:39:18Z', 'labels': {'name': 'discussion'}}
{'issuenumber': 887, 'title': 'Documentation Bug', 'state': 'closed', 'created_at': '2017-03-12T13:53:41Z', 'closed_at': '2017-03-12T13:54:42Z', 'labels': []}
{'issuenumber': 886, 'title': 'Unable to find definition when path specified to the script', 'state': 'closed', 'created_at': '2017-03-10T13:07:38Z', 'closed_at': '2017-09-20T08:06:14Z', 'labels': {'name': 'bug'}}
{'issuenumber': 885, 'title': "Is it possible to use Jedi's API to locate all local variables and function parameters in a script?", 'state': 'closed', 'created_at': '2017-03-10T13:05:37Z', 'closed_at': '2019-08-02T22:17:16Z', 'labels': {'name': 'discussion'}}
{'issuenumber': 884, 'title': "AttributeError: 'NoneType' object has no attribute 'is_scope'", 'state': 'closed', 'created_at': '2017-03-07T22:58:22Z', 'closed_at': '2017-04-04T18:11:49Z', 'labels': {'name': 'bug'}}
{'issuenumber': 883, 'title': 'IndexError when using keyword only arguments', 'state': 'closed', 'created_at': '2017-03-07T10:10:22Z', 'closed_at': '2017-04-03T20:33:28Z', 'labels': {'name': 'bug'}}
{'issuenumber': 882, 'title': 'Infinite loop in DiffParser', 'state': 'closed', 'created_at': '2017-03-04T22:00:42Z', 'closed_at': '2017-03-12T19:37:21Z', 'labels': {'name': 'bug'}}
{'issuenumber': 880, 'title': 'No definitions found for certain scenario', 'state': 'closed', 'created_at': '2017-03-01T03:28:01Z', 'closed_at': '2018-03-12T20:10:58Z', 'labels': {'name': 'feature'}}
{'issuenumber': 879, 'title': 'ERROR runnin tox : invocation failed', 'state': 'closed', 'created_at': '2017-02-28T19:05:07Z', 'closed_at': '2017-03-01T17:12:24Z', 'labels': []}
{'issuenumber': 878, 'title': 'Endless loop in Diffparser._parse on 2nd invocation', 'state': 'closed', 'created_at': '2017-02-26T16:19:31Z', 'closed_at': '2017-03-09T21:02:50Z', 'labels': {'name': 'bug'}}
{'issuenumber': 877, 'title': 'CLI for generating completions', 'state': 'closed', 'created_at': '2017-02-25T20:48:21Z', 'closed_at': '2017-02-26T16:02:31Z', 'labels': []}
{'issuenumber': 875, 'title': 'Minimal Crash ', 'state': 'closed', 'created_at': '2017-02-23T23:17:14Z', 'closed_at': '2018-01-18T18:55:07Z', 'labels': {'name': 'bug'}}
{'issuenumber': 874, 'title': 'Print warnings make it hard to use', 'state': 'closed', 'created_at': '2017-02-21T20:34:47Z', 'closed_at': '2018-03-12T19:42:48Z', 'labels': {'name': 'discussion'}}
{'issuenumber': 873, 'title': 'ValueError: not enough values to unpack (expected 1, got 0)', 'state': 'closed', 'created_at': '2017-02-21T20:21:49Z', 'closed_at': '2017-09-14T18:41:35Z', 'labels': {'name': 'bug'}}
{'issuenumber': 872, 'title': 'No autocompletion on stored objects', 'state': 'closed', 'created_at': '2017-02-21T05:02:29Z', 'closed_at': '2017-09-14T23:55:42Z', 'labels': {'name': 'bug'}}
{'issuenumber': 871, 'title': 'Autocompletion for chained function calls', 'state': 'closed', 'created_at': '2017-02-16T08:49:11Z', 'closed_at': '2017-02-16T10:15:17Z', 'labels': []}
{'issuenumber': 870, 'title': 'Jedi breaks with Spyder 3.0', 'state': 'closed', 'created_at': '2017-02-15T11:22:39Z', 'closed_at': '2017-02-15T12:33:58Z', 'labels': []}
{'issuenumber': 869, 'title': 'Please upload sdist for 0.10.0 to the PyPI.', 'state': 'closed', 'created_at': '2017-02-14T16:44:08Z', 'closed_at': '2017-02-14T20:27:26Z', 'labels': []}
{'issuenumber': 865, 'title': 'Completions on pudb causes high cpu in python repl', 'state': 'closed', 'created_at': '2017-02-12T01:24:25Z', 'closed_at': '2018-02-10T21:19:29Z', 'labels': {'name': 'performance'}}
{'issuenumber': 863, 'title': 'minimal crash : import "<tab>', 'state': 'closed', 'created_at': '2017-02-10T22:28:02Z', 'closed_at': '2017-04-02T19:30:33Z', 'labels': {'name': 'bug'}}
{'issuenumber': 862, 'title': 'Change documentation URL', 'state': 'closed', 'created_at': '2017-02-10T20:27:12Z', 'closed_at': '2017-02-14T22:03:23Z', 'labels': []}
{'issuenumber': 861, 'title': 'Non-deterministic RecursionError in `Script.goto_definitions`', 'state': 'closed', 'created_at': '2017-02-10T20:11:33Z', 'closed_at': '2017-09-18T08:43:39Z', 'labels': {'name': 'bug'}}
{'issuenumber': 860, 'title': 'Ask jedi to not complete in strings ?', 'state': 'closed', 'created_at': '2017-02-10T20:10:06Z', 'closed_at': '2020-01-01T00:59:55Z', 'labels': {'name': 'feature'}}
{'issuenumber': 859, 'title': 'docstring is empty for completions', 'state': 'closed', 'created_at': '2017-02-10T11:37:13Z', 'closed_at': '2017-04-02T22:27:45Z', 'labels': {'name': 'bug'}}
{'issuenumber': 858, 'title': 'Enhancement: Pick up on PEP-0484 Type hints when present', 'state': 'closed', 'created_at': '2017-02-09T22:31:00Z', 'closed_at': '2017-02-27T14:03:43Z', 'labels': {'name': 'feature'}}
{'issuenumber': 856, 'title': '`Script.usages` can trigger out of bounds index in `ParamName.get_param` ', 'state': 'closed', 'created_at': '2017-02-08T23:41:25Z', 'closed_at': '2017-04-03T20:33:00Z', 'labels': {'name': 'bug'}}
{'issuenumber': 855, 'title': 'End Marker not at the end. ', 'state': 'closed', 'created_at': '2017-02-08T23:03:08Z', 'closed_at': '2017-04-06T18:20:05Z', 'labels': []}
{'issuenumber': 854, 'title': "AttributeError: 'NoneType' object has no attribute 'get_root_node'", 'state': 'closed', 'created_at': '2017-02-07T07:43:08Z', 'closed_at': '2017-04-06T07:24:12Z', 'labels': {'name': 'bug'}}
{'issuenumber': 850, 'title': 'Fast, Non-lazy Completions.type', 'state': 'closed', 'created_at': '2017-02-06T04:58:54Z', 'closed_at': '2017-04-27T18:49:56Z', 'labels': {'name': 'performance'}}
{'issuenumber': 849, 'title': 'standard distribution for jedi 0.10.0 on pypi', 'state': 'closed', 'created_at': '2017-02-05T21:01:06Z', 'closed_at': '2017-04-04T23:29:16Z', 'labels': []}
{'issuenumber': 846, 'title': 'Installing jedi downloads 24MB', 'state': 'closed', 'created_at': '2017-02-04T11:31:10Z', 'closed_at': '2017-02-04T12:25:01Z', 'labels': []}
{'issuenumber': 845, 'title': 'Provide an official language-server implementation?', 'state': 'closed', 'created_at': '2017-02-03T22:33:36Z', 'closed_at': '2018-03-12T19:13:03Z', 'labels': {'name': 'feature'}}
{'issuenumber': 844, 'title': 'Crash on `__code__`  completion if trying to access `type`', 'state': 'closed', 'created_at': '2017-02-03T18:49:26Z', 'closed_at': '2017-04-02T20:22:13Z', 'labels': {'name': 'bug'}}
{'issuenumber': 843, 'title': 'High memory usage (limits maximum Python file size)', 'state': 'closed', 'created_at': '2017-02-02T20:14:18Z', 'closed_at': '2019-12-14T11:40:02Z', 'labels': {'name': 'feature'}}
{'issuenumber': 842, 'title': "Support namedtuple('Foo', 'x y z'.split())", 'state': 'closed', 'created_at': '2017-02-02T09:52:55Z', 'closed_at': '2017-02-02T14:57:22Z', 'labels': []}
{'issuenumber': 841, 'title': 'Import-level completions somewhat illogical', 'state': 'closed', 'created_at': '2017-01-28T03:15:01Z', 'closed_at': '2017-09-11T19:48:51Z', 'labels': {'name': 'bug'}}
{'issuenumber': 839, 'title': 'Support PEP-0484 .pyi stub files', 'state': 'closed', 'created_at': '2017-01-25T14:55:30Z', 'closed_at': '2019-06-20T20:43:28Z', 'labels': {'name': 'feature'}}
{'issuenumber': 838, 'title': 'From import completion ', 'state': 'closed', 'created_at': '2017-01-24T15:28:09Z', 'closed_at': '2017-01-24T22:29:53Z', 'labels': []}
{'issuenumber': 837, 'title': 'No completion for `finally`/`except`', 'state': 'closed', 'created_at': '2017-01-23T06:18:51Z', 'closed_at': '2017-09-14T22:49:44Z', 'labels': {'name': 'bug'}}
{'issuenumber': 836, 'title': 'Crash if complete get_item on None-like with Interpreter (dev branch only)', 'state': 'closed', 'created_at': '2017-01-22T19:05:07Z', 'closed_at': '2017-01-24T12:32:56Z', 'labels': {'name': 'bug'}}
{'issuenumber': 835, 'title': 'Completing numbers gives keywords ?', 'state': 'closed', 'created_at': '2017-01-21T10:02:44Z', 'closed_at': '2017-01-22T23:03:08Z', 'labels': []}
{'issuenumber': 833, 'title': 'In completion, keyword like `for` types are said to be `module`', 'state': 'closed', 'created_at': '2017-01-21T02:50:35Z', 'closed_at': '2017-01-22T23:32:12Z', 'labels': []}
{'issuenumber': 831, 'title': 'Minimal crashing of jedi parsing using Script/Interpreter', 'state': 'closed', 'created_at': '2017-01-19T05:58:52Z', 'closed_at': '2017-01-19T18:06:36Z', 'labels': []}
{'issuenumber': 830, 'title': 'Decorators and autocomplete', 'state': 'closed', 'created_at': '2017-01-16T14:13:34Z', 'closed_at': '2017-09-10T00:00:21Z', 'labels': {'name': 'bug'}}
{'issuenumber': 828, 'title': 'Public API to get info about sys_path being used', 'state': 'closed', 'created_at': '2017-01-14T19:14:56Z', 'closed_at': '2018-03-02T08:35:54Z', 'labels': {'name': 'feature'}}
{'issuenumber': 827, 'title': 'Feature: fuzzy matching for completion', 'state': 'closed', 'created_at': '2017-01-12T19:24:53Z', 'closed_at': '2019-12-15T19:09:30Z', 'labels': {'name': 'feature'}}
{'issuenumber': 826, 'title': 'socket module setattr', 'state': 'closed', 'created_at': '2017-01-06T11:30:03Z', 'closed_at': '2017-04-04T23:40:16Z', 'labels': []}
{'issuenumber': 825, 'title': 'Autocomplete for magic methods', 'state': 'closed', 'created_at': '2017-01-04T06:07:57Z', 'closed_at': '2017-01-08T21:42:08Z', 'labels': []}
{'issuenumber': 824, 'title': 'Auto-completions working in terminal but not in vim', 'state': 'closed', 'created_at': '2016-12-31T09:02:31Z', 'closed_at': '2017-01-01T08:12:12Z', 'labels': []}
{'issuenumber': 822, 'title': 'jedi for asyncio', 'state': 'closed', 'created_at': '2016-12-27T07:19:41Z', 'closed_at': '2018-03-04T16:04:37Z', 'labels': {'name': 'feature'}}
{'issuenumber': 821, 'title': 'PEP 526 support', 'state': 'closed', 'created_at': '2016-12-24T04:40:25Z', 'closed_at': '2017-01-08T18:41:58Z', 'labels': []}
{'issuenumber': 820, 'title': '3.6\xa0Grammar Is Missing', 'state': 'closed', 'created_at': '2016-12-23T20:56:04Z', 'closed_at': '2017-01-02T11:13:57Z', 'labels': []}
{'issuenumber': 819, 'title': "Default keymap doesn't allow to use '('", 'state': 'closed', 'created_at': '2016-12-20T20:01:05Z', 'closed_at': '2016-12-21T14:55:29Z', 'labels': []}
{'issuenumber': 817, 'title': "AttributeError: 'CompiledObject' object has no attribute 'dict_values'", 'state': 'closed', 'created_at': '2016-12-14T12:02:19Z', 'closed_at': '2017-09-20T23:29:09Z', 'labels': {'name': 'bug'}}
{'issuenumber': 816, 'title': "'Script' has no attribute 'source' error in sith.py", 'state': 'closed', 'created_at': '2016-12-12T17:28:00Z', 'closed_at': '2017-01-08T19:00:10Z', 'labels': []}
{'issuenumber': 815, 'title': 'Wrong index of `call_signatures` ?', 'state': 'closed', 'created_at': '2016-12-04T12:21:04Z', 'closed_at': '2016-12-05T10:25:35Z', 'labels': []}
{'issuenumber': 814, 'title': "[linter] AttributeError: 'ListComprehension' object has no attribute 'parent'", 'state': 'closed', 'created_at': '2016-12-02T01:35:33Z', 'closed_at': '2019-08-02T14:35:09Z', 'labels': {'name': 'bug'}}
{'issuenumber': 813, 'title': 'KeyError on import completion in the presence of matrix multiplication in lambda expression', 'state': 'closed', 'created_at': '2016-11-29T19:33:20Z', 'closed_at': '2017-01-08T19:02:30Z', 'labels': {'name': 'bug'}}
{'issuenumber': 812, 'title': 'Context Manager Issues', 'state': 'closed', 'created_at': '2016-11-24T05:24:51Z', 'closed_at': '2017-09-13T09:00:42Z', 'labels': {'name': 'bug'}}
{'issuenumber': 811, 'title': 'Missing Image in Documentation', 'state': 'closed', 'created_at': '2016-11-21T04:17:17Z', 'closed_at': '2017-02-06T20:49:23Z', 'labels': {'name': 'bug'}}
{'issuenumber': 810, 'title': 'There might be a bug about _get_module in Srcipt Class ', 'state': 'closed', 'created_at': '2016-11-20T04:25:18Z', 'closed_at': '2016-11-21T12:25:45Z', 'labels': []}
{'issuenumber': 809, 'title': 'Code introspection unable to locate definitions when working with "Abstract super-classes" (sub class defines method)', 'state': 'closed', 'created_at': '2016-11-18T18:33:03Z', 'closed_at': '2020-01-05T19:26:19Z', 'labels': {'name': 'feature'}}
{'issuenumber': 808, 'title': 'jedi 0.10 release in order to fix Debian', 'state': 'closed', 'created_at': '2016-11-16T09:26:45Z', 'closed_at': '2016-12-18T20:38:48Z', 'labels': []}
{'issuenumber': 806, 'title': 'Sphinx "param with type" regex requires description to appear on the same line', 'state': 'closed', 'created_at': '2016-11-15T19:17:30Z', 'closed_at': '2016-11-23T16:36:23Z', 'labels': []}
{'issuenumber': 805, 'title': 'Limiting the number of completions to return', 'state': 'closed', 'created_at': '2016-11-11T12:35:01Z', 'closed_at': '2018-03-18T23:49:12Z', 'labels': {'name': 'performance'}}
{'issuenumber': 804, 'title': 'Memory error when importing large custom libraries', 'state': 'closed', 'created_at': '2016-11-10T11:49:09Z', 'closed_at': '2016-11-11T14:15:57Z', 'labels': []}
{'issuenumber': 803, 'title': 'KeyError for multiline strings using goto_definitions ', 'state': 'closed', 'created_at': '2016-11-10T00:07:08Z', 'closed_at': '2016-11-22T02:59:58Z', 'labels': []}
{'issuenumber': 802, 'title': 'Incorrect completitions for multiprocessing module in python3', 'state': 'closed', 'created_at': '2016-11-09T12:41:52Z', 'closed_at': '2016-11-11T14:47:46Z', 'labels': []}
{'issuenumber': 801, 'title': 'output PEP484 style docstring.', 'state': 'closed', 'created_at': '2016-11-09T02:43:45Z', 'closed_at': '2019-08-02T22:24:01Z', 'labels': {'name': 'feature'}}
{'issuenumber': 800, 'title': 'Instantiation not connected with invocation of _init_', 'state': 'closed', 'created_at': '2016-11-09T01:29:45Z', 'closed_at': '2017-02-23T23:40:57Z', 'labels': {'name': 'discussion'}}
{'issuenumber': 797, 'title': 'AttributeError exception in jedi 0.10 when using await keyword', 'state': 'closed', 'created_at': '2016-11-07T15:38:54Z', 'closed_at': '2017-01-08T21:40:30Z', 'labels': {'name': 'bug'}}
{'issuenumber': 795, 'title': 'KeyError exception in parser.clear_names', 'state': 'closed', 'created_at': '2016-11-06T22:06:19Z', 'closed_at': '2016-11-07T14:05:49Z', 'labels': []}
{'issuenumber': 793, 'title': 'Stdout/stderr spam when compiled modules are imported', 'state': 'closed', 'created_at': '2016-11-01T10:45:02Z', 'closed_at': '2018-03-17T13:14:12Z', 'labels': {'name': 'feature'}}
{'issuenumber': 792, 'title': 'Unicode issues with Python 3', 'state': 'closed', 'created_at': '2016-10-21T04:49:42Z', 'closed_at': '2016-10-21T04:54:56Z', 'labels': []}
{'issuenumber': 791, 'title': 'Add support for pytest fixtures', 'state': 'closed', 'created_at': '2016-10-14T13:53:20Z', 'closed_at': '2020-01-05T18:17:15Z', 'labels': {'name': 'feature'}}
{'issuenumber': 785, 'title': 'RuntimeError when autocompleting Flask-SQLAlchemy queries', 'state': 'closed', 'created_at': '2016-10-10T08:05:10Z', 'closed_at': '2017-09-29T16:25:48Z', 'labels': {'name': 'bug'}}
{'issuenumber': 784, 'title': 'Issue with parser cache and (nested?) namespace packages', 'state': 'closed', 'created_at': '2016-10-06T16:48:26Z', 'closed_at': '2017-09-14T20:07:23Z', 'labels': {'name': 'bug'}}
{'issuenumber': 781, 'title': 'Cannot use tab for autocompletion', 'state': 'closed', 'created_at': '2016-09-24T01:39:00Z', 'closed_at': '2016-09-26T14:16:32Z', 'labels': []}
{'issuenumber': 779, 'title': 'Quick calc call-notation for a func?', 'state': 'closed', 'created_at': '2016-09-22T19:29:53Z', 'closed_at': '2019-08-02T11:49:42Z', 'labels': {'name': 'feature'}}
{'issuenumber': 778, 'title': 'Search for a symbol in a project dir?', 'state': 'closed', 'created_at': '2016-09-22T07:52:33Z', 'closed_at': '2020-01-30T23:21:12Z', 'labels': {'name': 'feature'}}
{'issuenumber': 777, 'title': 'Error with cv2 on OS X', 'state': 'closed', 'created_at': '2016-09-17T21:14:52Z', 'closed_at': '2018-02-04T02:22:58Z', 'labels': {'name': 'bug'}}
{'issuenumber': 775, 'title': 'type hint for await function fail', 'state': 'closed', 'created_at': '2016-09-16T12:41:14Z', 'closed_at': '2016-09-16T13:22:45Z', 'labels': []}
{'issuenumber': 774, 'title': 'Fix for Py3.5 missing pydoc_data', 'state': 'closed', 'created_at': '2016-09-15T16:56:50Z', 'closed_at': '2016-09-18T16:58:56Z', 'labels': []}
{'issuenumber': 773, 'title': "Jedi doesn't complete inside modules with a name equal to their containing package.", 'state': 'closed', 'created_at': '2016-09-15T08:13:54Z', 'closed_at': '2018-03-04T20:40:32Z', 'labels': {'name': 'feature'}}
{'issuenumber': 772, 'title': "from module import * doesn't autocomplete", 'state': 'closed', 'created_at': '2016-09-12T12:19:22Z', 'closed_at': '2017-01-08T23:52:23Z', 'labels': {'name': 'bug'}}
{'issuenumber': 771, 'title': 'Completion of strings and dict keys', 'state': 'closed', 'created_at': '2016-09-08T08:56:28Z', 'closed_at': '2019-12-31T20:12:53Z', 'labels': {'name': 'feature'}}
{'issuenumber': 770, 'title': 'Question: autocomplete for actual objects', 'state': 'closed', 'created_at': '2016-09-07T07:51:48Z', 'closed_at': '2016-09-07T07:53:58Z', 'labels': []}
{'issuenumber': 769, 'title': "jedi doesn't get correct autocomplete when assignment is in try ... except", 'state': 'closed', 'created_at': '2016-09-03T21:29:37Z', 'closed_at': '2018-03-06T19:55:24Z', 'labels': {'name': 'feature'}}
{'issuenumber': 768, 'title': 'Does type hinting actually workâ€¦?', 'state': 'closed', 'created_at': '2016-09-02T18:32:12Z', 'closed_at': '2017-01-08T23:47:41Z', 'labels': []}
{'issuenumber': 767, 'title': 'Jedi is throwing error while invoking asyncio module based function ', 'state': 'closed', 'created_at': '2016-08-28T17:39:56Z', 'closed_at': '2017-01-08T20:56:31Z', 'labels': {'name': 'bug'}}
{'issuenumber': 766, 'title': 'python import not working', 'state': 'closed', 'created_at': '2016-08-26T19:17:38Z', 'closed_at': '2016-08-28T00:27:55Z', 'labels': []}
{'issuenumber': 765, 'title': 'ValueError: Node(...) is not in list', 'state': 'closed', 'created_at': '2016-08-25T14:23:25Z', 'closed_at': '2017-01-08T21:37:49Z', 'labels': {'name': 'bug'}}
{'issuenumber': 762, 'title': 'Question: Identify whether cursor is placed within a comment or string', 'state': 'closed', 'created_at': '2016-08-17T02:19:14Z', 'closed_at': '2016-08-31T10:23:06Z', 'labels': []}
{'issuenumber': 761, 'title': 'Regression with goto_definitions going to / staying at the child class (bisected)', 'state': 'closed', 'created_at': '2016-08-16T13:26:20Z', 'closed_at': '2016-11-06T12:55:03Z', 'labels': {'name': 'bug'}}
{'issuenumber': 760, 'title': 'Security question', 'state': 'closed', 'created_at': '2016-08-14T14:32:49Z', 'closed_at': '2020-01-31T12:14:58Z', 'labels': {'name': 'discussion'}}
{'issuenumber': 759, 'title': 'No Completions for import multiple modules', 'state': 'closed', 'created_at': '2016-08-14T11:46:02Z', 'closed_at': '2017-09-14T18:09:19Z', 'labels': {'name': 'bug'}}
{'issuenumber': 757, 'title': "'UserContextParser' object has no attribute '_user_stmt'", 'state': 'closed', 'created_at': '2016-08-12T06:34:12Z', 'closed_at': '2017-04-04T23:33:58Z', 'labels': {'name': 'bug'}}
{'issuenumber': 756, 'title': 'No completions for class members in certain circumstances', 'state': 'closed', 'created_at': '2016-08-11T23:02:25Z', 'closed_at': '2017-09-11T19:47:55Z', 'labels': {'name': 'bug'}}
{'issuenumber': 755, 'title': "jedi fails to correctly autocomplete from package with the same name as the module that I'm in", 'state': 'closed', 'created_at': '2016-08-08T09:16:35Z', 'closed_at': '2016-08-10T20:15:49Z', 'labels': []}
{'issuenumber': 754, 'title': 'goto definition breaks with traceback', 'state': 'closed', 'created_at': '2016-08-06T21:40:37Z', 'closed_at': '2016-08-08T09:36:45Z', 'labels': []}
{'issuenumber': 753, 'title': "KeyError: u'classmethod'", 'state': 'closed', 'created_at': '2016-08-06T19:53:35Z', 'closed_at': '2016-08-07T09:03:54Z', 'labels': []}
{'issuenumber': 752, 'title': 'A case of missing completions', 'state': 'closed', 'created_at': '2016-08-02T10:47:47Z', 'closed_at': '2017-09-14T20:18:45Z', 'labels': {'name': 'discussion'}}
{'issuenumber': 750, 'title': 'Issue with cache after updating Jedi version', 'state': 'closed', 'created_at': '2016-07-26T07:11:52Z', 'closed_at': '2016-07-26T20:03:45Z', 'labels': []}
{'issuenumber': 749, 'title': 'Auto-complete does not pick up strings', 'state': 'closed', 'created_at': '2016-07-25T04:20:09Z', 'closed_at': '2016-08-02T21:37:55Z', 'labels': {'name': 'feature'}}
{'issuenumber': 748, 'title': 'Crash Python 3.5, Jedi 0.9.0 dev (as of now)', 'state': 'closed', 'created_at': '2016-07-23T09:44:05Z', 'closed_at': '2016-07-30T12:55:00Z', 'labels': {'name': 'bug'}}
{'issuenumber': 744, 'title': 'script.usages not working in some circumstances', 'state': 'closed', 'created_at': '2016-07-18T06:12:03Z', 'closed_at': '2019-12-13T19:18:11Z', 'labels': {'name': 'bug'}}
{'issuenumber': 742, 'title': 'type hints not working in Python 3.5', 'state': 'closed', 'created_at': '2016-07-10T11:37:29Z', 'closed_at': '2016-07-21T09:30:12Z', 'labels': []}
{'issuenumber': 741, 'title': 'Duplicate path results on goto_assignments in some cases', 'state': 'closed', 'created_at': '2016-07-05T10:11:30Z', 'closed_at': '2016-07-05T10:14:11Z', 'labels': []}
{'issuenumber': 740, 'title': 'Release 0.10.0', 'state': 'closed', 'created_at': '2016-07-03T14:03:24Z', 'closed_at': '2017-02-02T23:13:55Z', 'labels': {'name': 'release-discussion'}}
{'issuenumber': 739, 'title': 'RFE - extract docstring for params from function docstring', 'state': 'closed', 'created_at': '2016-07-01T06:36:24Z', 'closed_at': '2020-01-22T00:43:08Z', 'labels': {'name': 'feature'}}
{'issuenumber': 737, 'title': 'Fix tests (on Travis)', 'state': 'closed', 'created_at': '2016-06-27T20:00:40Z', 'closed_at': '2016-06-28T08:25:53Z', 'labels': []}
{'issuenumber': 735, 'title': 'jedi staticmethod first param complete error', 'state': 'closed', 'created_at': '2016-06-24T08:16:43Z', 'closed_at': '2019-12-25T02:59:03Z', 'labels': {'name': 'bug'}}
{'issuenumber': 733, 'title': 'metadata.json missing run_requires', 'state': 'closed', 'created_at': '2016-06-17T10:42:27Z', 'closed_at': '2016-07-03T14:29:22Z', 'labels': []}
{'issuenumber': 732, 'title': 'Numbers in packages / modules', 'state': 'closed', 'created_at': '2016-06-13T17:37:51Z', 'closed_at': '2016-07-31T16:54:13Z', 'labels': {'name': 'feature'}}
{'issuenumber': 731, 'title': 'is it possible to open definition for builtin attributes when typed command GoToDefinition?', 'state': 'closed', 'created_at': '2016-06-08T11:12:09Z', 'closed_at': '2016-07-03T14:37:03Z', 'labels': []}
{'issuenumber': 730, 'title': 'Error when completing', 'state': 'closed', 'created_at': '2016-06-07T19:41:47Z', 'closed_at': '2017-09-12T09:06:48Z', 'labels': {'name': 'bug'}}
{'issuenumber': 729, 'title': 'Support PEP 484 type annotations', 'state': 'closed', 'created_at': '2016-06-04T20:05:11Z', 'closed_at': '2016-06-05T10:54:41Z', 'labels': []}
{'issuenumber': 724, 'title': 'Do not init colorama on import. ', 'state': 'closed', 'created_at': '2016-05-17T22:15:55Z', 'closed_at': '2016-07-03T13:58:29Z', 'labels': []}
{'issuenumber': 723, 'title': 'Strange completion for argparse --- is it possible to disable it?', 'state': 'closed', 'created_at': '2016-05-14T10:11:45Z', 'closed_at': '2016-05-17T22:24:56Z', 'labels': []}
{'issuenumber': 722, 'title': ' Exceptional circumstances cannot go to definition ', 'state': 'closed', 'created_at': '2016-05-07T02:27:59Z', 'closed_at': '2016-07-03T14:34:13Z', 'labels': []}
{'issuenumber': 720, 'title': 'Crash with PySide object instance autocompletion', 'state': 'closed', 'created_at': '2016-04-22T14:46:04Z', 'closed_at': '2016-05-27T06:21:32Z', 'labels': []}
{'issuenumber': 718, 'title': "Can't complete on `<var>.from`", 'state': 'closed', 'created_at': '2016-04-13T10:27:12Z', 'closed_at': '2016-07-12T08:14:40Z', 'labels': {'name': 'bug'}}
{'issuenumber': 717, 'title': 'Pre-import modules?', 'state': 'closed', 'created_at': '2016-04-12T13:05:39Z', 'closed_at': '2016-07-03T14:38:21Z', 'labels': []}
{'issuenumber': 716, 'title': 'AttributeError thrown when native _decimal module is not available', 'state': 'closed', 'created_at': '2016-04-09T04:19:43Z', 'closed_at': '2016-07-06T21:25:15Z', 'labels': {'name': 'bug'}}
{'issuenumber': 715, 'title': 'limit completions to fields present in `__all__`', 'state': 'closed', 'created_at': '2016-04-06T16:20:47Z', 'closed_at': '2016-07-03T14:10:14Z', 'labels': {'name': 'feature'}}
{'issuenumber': 714, 'title': 'Parsing symbols error', 'state': 'closed', 'created_at': '2016-04-05T10:24:26Z', 'closed_at': '2016-04-05T12:12:27Z', 'labels': []}
{'issuenumber': 713, 'title': 'Description is always `module:` when using jedi.Interpreter', 'state': 'closed', 'created_at': '2016-04-05T00:18:19Z', 'closed_at': '2016-07-04T20:31:17Z', 'labels': {'name': 'bug'}}
{'issuenumber': 712, 'title': "raise AttributeError: 'NoneType' object has no attribute 'get_parent_until'", 'state': 'closed', 'created_at': '2016-04-01T07:50:30Z', 'closed_at': '2016-07-03T14:32:20Z', 'labels': []}
{'issuenumber': 710, 'title': 'on youcompleteme, jedi (v0.9.0) crashes with `TypeError`', 'state': 'closed', 'created_at': '2016-03-23T07:46:31Z', 'closed_at': '2016-03-24T04:27:58Z', 'labels': []}
{'issuenumber': 707, 'title': "[linter] AttributeError: 'Node' object has no attribute 'value' with Node(star_expr)", 'state': 'closed', 'created_at': '2016-03-18T20:49:33Z', 'closed_at': '2016-07-10T15:53:33Z', 'labels': {'name': 'bug'}}
{'issuenumber': 706, 'title': "Instance <eInstance of â€¦>: Don't touch this (is_class)!", 'state': 'closed', 'created_at': '2016-03-16T14:15:36Z', 'closed_at': '2016-07-14T21:32:20Z', 'labels': {'name': 'bug'}}
{'issuenumber': 704, 'title': 'ValueError: Node(â€¦) is not in list', 'state': 'closed', 'created_at': '2016-03-06T10:39:58Z', 'closed_at': '2016-07-03T14:43:22Z', 'labels': {'name': 'bug'}}
{'issuenumber': 703, 'title': "Can't add tests for parser", 'state': 'closed', 'created_at': '2016-03-05T22:02:17Z', 'closed_at': '2016-03-05T22:09:27Z', 'labels': []}
{'issuenumber': 702, 'title': 'Getting full path to object', 'state': 'closed', 'created_at': '2016-03-04T12:16:05Z', 'closed_at': '2017-09-20T23:31:10Z', 'labels': {'name': 'feature'}}
{'issuenumber': 700, 'title': "Assigning to 'self' in a for cycle breaks completion for it afterwards", 'state': 'closed', 'created_at': '2016-03-03T12:45:02Z', 'closed_at': '2016-07-06T21:19:28Z', 'labels': {'name': 'bug'}}
{'issuenumber': 698, 'title': 'python 2.7 function type hint workaround', 'state': 'closed', 'created_at': '2016-02-22T09:10:09Z', 'closed_at': '2016-06-19T14:12:04Z', 'labels': []}
{'issuenumber': 697, 'title': 'IndexError when using defined_names() on a very empty function', 'state': 'closed', 'created_at': '2016-02-21T03:28:17Z', 'closed_at': '2016-07-10T16:15:16Z', 'labels': {'name': 'bug'}}
{'issuenumber': 695, 'title': 'How to differentiate a class attribute from a simple local assignment', 'state': 'closed', 'created_at': '2016-02-10T01:21:34Z', 'closed_at': '2016-02-29T21:22:48Z', 'labels': []}
{'issuenumber': 694, 'title': 'Replace Synwrite plugin', 'state': 'closed', 'created_at': '2016-02-09T21:09:02Z', 'closed_at': '2016-07-03T14:28:22Z', 'labels': []}
{'issuenumber': 688, 'title': "AttributeError: 'NoneType' has no attribute 'get_parent_until'", 'state': 'closed', 'created_at': '2016-01-25T09:22:41Z', 'closed_at': '2016-07-06T22:09:30Z', 'labels': {'name': 'bug'}}
{'issuenumber': 687, 'title': 'RuntimeError: maximum recursion depth exceeded', 'state': 'closed', 'created_at': '2016-01-25T08:31:13Z', 'closed_at': '2016-07-20T22:16:58Z', 'labels': {'name': 'bug'}}
{'issuenumber': 686, 'title': 'IndexError: list index out of range', 'state': 'closed', 'created_at': '2016-01-25T08:26:55Z', 'closed_at': '2016-07-06T22:12:39Z', 'labels': {'name': 'bug'}}
{'issuenumber': 685, 'title': 'Crash on master', 'state': 'closed', 'created_at': '2016-01-23T14:13:26Z', 'closed_at': '2016-07-03T14:30:46Z', 'labels': {'name': 'bug'}}
{'issuenumber': 683, 'title': 'Support for `__iter__()` with loops in them', 'state': 'closed', 'created_at': '2016-01-17T16:03:00Z', 'closed_at': '2020-01-29T23:52:30Z', 'labels': {'name': 'feature'}}
{'issuenumber': 681, 'title': 'KeyError: <String: "â€¦">', 'state': 'closed', 'created_at': '2016-01-11T09:35:32Z', 'closed_at': '2016-07-13T07:16:28Z', 'labels': {'name': 'bug'}}
{'issuenumber': 679, 'title': 'CudaText plugin', 'state': 'closed', 'created_at': '2016-01-10T10:50:38Z', 'closed_at': '2016-01-16T09:33:37Z', 'labels': []}
{'issuenumber': 677, 'title': 'Only 2 ids shown, "from name import *"', 'state': 'closed', 'created_at': '2016-01-09T21:44:50Z', 'closed_at': '2016-12-31T02:15:35Z', 'labels': {'name': 'bug'}}
{'issuenumber': 675, 'title': 'Cache here?', 'state': 'closed', 'created_at': '2016-01-09T20:35:10Z', 'closed_at': '2016-01-09T23:02:10Z', 'labels': []}
{'issuenumber': 674, 'title': 'Help with CudaText plugin', 'state': 'closed', 'created_at': '2016-01-09T18:54:56Z', 'closed_at': '2016-01-09T19:38:05Z', 'labels': []}
{'issuenumber': 672, 'title': 'unable to complete on "slightly complex" object', 'state': 'closed', 'created_at': '2016-01-05T14:54:47Z', 'closed_at': '2016-01-05T23:48:52Z', 'labels': []}
{'issuenumber': 671, 'title': 'goto_definitions() return different results if on first char of attribute', 'state': 'closed', 'created_at': '2016-01-03T21:38:08Z', 'closed_at': '2016-07-12T08:14:45Z', 'labels': {'name': 'bug'}}
{'issuenumber': 670, 'title': 'linter: comparing to `...`', 'state': 'closed', 'created_at': '2016-01-01T13:28:39Z', 'closed_at': '2016-01-07T09:42:28Z', 'labels': []}
{'issuenumber': 667, 'title': 'Refactoring with the new parser', 'state': 'closed', 'created_at': '2015-12-28T22:03:56Z', 'closed_at': '2020-02-27T01:19:29Z', 'labels': {'name': 'feature'}}
{'issuenumber': 666, 'title': 'Getting the inferred type of a variable?', 'state': 'closed', 'created_at': '2015-12-28T22:00:55Z', 'closed_at': '2015-12-29T17:38:35Z', 'labels': []}
{'issuenumber': 662, 'title': 'Linter crashes on print statement', 'state': 'closed', 'created_at': '2015-12-14T23:57:03Z', 'closed_at': '2020-04-14T22:06:53Z', 'labels': {'name': 'low-prio'}}
{'issuenumber': 658, 'title': "AttributeError: 'Node' object has no attribute 'path'", 'state': 'closed', 'created_at': '2015-12-13T13:50:40Z', 'closed_at': '2016-07-06T07:44:24Z', 'labels': {'name': 'bug'}}
{'issuenumber': 657, 'title': 'Missing completions in "from X import A, B" form', 'state': 'closed', 'created_at': '2015-12-08T08:44:52Z', 'closed_at': '2016-07-06T22:22:09Z', 'labels': {'name': 'bug'}}
{'issuenumber': 656, 'title': 'Shows docstring of own file in imports', 'state': 'closed', 'created_at': '2015-12-07T05:39:43Z', 'closed_at': '2016-07-08T23:12:26Z', 'labels': {'name': 'bug'}}
{'issuenumber': 655, 'title': 'goto_definitions ignoring absolute_import directive', 'state': 'closed', 'created_at': '2015-12-07T02:14:50Z', 'closed_at': '2016-07-31T09:45:55Z', 'labels': {'name': 'discussion'}}
{'issuenumber': 654, 'title': 'Bizarre `logging` completion error', 'state': 'closed', 'created_at': '2015-12-02T15:55:58Z', 'closed_at': '2015-12-05T09:39:51Z', 'labels': []}
{'issuenumber': 653, 'title': 'Deferred Error in basic cmd: C-c .', 'state': 'closed', 'created_at': '2015-12-02T04:03:36Z', 'closed_at': '2015-12-02T12:09:16Z', 'labels': []}
{'issuenumber': 652, 'title': 'Support for __slots__', 'state': 'closed', 'created_at': '2015-11-27T00:11:15Z', 'closed_at': '2020-02-03T23:25:30Z', 'labels': {'name': 'feature'}}
{'issuenumber': 651, 'title': "AttributeError: 'UserContextParser' object has no attribute '_user_stmt_with_whitespace'", 'state': 'closed', 'created_at': '2015-11-24T18:26:31Z', 'closed_at': '2016-07-06T22:17:35Z', 'labels': []}
{'issuenumber': 650, 'title': 'UnicodeDecodeError in sys_path.py', 'state': 'closed', 'created_at': '2015-11-18T18:50:45Z', 'closed_at': '2016-07-03T13:47:28Z', 'labels': {'name': 'bug'}}
{'issuenumber': 648, 'title': 'Flicker / extraneous output in echo area and *Messages*', 'state': 'closed', 'created_at': '2015-11-16T00:13:07Z', 'closed_at': '2015-11-16T13:15:11Z', 'labels': []}
{'issuenumber': 647, 'title': 'StopIteration in `call_signatures`', 'state': 'closed', 'created_at': '2015-11-13T20:48:54Z', 'closed_at': '2016-07-09T00:41:14Z', 'labels': {'name': 'bug'}}
{'issuenumber': 646, 'title': 'random.Random completions result in an exception', 'state': 'closed', 'created_at': '2015-11-10T12:09:15Z', 'closed_at': '2016-07-09T00:43:44Z', 'labels': {'name': 'bug'}}
{'issuenumber': 645, 'title': 'Jedi ignores keyboard-translate in Emacs config', 'state': 'closed', 'created_at': '2015-11-03T18:26:31Z', 'closed_at': '2015-11-04T06:08:19Z', 'labels': []}
{'issuenumber': 643, 'title': 'Spurious added = in completion candidates', 'state': 'closed', 'created_at': '2015-10-29T16:56:49Z', 'closed_at': '2016-07-20T21:19:27Z', 'labels': {'name': 'bug'}}
{'issuenumber': 642, 'title': "'Class' object has no attribute 'is_generator'", 'state': 'closed', 'created_at': '2015-10-26T16:57:54Z', 'closed_at': '2016-07-17T21:56:17Z', 'labels': {'name': 'bug'}}
{'issuenumber': 639, 'title': 'Autocomplete for parent objects', 'state': 'closed', 'created_at': '2015-10-24T14:08:20Z', 'closed_at': '2016-08-01T21:14:43Z', 'labels': {'name': 'feature'}}
{'issuenumber': 634, 'title': 'Script.call_signatures fails for decorated functions', 'state': 'closed', 'created_at': '2015-10-16T17:45:48Z', 'closed_at': '2019-07-28T22:47:21Z', 'labels': {'name': 'feature'}}
{'issuenumber': 633, 'title': 'Wrong completions for numpy', 'state': 'closed', 'created_at': '2015-10-15T15:58:17Z', 'closed_at': '2015-10-16T00:14:54Z', 'labels': []}
{'issuenumber': 632, 'title': 'autocomplete support for compiled .dll libraries', 'state': 'closed', 'created_at': '2015-10-12T03:21:01Z', 'closed_at': '2015-12-23T18:14:46Z', 'labels': {'name': 'discussion'}}
{'issuenumber': 631, 'title': 'Hinting the type using docstring of class', 'state': 'closed', 'created_at': '2015-10-08T12:45:53Z', 'closed_at': '2016-07-30T12:18:50Z', 'labels': {'name': 'feature'}}
{'issuenumber': 630, 'title': 'Create a unified tech stack for jedi, rope, RedBaron, yapf, pylint, pep8, and similar tools and libraries', 'state': 'closed', 'created_at': '2015-10-02T21:38:48Z', 'closed_at': '2017-09-04T21:49:14Z', 'labels': {'name': 'discussion'}}
{'issuenumber': 629, 'title': 'No support for python 3.5 under virtualenv', 'state': 'closed', 'created_at': '2015-10-02T14:53:03Z', 'closed_at': '2015-10-03T10:56:45Z', 'labels': []}
{'issuenumber': 628, 'title': "'Lambda' object has no attribute 'get_subscope_by_name'", 'state': 'closed', 'created_at': '2015-10-02T10:26:15Z', 'closed_at': '2016-07-31T09:41:53Z', 'labels': {'name': 'bug'}}
{'issuenumber': 627, 'title': 'Jedi could not find modules in eggs', 'state': 'closed', 'created_at': '2015-10-01T10:09:54Z', 'closed_at': '2016-07-30T12:45:55Z', 'labels': {'name': 'feature'}}
{'issuenumber': 626, 'title': 'Allow specialized plugins to help Jedi understand metaclasses (and other things)', 'state': 'closed', 'created_at': '2015-09-25T12:12:33Z', 'closed_at': '2019-12-22T16:58:05Z', 'labels': {'name': 'feature'}}
{'issuenumber': 625, 'title': "AttributeError: 'list' object has no attribute 'isinstance'", 'state': 'closed', 'created_at': '2015-09-18T08:44:41Z', 'closed_at': '2016-07-21T21:01:15Z', 'labels': {'name': 'bug'}}
{'issuenumber': 623, 'title': 'Dependency of auto-complete', 'state': 'closed', 'created_at': '2015-09-04T17:26:47Z', 'closed_at': '2015-09-06T22:30:33Z', 'labels': []}
{'issuenumber': 622, 'title': 'Fail to complete urllib2 response object', 'state': 'closed', 'created_at': '2015-09-03T16:50:36Z', 'closed_at': '2015-09-06T23:44:59Z', 'labels': []}
{'issuenumber': 620, 'title': 'issue on completion when importing scipy', 'state': 'closed', 'created_at': '2015-08-21T22:54:31Z', 'closed_at': '2016-07-20T22:21:25Z', 'labels': {'name': 'bug'}}
{'issuenumber': 619, 'title': 'import jedi failed', 'state': 'closed', 'created_at': '2015-08-20T12:37:13Z', 'closed_at': '2015-08-21T15:44:11Z', 'labels': []}
{'issuenumber': 615, 'title': "can't complete c++ classes exposed via boost.python", 'state': 'closed', 'created_at': '2015-08-11T12:28:58Z', 'closed_at': '2016-07-30T12:52:41Z', 'labels': {'name': 'bug'}}
{'issuenumber': 614, 'title': "Module names completion doesn't work in IPython", 'state': 'closed', 'created_at': '2015-08-11T07:52:01Z', 'closed_at': '2016-07-17T22:00:21Z', 'labels': {'name': 'bug'}}
{'issuenumber': 613, 'title': '__call__ autocomplete does not work.', 'state': 'closed', 'created_at': '2015-07-30T03:18:00Z', 'closed_at': '2016-07-31T19:37:19Z', 'labels': {'name': 'feature'}}
{'issuenumber': 611, 'title': 'How can I get all locations of a element with jedi ?', 'state': 'closed', 'created_at': '2015-07-27T10:22:24Z', 'closed_at': '2016-07-17T11:00:48Z', 'labels': {'name': 'discussion'}}
{'issuenumber': 610, 'title': 'Infinite recursion when a global variable is not defined globally', 'state': 'closed', 'created_at': '2015-07-15T08:33:47Z', 'closed_at': '2016-07-20T21:19:41Z', 'labels': {'name': 'bug'}}
{'issuenumber': 609, 'title': 'Jedi does not work with C extension packages', 'state': 'closed', 'created_at': '2015-07-12T08:13:45Z', 'closed_at': '2016-07-30T12:48:31Z', 'labels': {'name': 'feature'}}
{'issuenumber': 608, 'title': 'No completion for logger when name is used with logging.getLogger', 'state': 'closed', 'created_at': '2015-07-08T15:13:18Z', 'closed_at': '2015-07-12T15:38:18Z', 'labels': []}
{'issuenumber': 607, 'title': 'No completion for subprocess with inner method before import', 'state': 'closed', 'created_at': '2015-07-07T10:06:55Z', 'closed_at': '2017-01-09T09:16:55Z', 'labels': {'name': 'bug'}}
{'issuenumber': 606, 'title': "jedi doesn't show documentation", 'state': 'closed', 'created_at': '2015-07-01T13:30:23Z', 'closed_at': '2015-07-01T13:55:09Z', 'labels': []}
{'issuenumber': 605, 'title': 'Documentation issue', 'state': 'closed', 'created_at': '2015-07-01T13:26:57Z', 'closed_at': '2015-07-01T13:46:36Z', 'labels': []}
{'issuenumber': 604, 'title': '"auto-goto" does not resolve pony-orm\'s decorators (e.g. with generate_mapping)', 'state': 'closed', 'created_at': '2015-07-01T11:36:03Z', 'closed_at': '2019-08-02T15:42:54Z', 'labels': {'name': 'feature'}}
{'issuenumber': 603, 'title': '"Tips for how to use jedi efficiently"', 'state': 'closed', 'created_at': '2015-06-22T19:04:50Z', 'closed_at': '2015-08-27T08:46:46Z', 'labels': {'name': 'bug'}}
{'issuenumber': 601, 'title': 'KeyError: <Name: deprecate@244,11>', 'state': 'closed', 'created_at': '2015-06-21T10:18:03Z', 'closed_at': '2016-07-20T22:02:15Z', 'labels': {'name': 'bug'}}
{'issuenumber': 600, 'title': 'Support linter hints', 'state': 'closed', 'created_at': '2015-06-16T12:53:41Z', 'closed_at': '2019-12-13T15:45:23Z', 'labels': {'name': 'feature'}}
{'issuenumber': 598, 'title': 'Crash when iterating though signature params.', 'state': 'closed', 'created_at': '2015-06-09T16:50:11Z', 'closed_at': '2016-07-17T11:10:14Z', 'labels': []}
{'issuenumber': 597, 'title': 'bracket_start is wrong with str assignment', 'state': 'closed', 'created_at': '2015-06-08T07:14:05Z', 'closed_at': '2016-07-09T00:57:23Z', 'labels': {'name': 'bug'}}
{'issuenumber': 596, 'title': 'Exception when trying to display documentation for a Python C extension', 'state': 'closed', 'created_at': '2015-06-04T13:31:56Z', 'closed_at': '2016-07-17T09:43:18Z', 'labels': {'name': 'bug'}}
{'issuenumber': 595, 'title': 'Errors when editing a file whose path contains a non-ascii character', 'state': 'closed', 'created_at': '2015-06-02T22:06:25Z', 'closed_at': '2015-06-04T23:09:45Z', 'labels': []}
{'issuenumber': 594, 'title': 'KeyError during creation of jedi.Interpreter', 'state': 'closed', 'created_at': '2015-05-27T14:21:06Z', 'closed_at': '2016-07-07T17:16:28Z', 'labels': {'name': 'bug'}}
{'issuenumber': 593, 'title': "'NoneType' object has no attribute 'names_dicts'", 'state': 'closed', 'created_at': '2015-05-22T17:31:44Z', 'closed_at': '2016-07-13T07:17:13Z', 'labels': {'name': 'bug'}}
{'issuenumber': 592, 'title': "AttributeError: 'ListComprehension' object has no attribute 'parent'", 'state': 'closed', 'created_at': '2015-05-22T07:47:38Z', 'closed_at': '2016-07-12T21:42:20Z', 'labels': {'name': 'bug'}}
{'issuenumber': 591, 'title': 'Performance degradation over time', 'state': 'closed', 'created_at': '2015-05-20T09:45:33Z', 'closed_at': '2016-07-31T13:04:48Z', 'labels': {'name': 'bug'}}
{'issuenumber': 590, 'title': "KeyError: 'pytest'", 'state': 'closed', 'created_at': '2015-05-19T14:44:16Z', 'closed_at': '2016-07-08T23:12:52Z', 'labels': {'name': 'bug'}}
{'issuenumber': 589, 'title': "AttributeError: 'MergedNamesDict' object has no attribute 'get'", 'state': 'closed', 'created_at': '2015-05-19T11:46:00Z', 'closed_at': '2016-06-05T12:44:13Z', 'labels': {'name': 'bug'}}
{'issuenumber': 588, 'title': 'Jedi not autocompleting when *args or **kwargs are present in function definition', 'state': 'closed', 'created_at': '2015-05-14T21:53:49Z', 'closed_at': '2015-05-18T17:35:05Z', 'labels': []}
{'issuenumber': 587, 'title': 'Jedi crashes on superscript', 'state': 'closed', 'created_at': '2015-05-11T15:52:37Z', 'closed_at': '2016-07-13T07:16:01Z', 'labels': {'name': 'bug'}}
{'issuenumber': 585, 'title': 'Completion of method definition', 'state': 'closed', 'created_at': '2015-05-08T08:50:21Z', 'closed_at': '2016-07-17T10:44:51Z', 'labels': {'name': 'feature'}}
{'issuenumber': 583, 'title': 'Autocompletion for tkinter module unavailable', 'state': 'closed', 'created_at': '2015-05-07T11:45:14Z', 'closed_at': '2015-08-28T13:39:11Z', 'labels': {'name': 'bug'}}
{'issuenumber': 582, 'title': 'classmethod: no completion on instance of cls', 'state': 'closed', 'created_at': '2015-05-06T13:03:44Z', 'closed_at': '2016-07-20T08:21:37Z', 'labels': {'name': 'bug'}}
{'issuenumber': 580, 'title': 'Semantic keyword completion', 'state': 'closed', 'created_at': '2015-05-05T22:17:23Z', 'closed_at': '2015-05-18T09:27:05Z', 'labels': {'name': 'feature'}}
{'issuenumber': 579, 'title': 'KeyError for lambda expressions with re-used arguments', 'state': 'closed', 'created_at': '2015-05-04T08:35:56Z', 'closed_at': '2016-07-07T17:18:02Z', 'labels': {'name': 'bug'}}
{'issuenumber': 577, 'title': 'Error when no path is given to Script', 'state': 'closed', 'created_at': '2015-05-03T17:41:38Z', 'closed_at': '2016-07-10T10:14:46Z', 'labels': {'name': 'bug'}}
{'issuenumber': 576, 'title': "Python 3.3: 'NoneType' object has no attribute 'type'", 'state': 'closed', 'created_at': '2015-05-03T17:39:33Z', 'closed_at': '2016-07-09T13:22:42Z', 'labels': {'name': 'bug'}}
{'issuenumber': 575, 'title': "Python 3.3: 'NoneType' object has no attribute 'names_dicts'", 'state': 'closed', 'created_at': '2015-05-03T17:36:11Z', 'closed_at': '2016-07-10T10:18:06Z', 'labels': {'name': 'bug'}}
{'issuenumber': 574, 'title': 'Failure with completion for read() on ZipFile: "RuntimeError: maximum recursion depth exceeded"', 'state': 'closed', 'created_at': '2015-05-03T00:04:31Z', 'closed_at': '2018-03-12T19:53:58Z', 'labels': {'name': 'performance'}}
{'issuenumber': 573, 'title': "AttributeError: 'Operator' object has no attribute 'get_definition'", 'state': 'closed', 'created_at': '2015-05-02T19:06:40Z', 'closed_at': '2016-07-09T01:04:23Z', 'labels': {'name': 'bug'}}
{'issuenumber': 572, 'title': "KeyError: u'map' on lambda expression", 'state': 'closed', 'created_at': '2015-05-02T15:21:00Z', 'closed_at': '2016-07-09T01:00:57Z', 'labels': {'name': 'bug'}}
{'issuenumber': 571, 'title': 'goto assignement regression?', 'state': 'closed', 'created_at': '2015-04-29T10:11:05Z', 'closed_at': '2016-07-13T22:22:53Z', 'labels': {'name': 'bug'}}
{'issuenumber': 570, 'title': 'jedi-vim: "Builtin modules cannot be displayed" error with assignment and goto_definitions()', 'state': 'closed', 'created_at': '2015-04-29T07:35:22Z', 'closed_at': '2015-07-01T12:06:53Z', 'labels': {'name': 'feature'}}
{'issuenumber': 569, 'title': 'NotImplementedError with the linter', 'state': 'closed', 'created_at': '2015-04-28T17:20:35Z', 'closed_at': '2016-07-17T10:35:24Z', 'labels': []}
{'issuenumber': 568, 'title': 'goto_definitions on pyqtSlot signal causes AttributeError', 'state': 'closed', 'created_at': '2015-04-10T21:11:18Z', 'closed_at': '2016-07-17T10:36:45Z', 'labels': []}
{'issuenumber': 566, 'title': 'Jedi 0.9.0 release', 'state': 'closed', 'created_at': '2015-04-08T11:25:17Z', 'closed_at': '2015-04-28T17:05:50Z', 'labels': []}
{'issuenumber': 563, 'title': 'Atom support of jedi is getting stable.', 'state': 'closed', 'created_at': '2015-04-08T00:16:01Z', 'closed_at': '2015-04-08T08:16:08Z', 'labels': []}
{'issuenumber': 561, 'title': 'low priority feature request', 'state': 'closed', 'created_at': '2015-04-04T15:48:11Z', 'closed_at': '2015-04-07T12:11:53Z', 'labels': []}
{'issuenumber': 560, 'title': 'Add support for arbitrary sys.path', 'state': 'closed', 'created_at': '2015-03-26T17:06:05Z', 'closed_at': '2015-10-27T18:47:32Z', 'labels': {'name': 'feature'}}
{'issuenumber': 559, 'title': "Jedi doesn't like python2-style octal", 'state': 'closed', 'created_at': '2015-03-25T12:47:47Z', 'closed_at': '2016-07-17T20:36:48Z', 'labels': {'name': 'bug'}}
{'issuenumber': 558, 'title': "Jedi doesn't show available methods for instances", 'state': 'closed', 'created_at': '2015-03-23T09:34:29Z', 'closed_at': '2015-03-24T10:08:24Z', 'labels': []}
{'issuenumber': 557, 'title': 'print(value, ...)', 'state': 'closed', 'created_at': '2015-03-18T21:01:48Z', 'closed_at': '2015-03-22T12:18:08Z', 'labels': []}
{'issuenumber': 555, 'title': 'Attribute errors', 'state': 'closed', 'created_at': '2015-03-13T10:49:27Z', 'closed_at': '2015-03-23T15:32:38Z', 'labels': []}
{'issuenumber': 554, 'title': "Jedi doesn't understand `enumerate`", 'state': 'closed', 'created_at': '2015-03-11T05:02:26Z', 'closed_at': '2015-05-04T16:46:47Z', 'labels': {'name': 'feature'}}
{'issuenumber': 553, 'title': 'Writing a function with colon', 'state': 'closed', 'created_at': '2015-03-08T21:33:10Z', 'closed_at': '2015-06-30T16:01:58Z', 'labels': []}
{'issuenumber': 551, 'title': 'jedi autocompletion breaks with networkx', 'state': 'closed', 'created_at': '2015-03-05T22:06:07Z', 'closed_at': '2016-07-17T10:38:59Z', 'labels': []}
{'issuenumber': 548, 'title': "KeyError: u'u' in tokenize.generate_tokens", 'state': 'closed', 'created_at': '2015-02-18T16:21:16Z', 'closed_at': '2015-02-19T10:20:07Z', 'labels': []}
{'issuenumber': 547, 'title': "Current version on PyPI doesn't play well with latest setuptools (PEP 440)", 'state': 'closed', 'created_at': '2015-02-13T17:30:46Z', 'closed_at': '2015-02-13T19:34:36Z', 'labels': []}
{'issuenumber': 545, 'title': 'max recursion limit with new parser code and buildout project', 'state': 'closed', 'created_at': '2015-02-09T20:35:25Z', 'closed_at': '2015-04-20T19:57:09Z', 'labels': []}
{'issuenumber': 544, 'title': 'Inconsistent handling of script directory', 'state': 'closed', 'created_at': '2015-02-08T09:16:39Z', 'closed_at': '2018-03-13T08:22:20Z', 'labels': {'name': 'discussion'}}
{'issuenumber': 543, 'title': 'Support for Factory Boy / DjangoModelFactory', 'state': 'closed', 'created_at': '2015-02-04T18:52:42Z', 'closed_at': '2019-08-02T15:25:15Z', 'labels': {'name': 'feature'}}
{'issuenumber': 542, 'title': 'Inline type hinting', 'state': 'closed', 'created_at': '2015-02-04T18:41:27Z', 'closed_at': '2016-02-15T23:09:30Z', 'labels': {'name': 'feature'}}
{'issuenumber': 541, 'title': "'UnboundLocalError: local variable 'path' referenced before assignment' still occurs in master and pip version", 'state': 'closed', 'created_at': '2015-01-31T02:40:45Z', 'closed_at': '2015-01-31T17:25:04Z', 'labels': []}
{'issuenumber': 540, 'title': '>2 second lag in some cases using python 3', 'state': 'closed', 'created_at': '2015-01-28T00:19:50Z', 'closed_at': '2016-07-30T12:44:54Z', 'labels': {'name': 'performance'}}
{'issuenumber': 538, 'title': '[parser] ValueError from Django not caught for many-to-many relationship', 'state': 'closed', 'created_at': '2015-01-25T23:48:44Z', 'closed_at': '2015-03-24T14:26:14Z', 'labels': []}
{'issuenumber': 537, 'title': 'wheel package format', 'state': 'closed', 'created_at': '2015-01-24T22:39:57Z', 'closed_at': '2015-04-28T17:15:13Z', 'labels': {'name': 'release-discussion'}}
{'issuenumber': 536, 'title': 'Relative star imports (old: Is this a bug?)', 'state': 'closed', 'created_at': '2015-01-24T15:27:59Z', 'closed_at': '2015-04-27T15:03:18Z', 'labels': {'name': 'bug'}}
{'issuenumber': 535, 'title': "API to adjust jedi's internal sys.path", 'state': 'closed', 'created_at': '2015-01-24T09:03:06Z', 'closed_at': '2015-10-27T18:48:08Z', 'labels': {'name': 'feature'}}
{'issuenumber': 533, 'title': '[parser] AttributeError: "... Don\'t touch this (py__mro__)!" with Django\'s model Manager', 'state': 'closed', 'created_at': '2015-01-19T16:32:23Z', 'closed_at': '2015-03-31T00:14:18Z', 'labels': {'name': 'bug'}}
{'issuenumber': 531, 'title': 'GTK+ 3 (GObject introspection)', 'state': 'closed', 'created_at': '2015-01-19T14:54:17Z', 'closed_at': '2018-07-02T22:59:03Z', 'labels': {'name': 'feature'}}
{'issuenumber': 529, 'title': 'Unguarded __getattr__ causes exception', 'state': 'closed', 'created_at': '2015-01-16T11:19:15Z', 'closed_at': '2015-04-12T15:18:42Z', 'labels': []}
{'issuenumber': 526, 'title': 'Issue when filtering completion candidates with East-Asian characters', 'state': 'closed', 'created_at': '2015-01-15T12:48:38Z', 'closed_at': '2015-03-06T14:04:02Z', 'labels': []}
{'issuenumber': 525, 'title': 'Point to readthedocs instead of jedidjah', 'state': 'closed', 'created_at': '2015-01-09T08:53:56Z', 'closed_at': '2015-02-23T10:50:08Z', 'labels': {'name': 'release-discussion'}}
{'issuenumber': 524, 'title': 'Melpa installs 0.7.0 - old versioned jedi', 'state': 'closed', 'created_at': '2015-01-06T04:38:49Z', 'closed_at': '2015-01-06T10:13:03Z', 'labels': []}
{'issuenumber': 523, 'title': 'Emacs - Jedi not recognising dist-packages libraries', 'state': 'closed', 'created_at': '2015-01-04T07:39:10Z', 'closed_at': '2015-01-16T05:38:31Z', 'labels': []}
{'issuenumber': 521, 'title': 'UserWarning: version is not PEP440 compatible.', 'state': 'closed', 'created_at': '2014-12-19T07:02:11Z', 'closed_at': '2015-01-05T12:15:40Z', 'labels': {'name': 'bug'}}
{'issuenumber': 520, 'title': 'Slow pandas completion', 'state': 'closed', 'created_at': '2014-12-14T15:59:26Z', 'closed_at': '2020-01-05T01:40:56Z', 'labels': {'name': 'performance'}}
{'issuenumber': 519, 'title': 'full_name of sub modules does not list parent package', 'state': 'closed', 'created_at': '2014-12-09T16:03:12Z', 'closed_at': '2015-04-23T02:12:16Z', 'labels': {'name': 'bug'}}
{'issuenumber': 518, 'title': 'Access source code line in definiton.', 'state': 'closed', 'created_at': '2014-12-04T07:08:50Z', 'closed_at': '2016-07-31T18:38:51Z', 'labels': {'name': 'feature'}}
{'issuenumber': 517, 'title': 'Typehinting: Collection element types?', 'state': 'closed', 'created_at': '2014-12-04T04:44:51Z', 'closed_at': '2016-07-17T10:29:14Z', 'labels': {'name': 'feature'}}
{'issuenumber': 516, 'title': 'Support for dynamically created classes', 'state': 'closed', 'created_at': '2014-12-01T18:02:12Z', 'closed_at': '2020-01-05T01:58:47Z', 'labels': {'name': 'feature'}}
{'issuenumber': 515, 'title': "call_signatures: can't distiguish beween class and instance calls on builtins", 'state': 'closed', 'created_at': '2014-12-01T13:35:00Z', 'closed_at': '2015-04-10T11:45:43Z', 'labels': {'name': 'bug'}}
{'issuenumber': 514, 'title': 'IndexError when creating jedi.Interpreter.', 'state': 'closed', 'created_at': '2014-11-29T17:52:29Z', 'closed_at': '2015-03-24T16:32:51Z', 'labels': {'name': 'bug'}}
{'issuenumber': 513, 'title': "AttributeError: 'generator' object has no attribute '__objclass__'", 'state': 'closed', 'created_at': '2014-11-28T12:04:18Z', 'closed_at': '2015-03-24T16:38:38Z', 'labels': {'name': 'bug'}}
{'issuenumber': 512, 'title': 'call_signatures improvements', 'state': 'closed', 'created_at': '2014-11-27T13:31:03Z', 'closed_at': '2016-07-31T10:52:29Z', 'labels': {'name': 'feature'}}
{'issuenumber': 511, 'title': "Interpreter: completions from namespaces all have type=='module'", 'state': 'closed', 'created_at': '2014-11-27T12:29:03Z', 'closed_at': '2015-03-24T14:28:57Z', 'labels': []}
{'issuenumber': 510, 'title': 'call_signatures does not work on chained calls', 'state': 'closed', 'created_at': '2014-11-26T10:42:24Z', 'closed_at': '2015-04-10T00:17:33Z', 'labels': {'name': 'bug'}}
{'issuenumber': 509, 'title': 'Completion on imported submodules does not work', 'state': 'closed', 'created_at': '2014-11-25T13:56:15Z', 'closed_at': '2014-11-25T14:42:17Z', 'labels': []}
{'issuenumber': 508, 'title': 'Attribute error when getting completions for "yield " as inputstring.', 'state': 'closed', 'created_at': '2014-11-19T09:30:01Z', 'closed_at': '2015-03-25T10:29:47Z', 'labels': {'name': 'bug'}}
{'issuenumber': 507, 'title': 'Type hinting for imported types', 'state': 'closed', 'created_at': '2014-11-14T17:36:19Z', 'closed_at': '2016-07-31T10:19:11Z', 'labels': {'name': 'bug'}}
{'issuenumber': 506, 'title': 'continuation line cannot be placed to avoid error', 'state': 'closed', 'created_at': '2014-11-14T15:07:24Z', 'closed_at': '2014-11-14T15:12:34Z', 'labels': []}
{'issuenumber': 504, 'title': 'Support for NumPy and Google-style Sphinx docstrings', 'state': 'closed', 'created_at': '2014-11-02T12:06:01Z', 'closed_at': '2016-07-17T10:15:14Z', 'labels': {'name': 'feature'}}
{'issuenumber': 503, 'title': 'functools.wraps should preserve decorated function signature', 'state': 'closed', 'created_at': '2014-11-02T03:00:03Z', 'closed_at': '2019-07-28T22:37:29Z', 'labels': {'name': 'discussion'}}
{'issuenumber': 501, 'title': "Call signatures not displayed after 'return'", 'state': 'closed', 'created_at': '2014-10-26T23:53:57Z', 'closed_at': '2015-03-05T22:23:39Z', 'labels': []}
{'issuenumber': 500, 'title': '"RuntimeError: dictionary changed size during iteration" when calling completions()', 'state': 'closed', 'created_at': '2014-10-26T19:33:53Z', 'closed_at': '2015-03-05T22:25:20Z', 'labels': {'name': 'bug'}}
{'issuenumber': 499, 'title': 'Jedi cannot be installed (and totally borks SublimePythonIDE)', 'state': 'closed', 'created_at': '2014-10-24T18:57:57Z', 'closed_at': '2015-03-24T14:28:03Z', 'labels': []}
{'issuenumber': 498, 'title': 'Not showing function signatures for class methods', 'state': 'closed', 'created_at': '2014-10-19T06:23:35Z', 'closed_at': '2019-07-24T10:58:35Z', 'labels': {'name': 'bug'}}
{'issuenumber': 497, 'title': 'fast_parent_copy extremely slow (>1 minute)', 'state': 'closed', 'created_at': '2014-10-18T00:26:43Z', 'closed_at': '2015-03-25T12:08:44Z', 'labels': {'name': 'performance'}}
{'issuenumber': 496, 'title': 'jedi ignores current virtualenv?', 'state': 'closed', 'created_at': '2014-10-17T09:21:28Z', 'closed_at': '2014-10-17T09:40:21Z', 'labels': []}
{'issuenumber': 495, 'title': 'UnicodeDecodeError on OpenBSD.', 'state': 'closed', 'created_at': '2014-10-10T16:15:28Z', 'closed_at': '2018-03-12T19:37:16Z', 'labels': {'name': 'low-prio'}}
{'issuenumber': 494, 'title': 'goto_definitions and contextmanagers', 'state': 'closed', 'created_at': '2014-10-10T14:52:23Z', 'closed_at': '2015-03-05T22:46:28Z', 'labels': {'name': 'discussion'}}
{'issuenumber': 493, 'title': 'Feature Request: System File Path Completion', 'state': 'closed', 'created_at': '2014-10-07T10:14:42Z', 'closed_at': '2019-08-05T23:10:36Z', 'labels': {'name': 'feature'}}
{'issuenumber': 492, 'title': '__import__() argument 1 must be string, not None', 'state': 'closed', 'created_at': '2014-10-03T20:17:43Z', 'closed_at': '2015-03-25T10:30:46Z', 'labels': {'name': 'bug'}}
{'issuenumber': 491, 'title': 'ValueError: __loader__ is None', 'state': 'closed', 'created_at': '2014-10-03T19:37:15Z', 'closed_at': '2015-04-13T13:13:35Z', 'labels': {'name': 'bug'}}
{'issuenumber': 490, 'title': 'IndexError when calling full_name of signature.', 'state': 'closed', 'created_at': '2014-10-03T19:34:04Z', 'closed_at': '2015-03-25T10:32:57Z', 'labels': {'name': 'bug'}}
{'issuenumber': 489, 'title': 'Jedi allocates memory but never frees it.', 'state': 'closed', 'created_at': '2014-10-01T18:46:14Z', 'closed_at': '2014-10-06T15:57:00Z', 'labels': []}
{'issuenumber': 488, 'title': 'Support for characteristic', 'state': 'closed', 'created_at': '2014-10-01T11:59:09Z', 'closed_at': '2016-09-24T11:05:50Z', 'labels': {'name': 'feature'}}
{'issuenumber': 487, 'title': "AttributeError: 'LazyName' object has no attribute '_parent' in ``get_completions``.", 'state': 'closed', 'created_at': '2014-09-30T20:51:07Z', 'closed_at': '2015-03-25T10:24:13Z', 'labels': {'name': 'bug'}}
{'issuenumber': 486, 'title': "UnboundLocalError: local variable 'path' referenced before assignment", 'state': 'closed', 'created_at': '2014-09-20T18:40:50Z', 'closed_at': '2014-09-20T20:16:22Z', 'labels': []}
{'issuenumber': 485, 'title': 'ValueError: invalid \\x escape', 'state': 'closed', 'created_at': '2014-09-14T15:44:58Z', 'closed_at': '2015-03-27T18:35:32Z', 'labels': {'name': 'bug'}}
{'issuenumber': 482, 'title': 'UnicodeEncodeError with unicode in strings', 'state': 'closed', 'created_at': '2014-09-13T09:41:00Z', 'closed_at': '2015-03-25T10:41:07Z', 'labels': {'name': 'bug'}}
{'issuenumber': 481, 'title': 'Inconsitent usage results', 'state': 'closed', 'created_at': '2014-09-11T02:50:28Z', 'closed_at': '2015-04-09T14:36:01Z', 'labels': {'name': 'feature'}}
{'issuenumber': 480, 'title': 'A New Parser', 'state': 'closed', 'created_at': '2014-09-09T09:38:23Z', 'closed_at': '2015-02-09T13:39:23Z', 'labels': {'name': 'discussion'}}
{'issuenumber': 479, 'title': 'Function Arguments', 'state': 'closed', 'created_at': '2014-09-09T06:17:50Z', 'closed_at': '2014-09-09T13:46:46Z', 'labels': {'name': 'bug'}}
{'issuenumber': 478, 'title': 'Completion for imports after module name (`import os.`)', 'state': 'closed', 'created_at': '2014-09-04T05:01:47Z', 'closed_at': '2015-04-10T00:36:31Z', 'labels': {'name': 'bug'}}
{'issuenumber': 477, 'title': 'Listing alll names of a file/project. [API-Design]', 'state': 'closed', 'created_at': '2014-09-03T09:45:22Z', 'closed_at': '2016-07-17T10:08:27Z', 'labels': {'name': 'discussion'}}
{'issuenumber': 476, 'title': 'Completion hangs', 'state': 'closed', 'created_at': '2014-09-02T13:32:48Z', 'closed_at': '2016-07-18T21:34:28Z', 'labels': {'name': 'performance'}}
{'issuenumber': 475, 'title': 'False positive:  unsupported operand type(s) for +', 'state': 'closed', 'created_at': '2014-08-29T12:28:24Z', 'closed_at': '2019-08-02T14:29:52Z', 'labels': {'name': 'bug'}}
{'issuenumber': 474, 'title': 'AttributeError in python2 unicode.isinstance', 'state': 'closed', 'created_at': '2014-08-29T12:23:10Z', 'closed_at': '2019-08-02T14:22:41Z', 'labels': {'name': 'bug'}}
{'issuenumber': 473, 'title': 'usages() finds wrong uses in assignments', 'state': 'closed', 'created_at': '2014-08-28T09:42:37Z', 'closed_at': '2017-10-01T11:42:12Z', 'labels': {'name': 'feature'}}
{'issuenumber': 472, 'title': 'jedi fails when pkg.__init__ is an extension module', 'state': 'closed', 'created_at': '2014-08-27T13:22:46Z', 'closed_at': '2015-04-08T00:55:34Z', 'labels': {'name': 'bug'}}
{'issuenumber': 471, 'title': 'ImportError during call_signatures', 'state': 'closed', 'created_at': '2014-08-27T07:51:02Z', 'closed_at': '2015-03-06T10:30:23Z', 'labels': {'name': 'bug'}}
{'issuenumber': 470, 'title': 'Issue in send key element for Firefox - python 3.4.1', 'state': 'closed', 'created_at': '2014-08-27T06:20:06Z', 'closed_at': '2015-03-05T22:40:31Z', 'labels': []}
{'issuenumber': 468, 'title': 'linter crashes on module that import `socket`', 'state': 'closed', 'created_at': '2014-08-20T07:11:47Z', 'closed_at': '2015-04-10T00:38:59Z', 'labels': {'name': 'bug'}}
{'issuenumber': 466, 'title': 'SyntaxError: EOL while scanning string literal', 'state': 'closed', 'created_at': '2014-08-17T08:31:46Z', 'closed_at': '2015-03-06T12:20:18Z', 'labels': {'name': 'bug'}}
{'issuenumber': 465, 'title': 'SyntaxError: encoding declaration in Unicode string', 'state': 'closed', 'created_at': '2014-08-17T08:24:48Z', 'closed_at': '2015-03-05T22:49:18Z', 'labels': []}
{'issuenumber': 464, 'title': "`jedi:setup-keys' is an obsolete variable", 'state': 'closed', 'created_at': '2014-08-11T06:21:24Z', 'closed_at': '2014-08-11T08:59:44Z', 'labels': []}
{'issuenumber': 463, 'title': 'Completion suggests deleted attributes in the os module', 'state': 'closed', 'created_at': '2014-08-10T11:56:43Z', 'closed_at': '2014-08-10T12:07:55Z', 'labels': []}
{'issuenumber': 462, 'title': 'linter crashes on PEP 3132 Extended Iterable Unpacking', 'state': 'closed', 'created_at': '2014-08-05T22:10:20Z', 'closed_at': '2016-07-30T01:10:42Z', 'labels': {'name': 'bug'}}
{'issuenumber': 461, 'title': 'linter thinks bound methods are plain functions', 'state': 'closed', 'created_at': '2014-08-04T19:33:40Z', 'closed_at': '2016-07-31T21:43:19Z', 'labels': {'name': 'bug'}}
{'issuenumber': 460, 'title': "linter doesn't honor isinstance() if it's part of a longer expression", 'state': 'closed', 'created_at': '2014-08-04T18:46:51Z', 'closed_at': '2016-07-17T10:05:05Z', 'labels': {'name': 'feature'}}
{'issuenumber': 459, 'title': 'About Funcation', 'state': 'closed', 'created_at': '2014-08-02T17:21:14Z', 'closed_at': '2015-03-06T13:57:09Z', 'labels': []}
{'issuenumber': 458, 'title': 'Autocomplete inherited methods when overriding in child class', 'state': 'closed', 'created_at': '2014-08-01T18:14:23Z', 'closed_at': '2016-07-31T21:10:04Z', 'labels': {'name': 'feature'}}
{'issuenumber': 457, 'title': 'Linter crash', 'state': 'closed', 'created_at': '2014-07-30T11:21:18Z', 'closed_at': '2015-02-24T07:49:10Z', 'labels': []}
{'issuenumber': 455, 'title': "linter doesn't recognize self as an implicit first argument", 'state': 'closed', 'created_at': '2014-07-27T17:13:03Z', 'closed_at': '2019-12-13T16:05:55Z', 'labels': {'name': 'bug'}}
{'issuenumber': 454, 'title': 'PicklingError with linter', 'state': 'closed', 'created_at': '2014-07-27T17:02:54Z', 'closed_at': '2014-07-28T06:59:24Z', 'labels': []}
{'issuenumber': 452, 'title': 'Support arbitrary import hooks', 'state': 'closed', 'created_at': '2014-07-27T12:49:58Z', 'closed_at': '2016-07-17T10:03:10Z', 'labels': {'name': 'feature'}}
{'issuenumber': 449, 'title': 'Completion breaks everywhere', 'state': 'closed', 'created_at': '2014-07-27T08:23:44Z', 'closed_at': '2014-08-04T14:48:22Z', 'labels': {'name': 'bug'}}
{'issuenumber': 447, 'title': 'Incorrect "has no attribute" linter errors when using CFFI modules', 'state': 'closed', 'created_at': '2014-07-26T18:01:03Z', 'closed_at': '2016-07-30T13:08:34Z', 'labels': {'name': 'bug'}}
{'issuenumber': 446, 'title': 'Incorrect linter error', 'state': 'closed', 'created_at': '2014-07-26T17:53:18Z', 'closed_at': '2019-08-02T14:28:29Z', 'labels': {'name': 'bug'}}
{'issuenumber': 443, 'title': '.pth status', 'state': 'closed', 'created_at': '2014-07-26T14:01:06Z', 'closed_at': '2015-10-27T18:48:51Z', 'labels': {'name': 'feature'}}
{'issuenumber': 442, 'title': 'RFC: Get list of possible exceptions', 'state': 'closed', 'created_at': '2014-07-26T14:00:42Z', 'closed_at': '2020-01-05T02:05:36Z', 'labels': {'name': 'feature'}}
{'issuenumber': 438, 'title': 'Inconsistent git tag with 0.8.1 (vs. v0.8.1)', 'state': 'closed', 'created_at': '2014-07-24T22:34:42Z', 'closed_at': '2014-07-25T00:15:49Z', 'labels': []}
{'issuenumber': 436, 'title': 'Jedi linter exits with an error', 'state': 'closed', 'created_at': '2014-07-24T16:44:51Z', 'closed_at': '2014-07-27T13:59:36Z', 'labels': []}
{'issuenumber': 432, 'title': 'multiprocessing autocompletion fails with Python 3.4.1 [old: functions named arguments fail...]', 'state': 'closed', 'created_at': '2014-07-09T11:42:15Z', 'closed_at': '2016-07-17T09:56:13Z', 'labels': {'name': 'feature'}}
{'issuenumber': 431, 'title': "'NoneType' object has no attribute 'end_pos'", 'state': 'closed', 'created_at': '2014-07-07T17:38:40Z', 'closed_at': '2014-07-18T13:15:21Z', 'labels': []}
{'issuenumber': 429, 'title': 'IndexError: list index out of range in completions', 'state': 'closed', 'created_at': '2014-07-06T16:37:54Z', 'closed_at': '2015-02-09T13:42:33Z', 'labels': []}
{'issuenumber': 428, 'title': 'Jedi not working with Numpy on Windows 7', 'state': 'closed', 'created_at': '2014-07-06T15:22:58Z', 'closed_at': '2014-07-22T01:14:09Z', 'labels': []}
{'issuenumber': 427, 'title': 'Decoding error in DocstringMixin.raw_doc', 'state': 'closed', 'created_at': '2014-06-26T13:30:19Z', 'closed_at': '2014-07-18T15:45:47Z', 'labels': []}
{'issuenumber': 424, 'title': 'Form feed characters confuse Jedi', 'state': 'closed', 'created_at': '2014-06-19T14:50:21Z', 'closed_at': '2014-07-18T15:00:15Z', 'labels': []}
{'issuenumber': 421, 'title': 'Call to parent class via `super` gets not resolved for completion', 'state': 'closed', 'created_at': '2014-06-08T18:58:45Z', 'closed_at': '2014-07-30T09:35:19Z', 'labels': []}
{'issuenumber': 420, 'title': "AttributeError: 'Token' object has no attribute 'name'", 'state': 'closed', 'created_at': '2014-06-03T21:17:26Z', 'closed_at': '2014-07-22T22:48:22Z', 'labels': []}
{'issuenumber': 419, 'title': "AttributeError: Instance <eInstance of <eClass of <Class: ResultMerger@25-27>> (var_args: 2)>: Don't touch this (expression_list)!", 'state': 'closed', 'created_at': '2014-06-03T21:06:12Z', 'closed_at': '2015-03-24T14:07:51Z', 'labels': {'name': 'bug'}}
{'issuenumber': 418, 'title': 'Matplotlib top-level completion not working', 'state': 'closed', 'created_at': '2014-06-01T22:00:43Z', 'closed_at': '2014-07-18T13:10:49Z', 'labels': []}
{'issuenumber': 417, 'title': '"TypeError: no dicts allowed" in call_signatures()', 'state': 'closed', 'created_at': '2014-05-28T21:33:03Z', 'closed_at': '2014-07-18T13:37:17Z', 'labels': {'name': 'bug'}}
{'issuenumber': 416, 'title': "local variable 'old_stmt' referenced before assignment", 'state': 'closed', 'created_at': '2014-05-28T08:42:45Z', 'closed_at': '2014-07-18T11:08:14Z', 'labels': {'name': 'bug'}}
{'issuenumber': 414, 'title': 'Type hinting for WebDriver from Selenium (using dotted path)', 'state': 'closed', 'created_at': '2014-05-22T13:58:53Z', 'closed_at': '2014-08-04T14:56:31Z', 'labels': {'name': 'feature'}}
{'issuenumber': 413, 'title': 'Handle module subpackage imports correctly', 'state': 'closed', 'created_at': '2014-05-20T15:56:41Z', 'closed_at': '2014-07-22T22:48:22Z', 'labels': []}
{'issuenumber': 412, 'title': 'Jedi + Python3 unable to complete in open file context', 'state': 'closed', 'created_at': '2014-05-18T15:52:53Z', 'closed_at': '2015-04-08T23:44:13Z', 'labels': {'name': 'bug'}}
{'issuenumber': 409, 'title': 'Completion sometimes not launched by . when with python', 'state': 'closed', 'created_at': '2014-05-15T17:15:51Z', 'closed_at': '2014-07-28T10:38:15Z', 'labels': []}
{'issuenumber': 408, 'title': 'What are your most typical mistakes that you would like a static analysis tool pick up?', 'state': 'closed', 'created_at': '2014-05-12T10:03:37Z', 'closed_at': '2016-07-17T09:46:27Z', 'labels': {'name': 'discussion'}}
{'issuenumber': 405, 'title': 'REPL completion seems broken', 'state': 'closed', 'created_at': '2014-05-06T06:08:09Z', 'closed_at': '2015-03-25T10:37:46Z', 'labels': {'name': 'bug'}}
{'issuenumber': 402, 'title': 'Cannot get completions for jedi.Script', 'state': 'closed', 'created_at': '2014-04-28T13:34:32Z', 'closed_at': '2014-05-04T00:42:06Z', 'labels': {'name': 'bug'}}
{'issuenumber': 401, 'title': "'Token' object has no attribute 'set_next'", 'state': 'closed', 'created_at': '2014-04-28T07:58:24Z', 'closed_at': '2014-05-03T18:46:49Z', 'labels': {'name': 'bug'}}
{'issuenumber': 400, 'title': 'Support parentheses in params syntax', 'state': 'closed', 'created_at': '2014-04-25T13:40:01Z', 'closed_at': '2014-08-04T08:28:12Z', 'labels': {'name': 'feature'}}
{'issuenumber': 398, 'title': 'charmap error when using Jedi in python 3.4', 'state': 'closed', 'created_at': '2014-04-22T19:57:17Z', 'closed_at': '2014-04-27T19:11:58Z', 'labels': {'name': 'bug'}}
{'issuenumber': 397, 'title': 'ModuleNotFound when getting completion type', 'state': 'closed', 'created_at': '2014-04-22T07:34:27Z', 'closed_at': '2014-05-01T08:48:59Z', 'labels': {'name': 'bug'}}
{'issuenumber': 396, 'title': 'Calltips: strange behaviour', 'state': 'closed', 'created_at': '2014-04-22T06:47:02Z', 'closed_at': '2014-05-04T14:40:02Z', 'labels': {'name': 'bug'}}
{'issuenumber': 395, 'title': 'Release 0.8.0', 'state': 'closed', 'created_at': '2014-04-16T08:27:07Z', 'closed_at': '2014-05-04T22:21:34Z', 'labels': {'name': 'next_release'}}
{'issuenumber': 394, 'title': 'error in process filter: Error from RPC: "[Errno 2] No such file or directory: \'setuptools/__init__.py\'"', 'state': 'closed', 'created_at': '2014-04-03T04:54:36Z', 'closed_at': '2015-04-09T14:29:07Z', 'labels': {'name': 'bug'}}
{'issuenumber': 393, 'title': 'Call signatures: backward incompatiblity', 'state': 'closed', 'created_at': '2014-03-28T09:33:21Z', 'closed_at': '2014-04-02T12:00:18Z', 'labels': []}
{'issuenumber': 392, 'title': 'Adding `Script.documentation`.', 'state': 'closed', 'created_at': '2014-03-25T11:37:55Z', 'closed_at': '2019-12-22T01:36:18Z', 'labels': {'name': 'feature'}}
{'issuenumber': 391, 'title': 'Completion problems about the object of numpy, matplotlib in windows 7', 'state': 'closed', 'created_at': '2014-03-23T09:30:51Z', 'closed_at': '2014-03-23T11:51:16Z', 'labels': []}
{'issuenumber': 390, 'title': 'Script with source_path arg returns wrong call_signature', 'state': 'closed', 'created_at': '2014-03-21T15:41:45Z', 'closed_at': '2014-04-09T10:32:09Z', 'labels': {'name': 'bug'}}
{'issuenumber': 389, 'title': "Can't get completions for module installed with pip", 'state': 'closed', 'created_at': '2014-03-20T19:29:39Z', 'closed_at': '2014-04-27T19:13:46Z', 'labels': {'name': 'bug'}}
{'issuenumber': 386, 'title': 'check_virtual_env function fail to detect evironments with other python version', 'state': 'closed', 'created_at': '2014-03-18T19:02:08Z', 'closed_at': '2014-03-21T20:50:47Z', 'labels': []}
{'issuenumber': 385, 'title': 'Discussion: Jedi wrapper module using server-client architecture to deal with multiprocessing, async interface, multiple Python version, cache lock, etc.', 'state': 'closed', 'created_at': '2014-03-18T17:00:09Z', 'closed_at': '2019-12-13T19:35:43Z', 'labels': {'name': 'discussion'}}
{'issuenumber': 384, 'title': 'Suggestion: keep sys.path per Evaluator instance', 'state': 'closed', 'created_at': '2014-03-17T18:06:56Z', 'closed_at': '2015-10-27T18:48:44Z', 'labels': {'name': 'discussion'}}
{'issuenumber': 383, 'title': 'Letting Jedi understand swig generated libs', 'state': 'closed', 'created_at': '2014-03-14T11:47:30Z', 'closed_at': '2019-07-21T23:11:17Z', 'labels': {'name': 'feature'}}
{'issuenumber': 382, 'title': 'Reconsidering goto_definitions. Add goto_assignments(follow_assignments=True) and/or goto_types?', 'state': 'closed', 'created_at': '2014-03-14T02:12:29Z', 'closed_at': '2016-08-06T10:51:41Z', 'labels': {'name': 'feature'}}
{'issuenumber': 381, 'title': 'Possible cache issue', 'state': 'closed', 'created_at': '2014-03-12T12:55:35Z', 'closed_at': '2014-03-12T14:23:39Z', 'labels': []}
{'issuenumber': 380, 'title': 'Issue with inheritance from compiled class', 'state': 'closed', 'created_at': '2014-03-10T17:13:16Z', 'closed_at': '2014-03-11T11:45:59Z', 'labels': []}
{'issuenumber': 379, 'title': 'Completing in constructor with lambda as default argument', 'state': 'closed', 'created_at': '2014-02-27T18:00:47Z', 'closed_at': '2014-03-11T11:29:12Z', 'labels': []}
{'issuenumber': 377, 'title': 'Another docstring issue - maybe found what is causing it', 'state': 'closed', 'created_at': '2014-02-20T12:58:57Z', 'closed_at': '2014-03-26T12:07:17Z', 'labels': {'name': 'bug'}}
{'issuenumber': 376, 'title': "'CompiledName' object has no attribute 'docstr'", 'state': 'closed', 'created_at': '2014-02-17T08:18:19Z', 'closed_at': '2014-03-10T09:03:05Z', 'labels': {'name': 'bug'}}
{'issuenumber': 373, 'title': "'CompiledObject' object has no attribute 'params'", 'state': 'closed', 'created_at': '2014-01-27T08:01:41Z', 'closed_at': '2014-02-26T15:18:53Z', 'labels': {'name': 'bug'}}
{'issuenumber': 372, 'title': 'No completions of the functions of SciPy, NumPy, Matplotlib, and PyLab', 'state': 'closed', 'created_at': '2014-01-24T04:06:01Z', 'closed_at': '2018-03-13T23:53:47Z', 'labels': {'name': 'feature'}}
{'issuenumber': 371, 'title': 'Extend Script class with virtualenv param.', 'state': 'closed', 'created_at': '2014-01-22T05:35:13Z', 'closed_at': '2014-03-17T19:34:42Z', 'labels': {'name': 'feature'}}
{'issuenumber': 370, 'title': 'Type hinting not working for user-defined classes', 'state': 'closed', 'created_at': '2014-01-20T10:33:18Z', 'closed_at': '2014-03-28T00:44:27Z', 'labels': []}
{'issuenumber': 369, 'title': '0.8.0-alpha1 weird version string', 'state': 'closed', 'created_at': '2014-01-15T20:09:56Z', 'closed_at': '2014-01-15T23:43:52Z', 'labels': []}
{'issuenumber': 364, 'title': 'Cannot import Jedi from Python Prompt on Windows', 'state': 'closed', 'created_at': '2014-01-12T03:38:31Z', 'closed_at': '2014-01-12T14:08:49Z', 'labels': []}
{'issuenumber': 361, 'title': 'Support for Flask custom import of extensions', 'state': 'closed', 'created_at': '2014-01-01T12:28:53Z', 'closed_at': '2016-07-17T09:47:27Z', 'labels': {'name': 'feature'}}
{'issuenumber': 357, 'title': 'Jedi crashing when importing from PyQt', 'state': 'closed', 'created_at': '2013-12-19T00:10:41Z', 'closed_at': '2013-12-19T09:14:31Z', 'labels': {'name': 'bug'}}
{'issuenumber': 356, 'title': "Jedi doesn't list bultiins as candidates with YouCompleteMe ", 'state': 'closed', 'created_at': '2013-12-18T13:32:31Z', 'closed_at': '2013-12-19T15:02:29Z', 'labels': []}
{'issuenumber': 355, 'title': 'Deferred error with VTK library', 'state': 'closed', 'created_at': '2013-12-10T16:59:18Z', 'closed_at': '2014-03-11T11:50:16Z', 'labels': {'name': 'bug'}}
{'issuenumber': 352, 'title': 'Compiled file auto-completion', 'state': 'closed', 'created_at': '2013-12-05T14:29:32Z', 'closed_at': '2014-02-19T18:10:44Z', 'labels': {'name': 'feature'}}
{'issuenumber': 351, 'title': 'Deffered errors with unicode docstring', 'state': 'closed', 'created_at': '2013-12-05T05:30:53Z', 'closed_at': '2014-04-04T13:32:34Z', 'labels': {'name': 'bug'}}
{'issuenumber': 350, 'title': 'Why is jedi.__version__ a tuple?', 'state': 'closed', 'created_at': '2013-12-04T00:31:53Z', 'closed_at': '2014-01-13T23:27:50Z', 'labels': []}
{'issuenumber': 349, 'title': 'Can\'t complete "urllib.parse."', 'state': 'closed', 'created_at': '2013-11-29T17:52:18Z', 'closed_at': '2014-02-19T18:42:00Z', 'labels': {'name': 'bug'}}
{'issuenumber': 348, 'title': 'cStringIO not supported', 'state': 'closed', 'created_at': '2013-11-23T20:48:31Z', 'closed_at': '2014-04-02T20:24:50Z', 'labels': {'name': 'bug'}}
{'issuenumber': 347, 'title': 'Memory and CPU usage in 0.7.0 with simple completions', 'state': 'closed', 'created_at': '2013-11-22T19:17:35Z', 'closed_at': '2013-12-02T18:09:51Z', 'labels': {'name': 'bug'}}
{'issuenumber': 346, 'title': 'get_code() fidelity', 'state': 'closed', 'created_at': '2013-11-22T15:03:15Z', 'closed_at': '2015-02-10T13:34:12Z', 'labels': {'name': 'feature'}}
{'issuenumber': 344, 'title': 'Support for Symbol Browsing', 'state': 'closed', 'created_at': '2013-11-20T14:29:26Z', 'closed_at': '2014-04-02T11:49:23Z', 'labels': {'name': 'feature'}}
{'issuenumber': 343, 'title': 'jedi does not works on z3', 'state': 'closed', 'created_at': '2013-11-17T17:19:22Z', 'closed_at': '2014-03-11T10:34:45Z', 'labels': {'name': 'bug'}}
{'issuenumber': 342, 'title': 'Error when completing os.path in python 3.1.3', 'state': 'closed', 'created_at': '2013-11-07T19:09:06Z', 'closed_at': '2014-03-11T11:47:26Z', 'labels': {'name': 'bug'}}
{'issuenumber': 341, 'title': 'Performance on Big (Extension) Modules', 'state': 'closed', 'created_at': '2013-11-04T02:51:32Z', 'closed_at': '2014-01-15T23:30:55Z', 'labels': {'name': 'performance'}}
{'issuenumber': 340, 'title': 'Missing Doc Strings for Classes and Modules', 'state': 'closed', 'created_at': '2013-11-03T02:57:37Z', 'closed_at': '2014-03-25T11:48:06Z', 'labels': {'name': 'bug'}}
{'issuenumber': 339, 'title': "Jedi doesn't support inheritance, does it?", 'state': 'closed', 'created_at': '2013-10-31T17:25:21Z', 'closed_at': '2014-01-14T00:08:57Z', 'labels': {'name': 'discussion'}}
{'issuenumber': 337, 'title': 'Get "fake" source for extension module?', 'state': 'closed', 'created_at': '2013-10-31T10:12:47Z', 'closed_at': '2014-01-13T20:48:00Z', 'labels': {'name': 'feature'}}
{'issuenumber': 336, 'title': 'ImportError when completing python 3 extension modules', 'state': 'closed', 'created_at': '2013-10-30T20:15:01Z', 'closed_at': '2014-02-19T17:58:30Z', 'labels': {'name': 'bug'}}
{'issuenumber': 335, 'title': 'Normal memory usage?', 'state': 'closed', 'created_at': '2013-10-30T17:58:38Z', 'closed_at': '2016-07-17T09:54:12Z', 'labels': {'name': 'discussion'}}
{'issuenumber': 334, 'title': 'Add a mailing list or google group', 'state': 'closed', 'created_at': '2013-10-29T14:15:47Z', 'closed_at': '2014-01-13T23:30:29Z', 'labels': []}
{'issuenumber': 332, 'title': 'Expose the REPL completer object for external use', 'state': 'closed', 'created_at': '2013-10-25T02:27:27Z', 'closed_at': '2013-10-25T03:08:04Z', 'labels': []}
{'issuenumber': 331, 'title': 'Error completing PyQt', 'state': 'closed', 'created_at': '2013-10-22T03:21:32Z', 'closed_at': '2014-02-19T18:10:54Z', 'labels': {'name': 'bug'}}
{'issuenumber': 330, 'title': 'Path coding issues', 'state': 'closed', 'created_at': '2013-10-19T19:27:55Z', 'closed_at': '2014-01-19T14:19:58Z', 'labels': {'name': 'bug'}}
{'issuenumber': 329, 'title': 'question: how to tell jedi to use a local Python environment?', 'state': 'closed', 'created_at': '2013-10-18T11:58:35Z', 'closed_at': '2014-01-14T07:59:30Z', 'labels': {'name': 'discussion'}}
{'issuenumber': 328, 'title': 'call_signature include self with Type Hinting', 'state': 'closed', 'created_at': '2013-10-17T14:14:54Z', 'closed_at': '2014-04-02T20:30:47Z', 'labels': {'name': 'bug'}}
{'issuenumber': 327, 'title': 'jedi should not complete attributes for int literals after dot', 'state': 'closed', 'created_at': '2013-10-11T05:51:01Z', 'closed_at': '2014-04-07T13:54:35Z', 'labels': {'name': 'bug'}}
{'issuenumber': 326, 'title': "Can't find declaration of string.ascii_letters", 'state': 'closed', 'created_at': '2013-10-09T13:39:07Z', 'closed_at': '2014-03-12T09:41:17Z', 'labels': {'name': 'discussion'}}
{'issuenumber': 325, 'title': 'Cleaner way to find a parent of a function', 'state': 'closed', 'created_at': '2013-10-06T21:25:55Z', 'closed_at': '2014-04-02T13:47:50Z', 'labels': {'name': 'feature'}}
{'issuenumber': 324, 'title': 'Provide Base Class Info in goto_definitions', 'state': 'closed', 'created_at': '2013-10-06T11:42:36Z', 'closed_at': '2015-05-06T09:26:35Z', 'labels': {'name': 'feature'}}
{'issuenumber': 322, 'title': 'Kate supports Jedi', 'state': 'closed', 'created_at': '2013-10-04T08:30:47Z', 'closed_at': '2014-03-12T09:39:56Z', 'labels': {'name': 'discussion'}}
{'issuenumber': 320, 'title': 'Sometime not work self unittest completions', 'state': 'closed', 'created_at': '2013-09-27T12:59:25Z', 'closed_at': '2013-09-27T18:18:36Z', 'labels': []}
{'issuenumber': 319, 'title': 'Not right func-hint for decorator', 'state': 'closed', 'created_at': '2013-09-14T12:55:43Z', 'closed_at': '2014-03-13T22:00:24Z', 'labels': {'name': 'bug'}}
{'issuenumber': 318, 'title': "AttributeError: 'Class' object has no attribute 'get_subscope_by_name'", 'state': 'closed', 'created_at': '2013-09-13T03:40:37Z', 'closed_at': '2014-04-09T10:32:50Z', 'labels': {'name': 'bug'}}
{'issuenumber': 317, 'title': 'Web example: deprecated', 'state': 'closed', 'created_at': '2013-09-12T11:08:45Z', 'closed_at': '2014-03-11T13:02:09Z', 'labels': {'name': 'bug'}}
{'issuenumber': 315, 'title': 'goto definitions/assignments wrong for keyword arguments', 'state': 'closed', 'created_at': '2013-09-07T02:35:36Z', 'closed_at': '2014-03-29T15:53:40Z', 'labels': {'name': 'bug'}}
{'issuenumber': 314, 'title': 'Why show "mro"?', 'state': 'closed', 'created_at': '2013-09-01T17:17:34Z', 'closed_at': '2013-09-14T18:58:17Z', 'labels': {'name': 'bug'}}
{'issuenumber': 313, 'title': 'Jedi doesn\'t support `del` (old: Why "c" is in complete list)', 'state': 'closed', 'created_at': '2013-09-01T15:18:33Z', 'closed_at': '2020-01-26T19:08:08Z', 'labels': {'name': 'feature'}}
{'issuenumber': 312, 'title': "Can't complete c.description.", 'state': 'closed', 'created_at': '2013-08-31T20:56:14Z', 'closed_at': '2013-09-14T18:58:17Z', 'labels': {'name': 'bug'}}
{'issuenumber': 311, 'title': 'How to get CallDef of completions?', 'state': 'closed', 'created_at': '2013-08-31T20:20:09Z', 'closed_at': '2013-09-01T04:11:57Z', 'labels': {'name': 'feature'}}
{'issuenumber': 310, 'title': 'Doc about call_signatures', 'state': 'closed', 'created_at': '2013-08-31T20:18:30Z', 'closed_at': '2013-09-14T18:58:17Z', 'labels': {'name': 'bug'}}
{'issuenumber': 309, 'title': 'Can\'t complete "for s in f"', 'state': 'closed', 'created_at': '2013-08-31T19:07:24Z', 'closed_at': '2013-09-14T18:58:17Z', 'labels': {'name': 'bug'}}
{'issuenumber': 308, 'title': "Can't find declaration of str", 'state': 'closed', 'created_at': '2013-08-31T14:22:01Z', 'closed_at': '2013-08-31T14:40:15Z', 'labels': []}
{'issuenumber': 307, 'title': 'How to use additional search dirs?', 'state': 'closed', 'created_at': '2013-08-31T12:27:10Z', 'closed_at': '2014-01-13T23:38:11Z', 'labels': []}
{'issuenumber': 306, 'title': 'Can;t find doc about module_path', 'state': 'closed', 'created_at': '2013-08-31T12:17:44Z', 'closed_at': '2013-09-14T18:58:16Z', 'labels': {'name': 'bug'}}
{'issuenumber': 305, 'title': "Can't find declaration of class var", 'state': 'closed', 'created_at': '2013-08-31T10:51:04Z', 'closed_at': '2013-09-14T18:58:17Z', 'labels': {'name': 'bug'}}
{'issuenumber': 304, 'title': 'Get call-tips for a function?', 'state': 'closed', 'created_at': '2013-08-30T16:47:14Z', 'closed_at': '2014-03-14T00:41:39Z', 'labels': {'name': 'feature'}}
{'issuenumber': 303, 'title': 'Get full path of modulle with id declaration?', 'state': 'closed', 'created_at': '2013-08-30T15:06:40Z', 'closed_at': '2013-08-31T03:36:10Z', 'labels': []}
{'issuenumber': 302, 'title': 'Call few times: different descriptions of "os.path.is...."', 'state': 'closed', 'created_at': '2013-08-30T00:22:30Z', 'closed_at': '2014-03-12T15:42:44Z', 'labels': {'name': 'feature'}}
{'issuenumber': 301, 'title': 'Cannot see attribs of class when defined dinamically', 'state': 'closed', 'created_at': '2013-08-29T23:50:52Z', 'closed_at': '2016-07-30T13:11:00Z', 'labels': {'name': 'feature'}}
{'issuenumber': 300, 'title': 'Description "module" or "import"', 'state': 'closed', 'created_at': '2013-08-29T22:22:33Z', 'closed_at': '2013-08-30T14:35:42Z', 'labels': []}
{'issuenumber': 299, 'title': 'Simple test crashes (modules.py)', 'state': 'closed', 'created_at': '2013-08-29T21:19:48Z', 'closed_at': '2013-08-31T11:13:21Z', 'labels': []}
{'issuenumber': 298, 'title': 'UnboundLocalError with cython extension', 'state': 'closed', 'created_at': '2013-08-26T13:04:07Z', 'closed_at': '2013-08-28T16:14:29Z', 'labels': {'name': 'bug'}}
{'issuenumber': 297, 'title': 'Python REPL does not seem to work properly', 'state': 'closed', 'created_at': '2013-08-22T20:47:20Z', 'closed_at': '2014-04-07T14:18:05Z', 'labels': {'name': 'bug'}}
{'issuenumber': 295, 'title': 'REPL completion just shows dots', 'state': 'closed', 'created_at': '2013-08-18T03:03:08Z', 'closed_at': '2014-04-02T13:56:00Z', 'labels': {'name': 'feature'}}
{'issuenumber': 294, 'title': 'Uniting `builtin.py` and `interpret.py`?', 'state': 'closed', 'created_at': '2013-08-16T06:18:59Z', 'closed_at': '2014-01-13T23:21:30Z', 'labels': {'name': 'discussion'}}
{'issuenumber': 293, 'title': 'REPL completion deletes the line sometimes', 'state': 'closed', 'created_at': '2013-08-15T22:46:43Z', 'closed_at': '2013-08-17T18:45:41Z', 'labels': []}
{'issuenumber': 292, 'title': "REPL completion doesn't complete keyword arguments", 'state': 'closed', 'created_at': '2013-08-15T22:44:09Z', 'closed_at': '2018-03-13T23:15:55Z', 'labels': {'name': 'feature'}}
{'issuenumber': 291, 'title': 'REPL completion should be smarter about from something <TAB>', 'state': 'closed', 'created_at': '2013-08-15T22:42:25Z', 'closed_at': '2014-04-02T16:22:04Z', 'labels': {'name': 'bug'}}
{'issuenumber': 288, 'title': 'Jedi completes hashlib ...incompletely', 'state': 'closed', 'created_at': '2013-08-09T14:10:39Z', 'closed_at': '2013-08-09T19:02:57Z', 'labels': []}
{'issuenumber': 285, 'title': 'IndexError in jedi/api.py', 'state': 'closed', 'created_at': '2013-08-09T11:22:38Z', 'closed_at': '2013-08-17T18:45:40Z', 'labels': {'name': 'bug'}}
{'issuenumber': 283, 'title': "Goto definition doesn't work for some for loops", 'state': 'closed', 'created_at': '2013-08-08T17:34:33Z', 'closed_at': '2013-08-17T18:45:41Z', 'labels': {'name': 'bug'}}
{'issuenumber': 282, 'title': "Jedi doesn't autocomplete openpyxl", 'state': 'closed', 'created_at': '2013-08-07T17:15:45Z', 'closed_at': '2013-08-17T18:58:15Z', 'labels': {'name': 'resolved'}}
{'issuenumber': 279, 'title': 'Look at doctests', 'state': 'closed', 'created_at': '2013-07-28T22:36:15Z', 'closed_at': '2016-07-30T12:23:49Z', 'labels': {'name': 'feature'}}
{'issuenumber': 275, 'title': "AttributeError: 'Import' object has no attribute 'names'", 'state': 'closed', 'created_at': '2013-07-26T00:48:17Z', 'closed_at': '2013-08-06T03:51:07Z', 'labels': {'name': 'bug'}}
{'issuenumber': 274, 'title': "AttributeError: 'NoneType' object has no attribute 'generate_call_path'", 'state': 'closed', 'created_at': '2013-07-25T23:53:18Z', 'closed_at': '2013-08-17T18:45:40Z', 'labels': {'name': 'bug'}}
{'issuenumber': 272, 'title': 'DecoratorNotFound in oauth2client', 'state': 'closed', 'created_at': '2013-07-25T23:30:50Z', 'closed_at': '2013-08-17T18:45:40Z', 'labels': {'name': 'bug'}}
{'issuenumber': 271, 'title': 'PuDB integration in sith.py is broken', 'state': 'closed', 'created_at': '2013-07-25T23:23:09Z', 'closed_at': '2013-08-17T18:56:59Z', 'labels': {'name': 'resolved'}}
{'issuenumber': 269, 'title': "Don't require distribute", 'state': 'closed', 'created_at': '2013-07-24T19:08:16Z', 'closed_at': '2013-08-17T18:45:39Z', 'labels': {'name': 'resolved'}}
{'issuenumber': 262, 'title': 'Use logging instead of jedi.set_debug_function', 'state': 'closed', 'created_at': '2013-07-14T19:41:37Z', 'closed_at': '2013-08-11T10:09:55Z', 'labels': {'name': 'discussion'}}
{'issuenumber': 261, 'title': 'Completions for pyglet.gl are extremely slow', 'state': 'closed', 'created_at': '2013-07-14T09:27:12Z', 'closed_at': '2013-07-15T21:29:38Z', 'labels': []}
{'issuenumber': 259, 'title': 'Docstring standard?', 'state': 'closed', 'created_at': '2013-07-10T12:25:35Z', 'closed_at': '2013-08-11T10:11:16Z', 'labels': {'name': 'discussion'}}
{'issuenumber': 257, 'title': 'Complete pytest', 'state': 'closed', 'created_at': '2013-07-09T18:26:46Z', 'closed_at': '2013-07-10T06:23:42Z', 'labels': {'name': 'bug'}}
{'issuenumber': 256, 'title': 'pypi tarballs are missing files', 'state': 'closed', 'created_at': '2013-07-08T17:46:53Z', 'closed_at': '2013-07-26T13:21:55Z', 'labels': {'name': 'discussion'}}
{'issuenumber': 254, 'title': 'Can Jedi provide location-based context information?', 'state': 'closed', 'created_at': '2013-06-25T22:41:32Z', 'closed_at': '2013-06-25T22:42:37Z', 'labels': []}
{'issuenumber': 253, 'title': 'Can Jedi provide location-based context information?', 'state': 'closed', 'created_at': '2013-06-25T21:52:58Z', 'closed_at': '2019-12-22T16:39:33Z', 'labels': {'name': 'feature'}}
{'issuenumber': 251, 'title': "UnicodeEncodeError: 'ascii' codec can't encode character", 'state': 'closed', 'created_at': '2013-06-21T07:33:21Z', 'closed_at': '2013-07-19T08:45:31Z', 'labels': []}
{'issuenumber': 249, 'title': 'Refactoring: get rid of manual filtering __getattr__.  @safeproperty vs customized __getattribute__ vs ...?', 'state': 'closed', 'created_at': '2013-06-19T15:27:54Z', 'closed_at': '2014-01-15T14:17:58Z', 'labels': {'name': 'discussion'}}
{'issuenumber': 248, 'title': 'Keywords show documentation for __builtin__', 'state': 'closed', 'created_at': '2013-06-18T19:08:58Z', 'closed_at': '2013-08-17T18:45:40Z', 'labels': {'name': 'bug'}}
{'issuenumber': 247, 'title': "AttributeError: Instance <eInstance of <eClass of <Class: partial@5-9>> (var_args: 2)>: Don't touch this (is_generator)! ", 'state': 'closed', 'created_at': '2013-06-18T17:30:54Z', 'closed_at': '2013-08-17T18:45:40Z', 'labels': {'name': 'bug'}}
{'issuenumber': 246, 'title': "UncaughtAttributeError: 'unicode' object has no attribute 'name'", 'state': 'closed', 'created_at': '2013-06-18T06:00:57Z', 'closed_at': '2013-08-17T18:45:39Z', 'labels': {'name': 'bug'}}
{'issuenumber': 245, 'title': 'Handle JSON decode error', 'state': 'closed', 'created_at': '2013-06-16T11:10:38Z', 'closed_at': '2013-08-17T18:45:39Z', 'labels': {'name': 'bug'}}
{'issuenumber': 244, 'title': 'Fix cache_directory documentation for Mac OSX', 'state': 'closed', 'created_at': '2013-06-15T22:44:04Z', 'closed_at': '2013-06-19T13:38:48Z', 'labels': []}
{'issuenumber': 243, 'title': 'Error when the position is between quotes', 'state': 'closed', 'created_at': '2013-06-10T16:56:31Z', 'closed_at': '2013-08-11T10:31:15Z', 'labels': {'name': 'feature'}}
{'issuenumber': 241, 'title': "isinstance dosen't help inside class function.", 'state': 'closed', 'created_at': '2013-06-05T00:08:16Z', 'closed_at': '2014-08-04T00:11:48Z', 'labels': {'name': 'feature'}}
{'issuenumber': 240, 'title': 'AttributeError on gettting call sugnature in numpy.multiarray', 'state': 'closed', 'created_at': '2013-06-04T14:43:59Z', 'closed_at': '2013-08-17T18:45:40Z', 'labels': {'name': 'bug'}}
{'issuenumber': 239, 'title': 'RecursionError when getting completions', 'state': 'closed', 'created_at': '2013-06-02T10:56:27Z', 'closed_at': '2013-07-17T14:16:49Z', 'labels': {'name': 'bug'}}
{'issuenumber': 238, 'title': 'api to get all properties of an object and all methods with signatures efficiently', 'state': 'closed', 'created_at': '2013-06-01T20:23:52Z', 'closed_at': '2014-04-02T09:43:33Z', 'labels': {'name': 'feature'}}
{'issuenumber': 237, 'title': 'IndexError: list index out of range', 'state': 'closed', 'created_at': '2013-05-30T19:38:58Z', 'closed_at': '2013-05-30T19:45:39Z', 'labels': []}
{'issuenumber': 236, 'title': 'Suggestion: automated type checking at debug/test time (Also: Improve documentation about debugging Jedi)', 'state': 'closed', 'created_at': '2013-05-25T21:22:58Z', 'closed_at': '2016-07-17T09:52:22Z', 'labels': {'name': 'discussion'}}
{'issuenumber': 235, 'title': 'kwargs.<COMPLETE> does not work', 'state': 'closed', 'created_at': '2013-05-25T20:33:10Z', 'closed_at': '2013-08-17T18:45:40Z', 'labels': {'name': 'bug'}}
{'issuenumber': 229, 'title': 'Jedi does not complete "import OpenGL.GLUT as g; g."', 'state': 'closed', 'created_at': '2013-05-21T14:49:32Z', 'closed_at': '2013-08-17T18:56:31Z', 'labels': {'name': 'bug'}}
{'issuenumber': 227, 'title': 'Top-level `__init__.py` in the repository?', 'state': 'closed', 'created_at': '2013-05-21T01:36:12Z', 'closed_at': '2013-05-21T07:30:41Z', 'labels': []}
{'issuenumber': 226, 'title': 'Version number in dev branch', 'state': 'closed', 'created_at': '2013-05-19T17:38:02Z', 'closed_at': '2013-08-19T09:51:33Z', 'labels': {'name': 'discussion'}}
{'issuenumber': 225, 'title': 'Request: Add `name` optional argument to Script.goto_definitions/assignments', 'state': 'closed', 'created_at': '2013-05-19T10:16:00Z', 'closed_at': '2020-03-10T07:41:58Z', 'labels': {'name': 'feature'}}
{'issuenumber': 224, 'title': 'Rename Parser.scope to Parser._scope', 'state': 'closed', 'created_at': '2013-05-19T05:11:39Z', 'closed_at': '2013-08-17T18:45:39Z', 'labels': {'name': 'resolved'}}
{'issuenumber': 221, 'title': 'Line number is defined for native (.so) module?', 'state': 'closed', 'created_at': '2013-05-18T21:23:27Z', 'closed_at': '2013-08-17T18:45:41Z', 'labels': {'name': 'discussion'}}
{'issuenumber': 220, 'title': 'Failed test run_goto_definitions', 'state': 'closed', 'created_at': '2013-05-17T17:48:24Z', 'closed_at': '2013-08-17T18:45:41Z', 'labels': {'name': 'bug'}}
{'issuenumber': 218, 'title': 'Definition().definition removed?', 'state': 'closed', 'created_at': '2013-05-15T12:48:42Z', 'closed_at': '2013-05-18T19:28:39Z', 'labels': []}
{'issuenumber': 216, 'title': 'ini files for testing jedi are missing in release version 0.6.0', 'state': 'closed', 'created_at': '2013-05-15T07:14:48Z', 'closed_at': '2013-05-15T10:30:48Z', 'labels': []}
{'issuenumber': 213, 'title': 'Jedi cannot find definition for `from os.path import join`', 'state': 'closed', 'created_at': '2013-05-11T22:57:49Z', 'closed_at': '2013-08-17T18:45:41Z', 'labels': {'name': 'bug'}}
{'issuenumber': 212, 'title': 'Split Plugin API doc', 'state': 'closed', 'created_at': '2013-05-11T09:45:15Z', 'closed_at': '2013-09-14T18:58:16Z', 'labels': {'name': 'next_release'}}
{'issuenumber': 211, 'title': 'Jumpt to definition only gives results from system python when working on python itself.', 'state': 'closed', 'created_at': '2013-05-07T06:11:13Z', 'closed_at': '2013-05-15T06:33:50Z', 'labels': []}
{'issuenumber': 210, 'title': 'Completion failure with a docstring in front of method', 'state': 'closed', 'created_at': '2013-05-03T18:51:20Z', 'closed_at': '2013-05-04T20:03:53Z', 'labels': {'name': 'bug'}}
{'issuenumber': 209, 'title': 'New Release: 0.6', 'state': 'closed', 'created_at': '2013-05-03T17:34:16Z', 'closed_at': '2013-05-14T19:31:21Z', 'labels': []}
{'issuenumber': 207, 'title': 'Problem with math module on Py3.2', 'state': 'closed', 'created_at': '2013-04-27T13:49:21Z', 'closed_at': '2013-05-07T16:39:24Z', 'labels': {'name': 'resolved'}}
{'issuenumber': 206, 'title': 'Drop support for Py2.5', 'state': 'closed', 'created_at': '2013-04-27T13:16:34Z', 'closed_at': '2013-04-27T14:48:16Z', 'labels': {'name': 'discussion'}}
{'issuenumber': 205, 'title': 'Pyflakes errors reported on Jedi codebase', 'state': 'closed', 'created_at': '2013-04-27T04:57:10Z', 'closed_at': '2013-04-27T13:45:26Z', 'labels': []}
{'issuenumber': 201, 'title': 'trying to complete on sys module raises TypeError', 'state': 'closed', 'created_at': '2013-04-16T15:59:41Z', 'closed_at': '2013-04-17T04:24:28Z', 'labels': []}
{'issuenumber': 200, 'title': 'Error with running test.sh script', 'state': 'closed', 'created_at': '2013-04-16T12:19:47Z', 'closed_at': '2013-05-14T19:35:29Z', 'labels': {'name': 'release-discussion'}}
{'issuenumber': 199, 'title': 'Some tests cases failing', 'state': 'closed', 'created_at': '2013-04-11T12:42:50Z', 'closed_at': '2013-04-16T20:48:12Z', 'labels': []}
{'issuenumber': 196, 'title': 'coveralls', 'state': 'closed', 'created_at': '2013-04-10T06:40:45Z', 'closed_at': '2013-05-14T19:00:44Z', 'labels': {'name': 'discussion'}}
{'issuenumber': 195, 'title': "Jedi don't see the __init__.py module", 'state': 'closed', 'created_at': '2013-04-05T09:52:25Z', 'closed_at': '2013-04-05T11:13:19Z', 'labels': []}
{'issuenumber': 194, 'title': 'If you support Python 3, tell it in the setup.py', 'state': 'closed', 'created_at': '2013-04-05T08:03:27Z', 'closed_at': '2013-04-05T09:19:32Z', 'labels': []}
{'issuenumber': 193, 'title': 'Example on frontpage does not work (Vim 7.3, Debian GNU/Linux 7.0)', 'state': 'closed', 'created_at': '2013-04-03T23:20:59Z', 'closed_at': '2013-07-30T05:57:25Z', 'labels': {'name': 'resolved'}}
{'issuenumber': 192, 'title': 'Does not complete mpylayer', 'state': 'closed', 'created_at': '2013-04-02T21:03:41Z', 'closed_at': '2013-05-03T09:57:43Z', 'labels': {'name': 'bug'}}
{'issuenumber': 191, 'title': 'UncaughtAttributeError on completion', 'state': 'closed', 'created_at': '2013-03-28T17:00:04Z', 'closed_at': '2013-05-07T16:39:24Z', 'labels': {'name': 'bug'}}
{'issuenumber': 190, 'title': 'Completion failure in some 3d party libs', 'state': 'closed', 'created_at': '2013-03-28T16:51:10Z', 'closed_at': '2013-05-03T15:23:26Z', 'labels': []}
{'issuenumber': 189, 'title': 'Failing code example on dev', 'state': 'closed', 'created_at': '2013-03-27T11:04:06Z', 'closed_at': '2013-05-03T10:03:38Z', 'labels': []}
{'issuenumber': 188, 'title': 'How about joining up for Python code completion?', 'state': 'closed', 'created_at': '2013-03-25T18:00:20Z', 'closed_at': '2013-03-25T18:03:00Z', 'labels': []}
{'issuenumber': 184, 'title': 'An idea to get rid of the circular import problem: jedi.evaluate.Evaluator class', 'state': 'closed', 'created_at': '2013-03-18T11:02:19Z', 'closed_at': '2013-12-27T01:52:20Z', 'labels': {'name': 'next_release'}}
{'issuenumber': 183, 'title': 'Failing test case: if flow at class level', 'state': 'closed', 'created_at': '2013-03-17T05:23:25Z', 'closed_at': '2013-05-07T16:39:24Z', 'labels': {'name': 'bug'}}
{'issuenumber': 181, 'title': 'Split test_regression.py', 'state': 'closed', 'created_at': '2013-03-16T21:03:30Z', 'closed_at': '2013-08-17T18:45:40Z', 'labels': {'name': 'next_release'}}
{'issuenumber': 170, 'title': 'Use function annotations', 'state': 'closed', 'created_at': '2013-03-14T17:40:04Z', 'closed_at': '2016-07-17T09:49:10Z', 'labels': {'name': 'feature'}}
{'issuenumber': 169, 'title': 'More detailed BaseDefinition.type', 'state': 'closed', 'created_at': '2013-03-14T15:30:40Z', 'closed_at': '2013-05-07T16:39:24Z', 'labels': {'name': 'resolved'}}
{'issuenumber': 163, 'title': 'Get rid of MultiLevel Error stuff', 'state': 'closed', 'created_at': '2013-03-13T20:29:18Z', 'closed_at': '2013-03-13T23:38:51Z', 'labels': []}
{'issuenumber': 162, 'title': 'A failing test case', 'state': 'closed', 'created_at': '2013-03-13T20:23:45Z', 'closed_at': '2013-05-07T16:39:24Z', 'labels': {'name': 'resolved'}}
{'issuenumber': 160, 'title': 'Jedi imports all submodules as actually top-level modules in Python 3', 'state': 'closed', 'created_at': '2013-03-13T14:15:16Z', 'closed_at': '2013-12-27T01:53:11Z', 'labels': {'name': 'next_release'}}
{'issuenumber': 151, 'title': 'Mixing old python omni-completion and jedi', 'state': 'closed', 'created_at': '2013-03-10T12:02:55Z', 'closed_at': '2014-07-22T22:48:22Z', 'labels': {'name': 'feature'}}
{'issuenumber': 150, 'title': 'Statement._parse_statement does not set appropriate Array.end_pos for array containing spaces', 'state': 'closed', 'created_at': '2013-03-10T04:32:16Z', 'closed_at': '2013-05-09T08:43:58Z', 'labels': {'name': 'bug'}}
{'issuenumber': 147, 'title': 'FYI: vbench is a nice tool to track code execution time over revisions', 'state': 'closed', 'created_at': '2013-02-28T20:37:41Z', 'closed_at': '2013-05-03T10:07:08Z', 'labels': []}
{'issuenumber': 138, 'title': 'Non-__doc__ document support', 'state': 'closed', 'created_at': '2013-02-23T16:39:10Z', 'closed_at': '2019-12-22T01:36:18Z', 'labels': {'name': 'feature'}}
{'issuenumber': 137, 'title': 'goto and get_definition do not find definition when the cursor is at the first character of the symbol', 'state': 'closed', 'created_at': '2013-02-22T22:28:02Z', 'closed_at': '2013-05-09T08:43:58Z', 'labels': {'name': 'bug'}}
{'issuenumber': 133, 'title': 'type hinting', 'state': 'closed', 'created_at': '2013-02-15T17:04:10Z', 'closed_at': '2013-02-16T05:58:06Z', 'labels': []}
{'issuenumber': 132, 'title': 'VIM segfault on completing django.db.connection.', 'state': 'closed', 'created_at': '2013-02-14T19:01:13Z', 'closed_at': '2013-02-14T19:13:17Z', 'labels': []}
{'issuenumber': 131, 'title': 'Request: make get_definition work in function parenthesis', 'state': 'closed', 'created_at': '2013-02-13T19:30:31Z', 'closed_at': '2013-05-07T16:39:23Z', 'labels': {'name': 'feature'}}
{'issuenumber': 129, 'title': 'get_definition within function parenthesis causes error', 'state': 'closed', 'created_at': '2013-02-13T12:10:35Z', 'closed_at': '2013-02-13T19:15:08Z', 'labels': []}
{'issuenumber': 127, 'title': 'StopIteration error when parsing incomplete function definition', 'state': 'closed', 'created_at': '2013-02-12T20:19:22Z', 'closed_at': '2013-05-03T15:10:43Z', 'labels': {'name': 'resolved'}}
{'issuenumber': 126, 'title': 'Nested module completion in a builtin module does not work', 'state': 'closed', 'created_at': '2013-02-10T18:13:13Z', 'closed_at': '2013-05-09T08:43:58Z', 'labels': {'name': 'bug'}}
{'issuenumber': 123, 'title': 'Trying to run Jedi on Python version 3.3 ', 'state': 'closed', 'created_at': '2013-02-08T00:37:16Z', 'closed_at': '2013-03-27T18:27:16Z', 'labels': []}
{'issuenumber': 122, 'title': 'Namespace packages are not supported', 'state': 'closed', 'created_at': '2013-02-06T15:21:34Z', 'closed_at': '2018-03-05T00:03:42Z', 'labels': {'name': 'feature'}}
{'issuenumber': 121, 'title': "AttributeError: 'module' object has no attribute 'PyFuzzyParser'", 'state': 'closed', 'created_at': '2013-02-05T12:39:36Z', 'closed_at': '2013-05-03T17:14:08Z', 'labels': {'name': 'bug'}}
{'issuenumber': 117, 'title': 'Decorators that change docstrings are not accounted for', 'state': 'closed', 'created_at': '2013-01-28T01:51:49Z', 'closed_at': '2019-07-21T23:13:56Z', 'labels': {'name': 'feature'}}
{'issuenumber': 116, 'title': 'Using getattr() can confuse jedi', 'state': 'closed', 'created_at': '2013-01-27T16:12:15Z', 'closed_at': '2013-05-07T16:39:24Z', 'labels': {'name': 'bug'}}
{'issuenumber': 114, 'title': 'Install instruction for Arch Linux?', 'state': 'closed', 'created_at': '2013-01-17T08:03:17Z', 'closed_at': '2013-05-07T16:39:23Z', 'labels': {'name': 'release-discussion'}}
{'issuenumber': 113, 'title': 'Very slow completion with module containing namedtuples', 'state': 'closed', 'created_at': '2013-01-14T20:14:22Z', 'closed_at': '2013-05-07T17:31:03Z', 'labels': {'name': 'performance'}}
{'issuenumber': 111, 'title': 'jedi does not autocomplete with "from package import class" syntax, or so it seems.', 'state': 'closed', 'created_at': '2013-01-13T18:24:48Z', 'closed_at': '2013-03-12T21:32:17Z', 'labels': {'name': 'bug'}}
{'issuenumber': 107, 'title': 'Support namedtuples', 'state': 'closed', 'created_at': '2013-01-06T01:30:25Z', 'closed_at': '2014-07-27T09:19:37Z', 'labels': {'name': 'feature'}}
{'issuenumber': 103, 'title': 'Introducing Refactoring', 'state': 'closed', 'created_at': '2012-12-30T22:09:18Z', 'closed_at': '2015-12-28T22:06:04Z', 'labels': {'name': 'feature'}}
{'issuenumber': 102, 'title': 'Request: Instructions for Installing Hooks for Large Packages', 'state': 'closed', 'created_at': '2012-12-30T16:39:03Z', 'closed_at': '2014-02-02T22:14:25Z', 'labels': {'name': 'release-discussion'}}
{'issuenumber': 101, 'title': 'Complete gobject', 'state': 'closed', 'created_at': '2012-12-30T12:37:34Z', 'closed_at': '2012-12-31T00:07:40Z', 'labels': {'name': 'feature'}}
{'issuenumber': 99, 'title': "Idea: Use Sphinx's objects.inv", 'state': 'closed', 'created_at': '2012-12-28T16:00:54Z', 'closed_at': '2012-12-29T20:50:38Z', 'labels': {'name': 'discussion'}}
{'issuenumber': 98, 'title': 'Logo / Mascot', 'state': 'closed', 'created_at': '2012-12-28T15:19:37Z', 'closed_at': '2013-08-11T10:05:01Z', 'labels': {'name': 'discussion'}}
{'issuenumber': 94, 'title': '"IndexError: list index out of range" when calling full_name', 'state': 'closed', 'created_at': '2012-12-27T17:54:12Z', 'closed_at': '2013-01-05T17:47:35Z', 'labels': {'name': 'bug'}}
{'issuenumber': 92, 'title': 'Filter duplicates from completion', 'state': 'closed', 'created_at': '2012-12-27T16:31:07Z', 'closed_at': '2012-12-29T19:10:37Z', 'labels': []}
{'issuenumber': 84, 'title': 'sqlite3 connection has no autocompletions', 'state': 'closed', 'created_at': '2012-12-19T12:37:05Z', 'closed_at': '2012-12-19T22:14:07Z', 'labels': []}
{'issuenumber': 83, 'title': 'Type inference gets confused by item assignment', 'state': 'closed', 'created_at': '2012-12-13T09:10:31Z', 'closed_at': '2012-12-19T22:14:07Z', 'labels': []}
{'issuenumber': 80, 'title': 'Infer types that use similar names (via Reddit)', 'state': 'closed', 'created_at': '2012-12-11T17:28:34Z', 'closed_at': '2014-03-14T11:19:30Z', 'labels': {'name': 'feature'}}
{'issuenumber': 79, 'title': 'Error during pip install', 'state': 'closed', 'created_at': '2012-12-11T06:24:51Z', 'closed_at': '2012-12-12T17:11:58Z', 'labels': []}
{'issuenumber': 78, 'title': 'Private module members are list first in completion', 'state': 'closed', 'created_at': '2012-12-11T05:43:45Z', 'closed_at': '2012-12-11T16:53:44Z', 'labels': []}
{'issuenumber': 77, 'title': 'Error in jedi#goto', 'state': 'closed', 'created_at': '2012-12-04T16:35:22Z', 'closed_at': '2012-12-09T21:45:28Z', 'labels': []}
{'issuenumber': 76, 'title': 'TypeError: slice indices must be integers or None or have an __index__ method', 'state': 'closed', 'created_at': '2012-12-04T13:41:31Z', 'closed_at': '2012-12-04T17:48:40Z', 'labels': []}
{'issuenumber': 75, 'title': "'NoneType' object has no attribute 'rfind'", 'state': 'closed', 'created_at': '2012-12-04T13:40:12Z', 'closed_at': '2012-12-09T21:55:56Z', 'labels': []}
{'issuenumber': 72, 'title': 'pydoc failure on windows', 'state': 'closed', 'created_at': '2012-11-30T05:29:20Z', 'closed_at': '2012-11-30T11:13:57Z', 'labels': []}
{'issuenumber': 71, 'title': 'how to change mapping from <c-space>', 'state': 'closed', 'created_at': '2012-11-26T20:23:52Z', 'closed_at': '2012-12-02T22:41:28Z', 'labels': []}
{'issuenumber': 68, 'title': 'Why re.compile() is interpreted as str?', 'state': 'closed', 'created_at': '2012-11-22T14:29:43Z', 'closed_at': '2012-11-24T01:57:47Z', 'labels': []}
{'issuenumber': 64, 'title': 'No definition found for `from pygments.formatters import TerminalFormatter`', 'state': 'closed', 'created_at': '2012-11-18T22:13:29Z', 'closed_at': '2012-11-18T22:23:22Z', 'labels': []}
{'issuenumber': 63, 'title': '"AttributeError: \'Flow\' object has no attribute \'name\'" at dev head', 'state': 'closed', 'created_at': '2012-11-15T20:26:33Z', 'closed_at': '2012-11-17T22:12:44Z', 'labels': []}
{'issuenumber': 62, 'title': 'Completion for `threading.` fails in dev head', 'state': 'closed', 'created_at': '2012-11-14T21:38:17Z', 'closed_at': '2012-11-17T22:12:28Z', 'labels': []}
{'issuenumber': 61, 'title': 'Request: Definition.fullname', 'state': 'closed', 'created_at': '2012-11-13T20:00:49Z', 'closed_at': '2012-11-18T22:27:45Z', 'labels': {'name': 'feature'}}
{'issuenumber': 60, 'title': 'script.get_definition error in dev head (6a98aaf)', 'state': 'closed', 'created_at': '2012-11-13T19:14:44Z', 'closed_at': '2012-11-14T16:09:31Z', 'labels': {'name': 'bug'}}
{'issuenumber': 59, 'title': 'Script.get_definition for gobject function fails', 'state': 'closed', 'created_at': '2012-11-11T10:00:57Z', 'closed_at': '2012-11-13T10:22:53Z', 'labels': {'name': 'bug'}}
{'issuenumber': 57, 'title': 'Shifted CallDef.index for keyword argument', 'state': 'closed', 'created_at': '2012-11-08T05:42:54Z', 'closed_at': '2012-11-11T01:49:57Z', 'labels': {'name': 'bug'}}
{'issuenumber': 56, 'title': 'Name mangling of private variables', 'state': 'closed', 'created_at': '2012-11-08T05:04:36Z', 'closed_at': '2012-11-22T23:25:28Z', 'labels': {'name': 'feature'}}
{'issuenumber': 54, 'title': 'Follow imports?', 'state': 'closed', 'created_at': '2012-11-03T23:27:01Z', 'closed_at': '2012-12-09T16:58:34Z', 'labels': {'name': 'feature'}}
{'issuenumber': 52, 'title': 'No completion returned when source is passed as an unicode object', 'state': 'closed', 'created_at': '2012-11-02T10:47:04Z', 'closed_at': '2012-11-02T15:08:51Z', 'labels': []}
{'issuenumber': 51, 'title': 'error completing on numpy.array', 'state': 'closed', 'created_at': '2012-11-01T21:36:51Z', 'closed_at': '2012-11-02T17:45:06Z', 'labels': []}
{'issuenumber': 50, 'title': 'python3 import failure', 'state': 'closed', 'created_at': '2012-11-01T16:12:25Z', 'closed_at': '2012-11-04T00:32:43Z', 'labels': []}
{'issuenumber': 49, 'title': 'Default description is too long', 'state': 'closed', 'created_at': '2012-10-30T15:41:00Z', 'closed_at': '2012-11-07T23:48:41Z', 'labels': []}
{'issuenumber': 48, 'title': 'solved, please close this issue.', 'state': 'closed', 'created_at': '2012-10-29T08:49:34Z', 'closed_at': '2012-10-31T13:13:15Z', 'labels': []}
{'issuenumber': 47, 'title': 'Strange 10s delay on __getitem__', 'state': 'closed', 'created_at': '2012-10-28T17:25:36Z', 'closed_at': '2012-11-30T11:26:07Z', 'labels': {'name': 'performance'}}
{'issuenumber': 46, 'title': 'Complete `self` in `for` loop', 'state': 'closed', 'created_at': '2012-10-28T16:24:29Z', 'closed_at': '2012-11-03T17:00:58Z', 'labels': []}
{'issuenumber': 44, 'title': 'Complete requests', 'state': 'closed', 'created_at': '2012-10-26T11:51:12Z', 'closed_at': '2012-11-11T01:56:12Z', 'labels': []}
{'issuenumber': 42, 'title': 'Request: explain why Script.goto/get_definition returns a list in docstring', 'state': 'closed', 'created_at': '2012-10-24T21:36:21Z', 'closed_at': '2012-11-07T17:33:48Z', 'labels': []}
{'issuenumber': 40, 'title': 'Request: Use Sphinx docstring to infer type of function arguments', 'state': 'closed', 'created_at': '2012-10-23T09:04:42Z', 'closed_at': '2012-12-02T22:16:11Z', 'labels': {'name': 'feature'}}
{'issuenumber': 39, 'title': 'Use CLASS information after `if isinstance(object, CLASS)` block', 'state': 'closed', 'created_at': '2012-10-23T08:58:58Z', 'closed_at': '2012-10-23T13:52:24Z', 'labels': {'name': 'feature'}}
{'issuenumber': 38, 'title': 'Clarify how Jedi autocompletes', 'state': 'closed', 'created_at': '2012-10-21T23:36:46Z', 'closed_at': '2012-10-23T14:12:08Z', 'labels': []}
{'issuenumber': 36, 'title': 'Jedi does not care what is in sys.path', 'state': 'closed', 'created_at': '2012-10-20T17:15:56Z', 'closed_at': '2012-11-18T01:34:43Z', 'labels': {'name': 'feature'}}
{'issuenumber': 34, 'title': 'slow in large files', 'state': 'closed', 'created_at': '2012-10-19T19:16:16Z', 'closed_at': '2013-05-09T10:14:28Z', 'labels': {'name': 'performance'}}
{'issuenumber': 32, 'title': 'Request: Make the argument source_path for api.Script optional', 'state': 'closed', 'created_at': '2012-10-19T11:03:45Z', 'closed_at': '2012-10-20T11:57:23Z', 'labels': []}
{'issuenumber': 31, 'title': 'Request: add jedi installation document.', 'state': 'closed', 'created_at': '2012-10-19T10:47:55Z', 'closed_at': '2012-10-19T19:27:14Z', 'labels': []}
{'issuenumber': 30, 'title': 'Request: "Full name" for completion.', 'state': 'closed', 'created_at': '2012-10-16T20:38:07Z', 'closed_at': '2012-10-16T22:06:03Z', 'labels': []}
{'issuenumber': 28, 'title': 'Request: docstrings and Sphinx documentation?', 'state': 'closed', 'created_at': '2012-10-16T20:31:26Z', 'closed_at': '2012-12-27T01:14:31Z', 'labels': {'name': 'feature'}}
{'issuenumber': 27, 'title': 'Jedi for Sublime Text (a start)', 'state': 'closed', 'created_at': '2012-10-16T08:32:16Z', 'closed_at': '2012-10-23T15:16:02Z', 'labels': []}
{'issuenumber': 26, 'title': 'Nested list comprehensions cause parsing error', 'state': 'closed', 'created_at': '2012-10-16T08:10:14Z', 'closed_at': '2012-10-16T11:56:21Z', 'labels': []}
{'issuenumber': 25, 'title': 'meta classes + if + array indexing + setattr completion', 'state': 'closed', 'created_at': '2012-10-02T22:58:09Z', 'closed_at': '2012-10-23T15:14:58Z', 'labels': {'name': 'feature'}}
{'issuenumber': 24, 'title': 'iterators + strings + getattr completion', 'state': 'closed', 'created_at': '2012-10-02T15:08:36Z', 'closed_at': '2014-03-12T15:52:25Z', 'labels': {'name': 'feature'}}
{'issuenumber': 23, 'title': 'imports + getattr completion', 'state': 'closed', 'created_at': '2012-10-02T15:03:29Z', 'closed_at': '2012-10-02T20:58:17Z', 'labels': []}
{'issuenumber': 22, 'title': 'Add Django project root to PYTHONPATH', 'state': 'closed', 'created_at': '2012-10-02T14:47:37Z', 'closed_at': '2012-10-02T15:57:54Z', 'labels': []}
{'issuenumber': 21, 'title': 'Show builtin exceptions after raise', 'state': 'closed', 'created_at': '2012-09-27T20:34:56Z', 'closed_at': '2012-09-28T12:16:50Z', 'labels': []}
{'issuenumber': 20, 'title': 'Renaming bug', 'state': 'closed', 'created_at': '2012-09-18T18:55:27Z', 'closed_at': '2012-09-22T16:31:11Z', 'labels': []}
{'issuenumber': 19, 'title': 'IndexError in jedi#goto', 'state': 'closed', 'created_at': '2012-09-18T17:17:33Z', 'closed_at': '2012-09-22T16:31:11Z', 'labels': []}
